Summarize command line parameter
  VerboseFlag = 1 (default or cmd line)
  Input File  = ../TestStructures/chain01.xyz
Clean up old files
Process input file ../TestStructures/chain01.xyz
  process xyz input file (depreciated)
  ../TestStructures/chain01.mol2 (easier to use file format) found
  process mol2 input file (preferred)
  read input file directly into a CSD object
  standarize bonds
  build supplementary OpenBabel object from mol2 file
  compare the molecular geometries of both objects
    the number of atoms 22 in both objects match
    compare geometries line by line ...
    the geometries of both objects match
Search for functional groups
  Found 1 C#N group(s) in the molecule.
     0  C-17    N-18  
  No ccccccC#N group(s) found.
  No cCl group(s) found.
  No N#N group(s) found.
  No [Fe][N] group(s) found.
  No [Fe][O] group(s) found.
  1 functional group(s) found.
Start the actual QM/MM partioning process
Step 01 - metal center
  1 new atoms found
  Write stp01.xyz
Step 02 - direct neighbours
  2 new atoms found
  Write stp02.xyz
Step 03 - distance based neighbours
  2 new atoms found
  Write stp03.xyz
Step 04 - rings containing neighbours atoms
  1 new atoms found
  Write stp04.xyz
Step 05 - central aromatic rings
  0 new atoms found
  Write stp05.xyz
Step 06 - iterative search for aromatic rings
  0 new atoms found
  Write stp06.xyz
Step 07 - 1 atom links
  0 new atoms found
  Write stp07.xyz
Step 08 - 2 atom links
  0 new atoms found
  Write stp08.xyz
Step 09 - H atoms
  0 new atoms found
  Write stp09.xyz
Step 10 - only MM atoms
  16 new atoms found
  Write stp10.xyz
Combined output:
  QM atoms: 6
  MM atoms: 16
O   1  4
  -2 [Atom(O), Atom(C), Atom(C)]
Hallo
  -2 [Atom(C), Atom(C), Atom(C)]
Hallo
   2 [Atom(C), Atom(C), Atom(C)]
O   1  4
   2 [Atom(O), Atom(C), Atom(O)]
Hallo
  -2 [Atom(O), Atom(C), Atom(C)]
Cl  0  -
   0 []
Cl  0  -
   0 []
Step 10 - conjugated chains
  9 new atoms found
  Write stp10.xyz
