Base directory  : /tmp/tlankau
Res directory   : /tmp/tlankau/Results
max reads       : 2000000 (about 1.5 mio CCDC entries)
max hits        :    5000

Directory for results does NOT exist -> Create
      1  ACOMAG       138  C65 H47 Cl2 Fe1 N9 O14  
      2  ACUMUH       208  C76 H86 B3 Cl12 F12 Fe1 N9 O9  
      3  ADEJOK       155  C58 H82 F6 Fe1 N6 O1 P1 1+  
      4  ADIGAV       122  C51 H60 Cl2 Fe1 N4 O4  
      5  AGEDEV       101  C38 H55 B1 Cl1 Fe1 N1 P4  
      6  AGESOV       113  C38 H68 Fe1 N6  
      7  AGUYUW       127  C53 H34 Cl8 Fe1 N12 O19  
      8  AGUZAD       109  C47 H22 Cl8 Fe1 N12 O19  
      9  AJAXEP       101  C42 H36 Fe1 N10 O2 S10  
     10  AJEFIG       113  C46 H54 Fe1 N2 O4 P2 S4  
     11  AJEFOM       118  C48 H54 Fe1 O6 P3 S6  
     12  AJUROO       149  C53 H82 Cl6 Fe1 Ga2 O3 P2  
     13  AKIHUA       141  C47 H70 F6 Fe1 N6 O7 S4  
     14  AKIWIC       142  C66 H58 Fe1 N7 O10  
     15  ALAREM       124  C55 H58 B2 Fe1 N6 Si2  
     16  ALIKUC       102  C36 H43 Cl1 Fe1 N13 O8 1+  
     17  ALILAJ       107  C36 H43 B2 F8 Fe1 N13 O4  
     18  ALOGUD       175  C99 H69 Fe1 N6  
     19  ALUBOB       111  C48 H41 B2 F8 Fe1 N7 O4  
     20  ALUCES       111  C47 H42 Cl2 Fe1 N6 O13  
     21  ANAVUH       118  C49 H45 B2 Cl3 Fe1 N12 O6  
     22  APEKOY       144  C74 H62 B1 Fe1 N4 P2 1+  
     23  AQAKAE       178  C76 H86 Cl7 Fe1 N8  
     24  AQALAF       141  C63 H62 Cl7 Fe1 N8  
     25  AQIYAA       117  C51 H53 Fe1 N5 O2 P2 S3  
     26  AQIZEF       161  C83 H65 Fe1 N5 O2 P4 S1  
     27  AQODIT       116  C46 H56 Cl1 Fe1 N4 O8  
     28  AQURUC       130  C74 H44 Fe1 N10 P1  
     29  ARAGEH01     101  C36 H39 Cl2 Fe1 N9 O14  
     30  ARECIJ       103  C52 H44 Fe1 N2 O4  
     31  ARECOP       111  C56 H48 Fe1 N2 O4  
     32  AREDEG       174  C78 H86 Fe1 N4 O5  
     33  AROLID       124  C50 H54 Cl7 Fe1 N8 O4  
     34  AROTAE       221  C69 H141 B3 Fe1 N2 O1 P4  
     35  AROVUA       120  C64 H40 F6 Fe1 N8 O1  
     36  ARUQUC       133  C50 H76 B1 Fe1 N3 P2  
     37  ARURAJ       133  C50 H76 B1 Fe1 N3 P2  
     38  ARUZEV       139  C52 H78 B1 Br1 Fe1 N4 P2  
     39  ASALIQ       130  C52 H51 Cl2 Fe1 N15 O9  
     40  ASOHEY       139  C63 H69 Fe1 O6  
     41  AVAZEF       134  C53 H60 Cl2 Fe1 N10 O8  
     42  AVAZIJ       143  C54 H66 Cl4 Fe1 N10 O8  
     43  AVEDUC       121  C50 H52 B2 Fe1 N10 O6  
     44  AWETUU       115  C60 H49 Br1 Fe1 P4  
     45  AXEHOC       105  C30 H45 Fe1 O27 S2 1+  
     46  AXUHEG       108  C33 H58 B1 Fe1 N13 O2 1+  
     47  AXUNEP       102  C41 H39 F6 Fe1 N5 O8 S2  
     48  AYEWOQ       108  C46 H46 Cl2 F6 Fe1 N1 O3 P3  
     49  AYIXOY       125  C51 H63 B1 Br1 Fe1 N5 O1 P2  
     50  AYUNUD       100  C30 H49 F12 Fe1 N5 O1 P2  
     51  AZOQOV       317  C131 H120 Fe11 N13 O42  
     52  BAJJUS       131  C36 H80 Cl2 Fe1 O8 P4  
     53  BAJKED       131  C36 H80 Cl2 Fe1 O8 P4  
     54  BAJKIH       131  C36 H80 Br2 Fe1 O8 P4  
     55  BALTIS       100  C45 H45 Fe1 N1 O6 P2  
     56  BAPGOP       124  C38 H56 Cl3 Fe1 N12 O14  
     57  BAVHEL       103  C52 H44 Br2 Fe1 P4  
     58  BAVZED       103  C52 H44 Cl2 Fe1 P4  
     59  BAXJUI       131  C48 H63 B2 F8 Fe1 N9  
     60  BECQOQ       317  C106 H136 Cl20 Fe10 N8 O37  
     61  BEDLIG       139  C48 H78 Fe1 N8 O4  
     62  BEJFOO       119  C51 H56 Br2 Fe1 N8 O1  
     63  BEJFUU       187  C85 H88 B2 Fe1 N10 O1  
     64  BELRUJ       117  C48 H63 Fe1 N3 P2  
     65  BERTAT       104  C41 H46 B2 Cl2 Fe1 N8 O4  
     66  BIHKUY       120  C41 H61 Fe1 N4 O13  
     67  BINZUT       122  C45 H69 B1 Fe1 P4 S2  
     68  BINZUW       148  C75 H64 B2 Fe1 N6  
     69  BINZUW01     148  C75 H64 B2 Fe1 N6  
     70  BITPFE       137  C68 H62 Fe1 N6  
     71  BIWTOT       147  C50 H70 F6 Fe1 N10 O8 S2  
     72  BOCKIQ       139  C59 H51 B2 Cl2 F8 Fe1 N15 O1  
     73  BODFUX       179  C90 H79 B2 Fe1 N7  
     74  BOFFOS       157  C42 H78 Fe1 K3 O33  
     75  BONGOB       104  C56 H36 Cl2 Fe1 N8 P1  
     76  BONGOB01     104  C56 H36 Cl2 Fe1 N8 P1  
     77  BONGUH       104  C56 H36 Br2 Fe1 N8 P1  
     78  BONGUH01     104  C56 H36 Br2 Fe1 N8 P1  
     79  BONHAO       128  C68 H46 Cl2 Fe1 N9 P2  
     80  BONZUA       113  C38 H47 F2 Fe1 N6 O19  
     81  BOPMUO01     173  C41 H92 Fe1 N9 O30  
     82  BPBPFE       102  C40 H33 Cl4 Fe1 N8 O16  
     83  BTCFEB       103  C33 H60 Fe1 N3 S6  
     84  BUBMET       115  C32 H54 F2 Fe1 N6 O19 S1  
     85  BUJQUU       124  C43 H74 Fe1 N6  
     86  BUKDUH       103  C44 H35 B2 F8 Fe1 N13  
     87  BULKUP       157  C54 H68 Fe1 N22 O11 S1  
     88  BULLAW       151  C54 H64 Fe1 N22 O9 S1  
     89  BUQVUF       108  C35 H54 Fe1 N4 O10 P4  
     90  BUTHOO       105  C34 H46 F6 Fe1 N8 O8 S2  
     91  BUVTIW       118  C60 H46 Fe1 N5 O2 P2 S2  
     92  BUWLUC       147  (C33 H52 Fe1 N10 O37 Pr4 2+)n  
     93  BUWMAJ       149  (C34 H52 Fe1 N10 Nd4 O36 2+)n  
     94  BUXTAQ       106  C36 H50 B1 F4 Fe1 N14 1+  
     95  CAHNIM       152  C76 H40 B1 F28 Fe1 N4 O2  
     96  CAJFEZ       142  C63 H69 B2 Fe1 N6 S1  
     97  CAKDAV       107  C39 H61 Fe1 N2 O4  
     98  CAKDAV01     107  C39 H61 Fe1 N2 O4  
     99  CAPRIV       177  C65 H92 Cl2 Fe1 N6 O11  
    100  CAWNEV       124  C66 H44 F6 Fe1 N4 O2 Sb1  
    101  CAZZOV       101  C50 H32 Fe1 N18  
    102  CEDNAE       124  C62 H49 Fe1 N7 O3 P2 1-  
    103  CEHVIX       183  C80 H76 Fe1 N20 O6  
    104  CELWIZ       177  C77 H82 Fe1 K1 N10 O6  
    105  CEPIFE       123  C46 H59 Cl2 Fe1 N2 O10 P3  
    106  CEPPOG       125  C45 H55 Fe1 N9 O12 S3  
    107  CEPZOM       166  C87 H70 B2 Fe1 N6  
    108  CERZII       126  C54 H58 B1 Fe1 N8 O4  
    109  CERZOO       140  C60 H66 B1 Fe1 N8 O4  
    110  CESGOW       135  C54 H65 B1 Fe1 N6 O7 P1  
    111  CETNAR       174  C72 H45 Fe1 N1 O15 S40  
    112  CETNEV       118  C45 H30 Fe1 O18 S24  
    113  CETRUP       129  C51 H60 Cl3 Fe1 N10 O4  
    114  CETWIH       118  C37 H57 Fe1 N8 O15  
    115  CEVQOK       243  C56 H136 Cl8 Fe14 N1 O28 1-  
    116  CEVXOT       113  C60 H36 Fe1 N14 S2  
    117  CEVXOT01     113  C60 H36 Fe1 N14 S2  
    118  CEWKIY       118  C47 H63 B1 Fe1 N2 O2 P2  
    119  CEWKIY10     118  C47 H63 B1 Fe1 N2 O2 P2  
    120  CICNEH       109  C52 H50 Fe1 N6  
    121  CICQAG       111  C58 H46 Fe1 N6  
    122  CICQEK       117  C60 H50 Fe1 N6  
    123  CICRIR       103  (C38 H44 Fe1 N10 O4 S2)n  
    124  CIGCOL       203  C56 H79 Cl8 Fe14 N21 O25  
    125  CITQII       101  C37 H56 Fe1 N4 P2 Si1  
    126  CIXTUA       116  C49 H53 B1 Br4 Fe1 N5 O3  
    127  CLPEFE       113  C55 H50 Cl2 Fe1 O1 P4  
    128  CLPEFE10     113  C55 H50 Cl2 Fe1 O1 P4  
    129  CLPPFE       153  C71 H72 Cl2 Fe1 O1 P6  
    130  CLPPFE10     153  C71 H72 Cl2 Fe1 O1 P6  
    131  COGBEG       118  (C41 H59 Fe1 N5 Na2 O2)n  
    132  COJPOI       128  C44 H70 Fe1 N3 O10  
    133  COTGAT       134  C63 H51 Fe1 N5 O12 U2  
    134  COTZUH       152  C72 H70 B2 Fe1 N6 O1  
    135  COWNIM       109  C82 H22 Fe1 N4  
    136  COZZAV       210  C92 H100 Fe1 N12 O4 S1  
    137  CUCPUM       140  C52 H70 Fe1 N6 O5 P2 S4  
    138  CUDKOE       209  C56 H77 Fe10 N15 O51  
    139  CUHMIE       134  C53 H69 Fe1 O1 P2 S4 Si4  
    140  CUJHOE       144  C43 H72 Fe1 N10 O18  
    141  CUQFUP       154  C72 H68 Fe1 Na3 O10  
    142  CUQGAW       184  C84 H84 Fe1 Li3 O12  
    143  CUSWUK       105  C40 H52 Fe1 N12  
    144  CUVXAV       110  C37 H65 B1 Fe1 N2 O2 P2  
    145  CUVXEZ       107  C35 H65 B1 Fe1 N2 O1 P2  
    146  DABHOD       102  C46 H48 B1 Fe1 N4 O2  
    147  DAGJOO       144  C44 H78 F6 Fe1 N4 O6 S2 Si3  
    148  DAJHED       125  C49 H54 Cl2 Fe1 N8 O11  
    149  DAKJUU       110  C51 H48 B1 Fe1 N4 O5  
    150  DAKWAQ       107  C48 H48 B1 Fe1 N8 P1  
    151  DALNUD       100  C43 H39 B2 F2 Fe1 N11 O2  
    152  DANTES       297  C98 H136 Fe12 N10 O41  
    153  DAQHIQ       106  C32 H47 Cl2 F6 Fe1 N7 O7 P2 S2  
    154  DAQHUC01     101  C40 H47 B1 F4 Fe1 N6 P2  
    155  DASFEB       117  C48 H58 As4 B1 Fe1 N2 O2 S1  
    156  DAXCEM       350  C78 H148 Eu3 Fe12 N12 O97 1-  
    157  DEDTFE10     121  C49 H52 Fe1 O12 P1 S6 1-  
    158  DEFNAH       104  C50 H45 B1 Fe1 N4 O3  
    159  DEFNUX       130  C70 H46 Fe1 N11 P2  
    160  DEGREN       133  C60 H55 Cl2 F6 Fe1 N2 O2 P5  
    161  DEPMUJ       140  C48 H60 F18 Fe1 O12 Sn1  
    162  DEQPAT       108  C60 H40 Br2 Fe1 N4 P1  
    163  DEQPAT01     108  C60 H40 Br2 Fe1 N4 P1  
    164  DERSUS       153  C38 H82 Fe1 N29 O3  
    165  DETBEJ       108  C50 H50 B1 Fe1 N4 O2  
    166  DEXMEZ       110  C30 H54 Fe1 N2 O18 P4 S1  
    167  DEXXEM       229  C108 H100 B2 Fe1 N18  
    168  DISWEI       105  C46 H34 Br2 F12 Fe1 N8 P2  
    169  DISWIM       107  C42 H32 Br2 Cl1 F6 Fe1 N18 O4 P1  
    170  DISWOS       103  C44 H33 Br2 Cl2 Fe1 N13 O8  
    171  DOMREF       104  C39 H55 Fe1 N7 Si2  
    172  DOPQOQ       190  C90 H78 Fe1 O18 P3  
    173  DOQRAC       142  C63 H70 B2 Fe1 N6  
    174  DOQRAC01     142  C63 H70 B2 Fe1 N6  
    175  DOXGAY       149  C49 H81 B1 Fe1 O13 P4  
    176  DOXLUA       125  C57 H54 F3 Fe1 N2 O3 P4 S1 1+  
    177  DOXVEU       348  C108 H128 B8 Fe14 N72 O12 S6  
    178  DOXVEU01     348  C108 H128 B8 Fe14 N72 O12 S6  
    179  DOXVEU02     348  C108 H128 B8 Fe14 N72 O12 S6  
    180  DOYHEG       105  C59 H12 F25 Fe1 N6 O2  
    181  DUBSUR       163  C72 H76 B2 Fe1 N12  
    182  DUCYAB       107  C36 H60 As2 Fe1 N4 O4  
    183  DUDSAZ       158  C57 H81 B2 F8 Fe1 N9  
    184  DUGPIF       104  C31 H52 Fe1 K2 N4 O14  
    185  DUJTAF       199  C55 H80 Cl8 Fe14 N18 O24  
    186  DULCOF       169  C78 H78 B2 Fe1 N6 S4  
    187  DUXBIJ       129  C51 H65 Cl4 Fe1 N8  
    188  DUZJAM       183  C76 H98 Fe1 N2 O2 P4  
    189  ECAVIP       737  C246 H383 Cl3 Fe1 N51 Na1 O52  
    190  ECOHOT       104  C47 H48 B1 Fe1 N6 O1 1+  
    191  ECOWAV       112  C34 H64 B1 Fe1 N11 O1  
    192  ECUBAH       101  C52 H12 Cl8 F20 Fe1 N8  
    193  EDIFAB       112  C39 H64 Fe1 N6 Si2  
    194  EFILUD       111  C36 H48 F6 Fe1 N12 O6 S2  
    195  EGICAZ       100  C51 H35 Fe1 N6 O6 P1  
    196  EGICAZ01     100  C51 H35 Fe1 N6 O6 P1  
    197  EGICAZ02     100  C51 H35 Fe1 N6 O6 P1  
    198  EGICAZ03     100  C51 H35 Fe1 N6 O6 P1  
    199  EGIPOC       381  C134 H222 B2 F8 Fe1 N10 O4  
    200  EHOPIA       104  C33 H50 Fe1 N14 O6 2+  
    201  EHULEA       109  C35 H51 Cl2 F6 Fe1 N5 O6 S2 Si1  
    202  EJIYIG       124  C43 H76 Fe1 N4  
    203  EJODUE       107  C46 H42 B2 F2 Fe1 N8 O6  
    204  EJOJUI       123  C62 H48 B1 Fe1 N8 O3  
    205  EJUJIF       103  C46 H34 F12 Fe1 N6 O2 P2  
    206  EKAHIK       104  C46 H46 Fe1 N8 O3  
    207  EKETOE       115  C54 H42 B2 F2 Fe1 N6 O6 S2  
    208  EMULUT       108  C53 H49 Fe1 N1 P4  
    209  ENAYUO       143  C53 H68 B11 Fe1 Ge1 N6 P3  
    210  EPAYEB       157  (C50 H76 Cl1 Fe1 N10 O13 S2 1+)n  
    211  EPAYOL       170  (C54 H84 Cl1 Fe1 N10 O14 S2 1+)n  
    212  EPIQAY       113  C54 H44 B2 Fe1 N12  
    213  EQICOZ       273  C103 H120 Dy6 Fe1 N1 O42  
    214  EQOWAK       119  C50 H44 F6 Fe1 N3 O9 P3 S2 Si1  
    215  ERIMEZ02     134  C74 H50 Fe1 N7 P2  
    216  ERUPEP       100  C37 H53 B1 Cl1 Fe1 N4 O2 S1  
    217  ERUXIB       104  C38 H43 B2 F6 Fe1 N13 P1 1+  
    218  ESAMEQ       138  C42 H77 Cl2 Fe1 N8 O6 S2  
    219  ETIROR       209  C102 H88 Fe1 N8 O10  
    220  ETUKOW       191  C88 H78 Fe1 N18 O6  
    221  EURFEC       126  C30 H72 Cl1 Fe1 N12 O10 1+  
    222  EVINAZ       137  (C48 H54 Cl1 Fe1 N24 O7 1+)n  
    223  EWURUL       101  C52 H12 Br8 F20 Fe1 N8  
    224  EWUSAS       107  C54 H16 Br8 F20 Fe1 N8  
    225  FACCES       117  C34 H70 Fe1 O8 P4  
    226  FACGOI       131  C64 H56 Cl4 Fe1 N6  
    227  FAFGID       128  C50 H59 Fe1 N6 O12  
    228  FAJSUH       114  C40 H46 Fe1 N10 O17  
    229  FALWIY       175  C60 H60 Fe10 N3 O36 Tl6 3-  
    230  FAMQUF       491  C183 H229 Fe11 O68  
    231  FANQUI       137  C56 H18 B2 F42 Fe1 N6 O6 S6  
    232  FAPCIL       214  C66 H100 Fe10 N1 O37 1+  
    233  FAPKOZ       111  C54 H52 Fe1 P4  
    234  FAPSAT       133  C64 H62 Fe1 N2 P4  
    235  FARYUU       123  C57 H52 Fe1 N7 O4 P2  
    236  FARZAB       130  C63 H54 Fe1 N7 O3 P2  
    237  FAYWEI       107  C47 H49 Fe1 N8 O2  
    238  FECHUQ       124  C48 H67 B1 Fe1 N2 O3 P2  
    239  FEDFED       116  C38 H53 Cl3 F3 Fe1 N8 O3 S7 1+  
    240  FEFCEB       107  C37 H44 B1 Cl2 F4 Fe1 N18 1+  
    241  FEHJUA       129  C56 H36 B1 Cl4 F24 Fe1 N3 O3 S1  
    242  FEHPPE01     115  C40 H62 Fe1 O8 P4  
    243  FEHPPE10     115  C40 H62 Fe1 O8 P4  
    244  FEJCEC       117  C47 H53 Cl6 Fe1 N6 O4  
    245  FEKJOX       220  C101 H104 B2 Cl2 Fe1 N10  
    246  FEKPUG       166  C81 H78 B1 Fe1 P5  
    247  FEMCUX       167  C70 H78 B2 F2 Fe1 N6 O7 S1  
    248  FEMDEI       139  C66 H54 B2 F2 Fe1 N6 O6 S2  
    249  FEMFUB       102  C46 H40 Fe1 N11 O4  
    250  FEMQIX       106  C56 H42 Fe1 N6 O1  
    251  FEMYAA       110  C38 H49 Cl4 Fe1 N12 O6  
    252  FENDUY       300  C126 H107 Fe12 N13 O42  
    253  FENGAJ       108  C49 H34 Cl4 Fe1 N12 O8  
    254  FEPAST10     105  C44 H36 Fe1 N6 O16 Sb2  
    255  FERGIS       115  C54 H40 B2 Fe1 N6 O6 S6  
    256  FERWIK       104  C52 H40 F3 Fe1 N5 O3  
    257  FEWVUY       100  C50 H40 B1 Fe1 N6 O2  
    258  FEWXAG       122  C56 H50 Cl1 Fe1 N8 O6  
    259  FEYZIV       110  (C32 H52 Cl1 Fe1 N16 O4 1+)n  
    260  FEYZIV01     110  (C32 H52 Cl1 Fe1 N16 O4 1+)n  
    261  FEYZIV02     110  (C32 H52 Cl1 Fe1 N16 O4 1+)n  
    262  FEYZIV03     110  (C32 H52 Cl1 Fe1 N16 O4 1+)n  
    263  FEYZIV04     110  (C32 H52 Cl1 Fe1 N16 O4 1+)n  
    264  FEYZIV05     110  (C32 H52 Cl1 Fe1 N16 O4 1+)n  
    265  FEYZIV06     110  (C32 H52 Cl1 Fe1 N16 O4 1+)n  
    266  FEZDIA       118  C57 H29 F12 Fe1 I6 N6 O7  
    267  FICYOJ       165  C83 H63 Fe1 N15 O1 Se2  
    268  FIDNUE       173  C80 H80 B1 Fe1 N3 O2 P6  
    269  FIKYOP       128  C57 H56 Fe1 N7 O5 P2  
    270  FILFEM       122  C56 H58 B1 Fe1 N4 O2  
    271  FILFUF       104  C31 H47 F12 Fe1 N11 P2  
    272  FILSAU       135  C62 H52 F6 Fe1 N8 O5 Sb1  
    273  FINXOR       148  (C60 H56 Fe1 N22 O4 Se2)n  
    274  FINXUX       148  (C60 H56 Fe1 N22 O4 S2)n  
    275  FISKAW       126  C45 H69 Fe1 N8 P1 Si2  
    276  FISVEM       146  C71 H63 Fe1 N9 P2  
    277  FITQEH       148  C71 H66 B2 Fe1 N8  
    278  FIWPAD       119  C62 H40 Fe1 N14 O2  
    279  FIWPAD02     113  C61 H36 Fe1 N14 O1  
    280  FIWXEP       115  C52 H48 B2 Fe1 N12  
    281  FOHKIZ       121  C44 H41 Fe1 N11 O20 S4 2-  
    282  FOHKIZ01     121  C44 H41 Fe1 N11 O20 S4 2-  
    283  FOHNAS       165  C70 H76 Cl1 Fe1 K1 N10 O6  
    284  FOJTAC03     113  (C33 H52 F3 Fe1 N16 O3 S1 1+)n  
    285  FOJTAC07     113  (C33 H52 F3 Fe1 N16 O3 S1 1+)n  
    286  FOKZIR       102  C44 H45 B1 Fe1 N10 P1  
    287  FONKUQ       127  C62 H42 F6 Fe1 N6 O8 S2  
    288  FONWOW       101  C39 H55 B1 Fe1 N2 O1 P2  
    289  FOPSAG       184  C66 H102 B1 Br1 Fe1 N6 O3 P4  
    290  FOPSEK       115  C50 H49 B1 Cl1 F4 Fe1 N6 P3  
    291  FOPWUE       126  C37 H72 B1 F4 Fe1 N6 O1 P4 1+  
    292  FOQLUV       114  C43 H62 B2 Fe1 N4 P2  
    293  FOSRUD       109  C42 H54 Fe1 N8 O2 S2  
    294  FOSRUD01     109  C42 H54 Fe1 N8 O2 S2  
    295  FOSRUD05     109  C42 H54 Fe1 N8 O2 S2  
    296  FOTLAC       121  C48 H63 Fe1 N4 O5  
    297  FOYXOI       125  C54 H56 B1 Fe1 N6 O7  
    298  FOYXOI01     125  C54 H56 B1 Fe1 N6 O7  
    299  FUBJAP       125  C54 H56 B1 Fe1 N6 O7  
    300  FUBJAP01     125  C54 H56 B1 Fe1 N6 O7  
    301  FUFJAS       131  C58 H45 B2 F8 Fe1 N17  
    302  FULXER       125  C48 H54 Cl2 Fe1 N12 O8  
    303  FURPEO       255  C106 H120 Cl4 Fe1 K2 N10 O12  
    304  FUSXEZ       108  C42 H46 Fe1 N6 O11 S2  
    305  FUTDOO       117  C40 H51 As3 Fe1 N9 O7 S6  
    306  GABJOK       114  C50 H46 Cl1 F6 Fe1 N8 O1 P1  
    307  GAHJEG       118  C42 H67 B1 Cl1 Fe1 P5 Si1  
    308  GAKBEB       108  C36 H55 Fe1 N9 O5 P1 S1  
    309  GAKTUI       153  C72 H66 Cl2 Fe1 N6 S6 1+  
    310  GALVIC       140  C54 H52 Fe1 K1 N16 O16  
    311  GAMKEO       114  C49 H42 F6 Fe1 N6 O6 P2 S2  
    312  GAYCAM       103  C41 H34 B2 F8 Fe1 N12 O5  
    313  GEDFIE       106  C40 H58 B1 Fe1 N2 P4 1+  
    314  GEFDOL       206  C60 H85 Fe11 N6 O44  
    315  GELNEQ       114  C55 H47 Cl1 Fe1 N4 O4 P2  
    316  GEMFEN       114  C39 H67 Al1 Fe1 N3 P3  
    317  GEMFIR       111  C38 H65 Al1 Fe1 N3 P3  
    318  GEMFUD       114  C39 H67 Al1 Fe1 N3 P3  
    319  GETSAC01     106  C43 H38 Cl4 Fe1 N12 O8  
    320  GETVAF       106  C43 H38 B2 Cl2 F8 Fe1 N12  
    321  GETVAF01     106  C43 H38 B2 Cl2 F8 Fe1 N12  
    322  GICRIX       110  C39 H48 B1 F15 Fe1 O2 P4  
    323  GICROD       146  C57 H66 Al1 F15 Fe1 O2 P4  
    324  GIFJAG       117  C60 H50 Fe1 N4 P2  
    325  GIGGUA       103  C30 H48 F12 Fe1 N10 P2  
    326  GIGGUA01     103  C30 H48 F12 Fe1 N10 P2  
    327  GIGGUA02     103  C30 H48 F12 Fe1 N10 P2  
    328  GIGGUA03     103  C30 H48 F12 Fe1 N10 P2  
    329  GIGGUA07     103  C30 H48 F12 Fe1 N10 P2  
    330  GIGGUA09     103  C30 H48 F12 Fe1 N10 P2  
    331  GISJUR       107  C54 H42 Cl4 Fe1 N6  
    332  GITYUE       126  C52 H60 B1 Fe1 N8 O4 1+  
    333  GIXBAQ       111  C38 H50 Fe1 N14 Na2 O6 1+  
    334  GIXGUS       174  C57 H90 F6 Fe1 N4 O14 S2  
    335  GOCDOR       126  C64 H54 Fe1 I1 N2 P4 1+  
    336  GOCVOL       298  C120 H76 Dy4 Fe12 O62 S24  
    337  GOCVUR       298  C120 H76 Fe12 Gd4 O62 S24  
    338  GOGSAZ       197  C96 H57 Fe1 N30 O12 S1 1+  
    339  GOGSAZ01     197  C96 H57 Fe1 N30 O12 S1 1+  
    340  GOJZIP       102  C45 H45 Fe1 N10 P1  
    341  GOKYEN       100  C35 H48 Cl8 Fe1 N2 S6  
    342  GOPJAY       133  C51 H32 Cl12 Fe1 O13 S24  
    343  GOPJEC       179  C68 H48 Cl6 Fe1 O16 S40 1+  
    344  GOWSAP       110  C48 H40 Fe1 N16 Na1 O4 1+  
    345  GUCZEM       112  C44 H51 F3 Fe1 N8 O4 S1  
    346  GUDYUZ       161  C75 H64 B11 Br6 Fe1 N4  
    347  GUKMOP       125  C48 H53 F6 Fe1 N13 O3 P1 1+  
    348  GUMJAC       112  C46 H39 Fe1 N9 O17 1+  
    349  GUMJEG       109  C46 H37 Fe1 N9 O16 1+  
    350  GUMJIK       120  C46 H46 Fe1 N8 O19 1+  
    351  GUMJOQ       112  C46 H40 Fe1 N8 O17 1+  
    352  GUMJUW       103  C40 H38 Fe1 N8 O16 1+  
    353  HADZAO       103  C53 H40 Fe1 N6 O1 P2  
    354  HADZAO01     103  C53 H40 Fe1 N6 O1 P2  
    355  HAFHUS       114  C54 H51 Cl2 Fe1 N1 P4 Se1  
    356  HAFJUX       107  C48 H52 Fe1 N2 O3 Si1  
    357  HAFKAE       110  C49 H54 Fe1 N2 O3 Si1  
    358  HAFKIM       114  C47 H60 Fe1 N2 O3 Si1  
    359  HAFKOS       106  C49 H50 Fe1 N2 O3 Si1  
    360  HAFKUY       109  C48 H54 Fe1 N2 O3 Si1  
    361  HAJYOG       113  C38 H62 B1 Fe1 N9 O2  
    362  HATJAP       102  C29 H32 Fe1 Gd1 N14 O25  
    363  HAZPAD       119  C48 H60 Fe1 N6 O4  
    364  HAZPAD02     119  C48 H60 Fe1 N6 O4  
    365  HAZPAD04     119  C48 H60 Fe1 N6 O4  
    366  HAZRAE       134  C45 H61 Cl2 F6 Fe1 N11 O6 S2  
    367  HAZYAI       115  C47 H51 Fe1 N11 O5  
    368  HEBPOT       114  C40 H60 Fe1 N4 O3 P2 S4  
    369  HECBUO       125  C48 H44 Cl2 Fe1 N12 O18  
    370  HENGOX       101  C41 H39 Cl2 Fe1 N7 O11  
    371  HEYMIL       104  C36 H40 F6 Fe1 N8 O11 S2  
    372  HIFCAD       163  C68 H77 Br1 Fe1 N8 O8  
    373  HIGQEV       110  C50 H51 B1 Fe1 N2 O1 P4  
    374  HIKGEQ       107  C44 H42 Cl2 Fe1 N10 O8  
    375  HIMPOI       112  C42 H63 Fe1 N2 O4  
    376  HISCUH01     134  C60 H60 Cl1 Fe1 N4 O8  
    377  HISYIS01     106  (C24 H40 Cl1 Fe1 N32 O4 1+)n  
    378  HIVGAU       146  C64 H64 Fe1 N10 O7  
    379  HIVMIL       156  C56 H82 Fe1 N8 O9  
    380  HIWMAE       157  C59 H89 Fe1 N2 O3 P1 Si2  
    381  HIXDUQ       134  C53 H64 Fe1 N11 O5  
    382  HIXSEN       116  C49 H47 B2 Cl3 F8 Fe1 N4 P2  
    383  HOBKAN       172  C66 H76 Cl2 Fe1 N10 O17  
    384  HOJSAC       153  C61 H65 F6 Fe1 N5 O11 S4  
    385  HOLBOB       151  C61 H61 B1 Cl3 F4 Fe1 N20 1+  
    386  HOLBUH       152  C62 H63 B1 F4 Fe1 N21 1+  
    387  HOLCES       146  C60 H60 B1 F4 Fe1 N20 1+  
    388  HONWUD       344  C93 H169 Fe10 N9 O50 P13  
    389  HONZEQ       111  C46 H47 B2 F8 Fe1 N5 P2  
    390  HONZOA       104  C45 H42 B2 F8 Fe1 N4 P2  
    391  HONZUG       130  C52 H55 B3 F12 Fe1 N5 P2 1-  
    392  HOPBAQ       121  C56 H48 B2 F8 Fe1 N4 P2  
    393  HOVMAG       104  C45 H50 B1 Fe1 N4 O1 S2  
    394  HOVVIY       102  C46 H44 B1 F4 Fe1 N4 P2 1+  
    395  HOXXEZ       127  C58 H60 Fe1 N6 S2  
    396  HOYFEJ       210  C82 H100 Fe1 K1 N12 O14  
    397  HUCDOB       124  C44 H60 Cl6 Fe1 N9 O4  
    398  HUDLIB       103  C52 H40 Fe1 O8 P2  
    399  HUJVIT       176  C78 H79 Fe1 N14 O4  
    400  HUKTIT       101  C46 H36 Cl2 Fe1 N8 O8  
    401  HUNBIB       183  (C20 H46 As12 Fe13 N6 O68 2-)n  
    402  HUNCAW       146  C65 H51 B2 F8 Fe1 N13 O6  
    403  HUNNAH       117  C38 H62 Cl2 Fe1 N6 O8  
    404  HUQQIV       198  C73 H92 F3 Fe1 K1 N4 O23 S1 1+  
    405  HUQZEB01     100  (C43 H34 Fe1 N6 O8 S2 Se2)n  
    406  HUTCIK       101  C36 H46 B2 Fe1 N6 O10  
    407  HUTCOQ       101  C36 H46 B2 Fe1 N6 O10  
    408  IBAWEO       256  C75 H121 B2 Cl9 Fe1 N12 O24 S6 Si6  
    409  IBETUF       107  C50 H36 B2 F2 Fe1 N8 O6 S2  
    410  IBODEK       141  C56 H76 Fe1 N2 O6  
    411  ICIVUP       166  C62 H90 Fe1 K1 N2 O8 P2  
    412  ICOZAC       447  C117 H273 Fe15 O42  
    413  IDADEY       124  C43 H71 B1 Fe1 N2 Na1 O1 P3 Si1  
    414  IDAVIV       116  C54 H51 B1 Fe1 N2 O3 P4  
    415  IDAVOB       119  C52 H48 B2 Cl4 F4 Fe1 N2 O2 P4  
    416  IFILEQ       106  C33 H49 F6 Fe1 N7 O6 P2 S2  
    417  IFISUM       408  C158 H176 Fe12 O56 P6  
    418  IGIGIQ       123  C49 H66 B1 Fe1 N3 O1 P2  
    419  IGISUP       104  C44 H52 Fe1 N2 P4 Si1  
    420  IGUVAK01     110  C46 H52 B1 Cl2 Fe1 N4 O4  
    421  IHITAW       105  C40 H44 Cl2 Fe1 N16 S2  
    422  IHITEA       105  C40 H44 Cl2 Fe1 N16 Se2  
    423  IHITIE       145  C52 H72 Fe1 N18 S2  
    424  IHITOK       145  C52 H72 Fe1 N18 Se2  
    425  IHITOK01     145  C52 H72 Fe1 N18 Se2  
    426  IHITOK02     145  C52 H72 Fe1 N18 Se2  
    427  IHUWUE       130  C53 H67 Fe1 N7 Si2  
    428  IJEBAC       131  C48 H63 Cl2 Fe1 N9 O8  
    429  IJEBEG       140  C51 H69 Cl2 Fe1 N9 O8  
    430  IJEBIK       140  C51 H69 Cl2 Fe1 N9 O8  
    431  IJIYEG       125  C58 H52 Fe1 N2 O8 S4  
    432  IKEHUE       109  C49 H47 B2 Br1 Fe1 N9  
    433  ILAGOT       210  C88 H44 Fe16 N8 O48 Se6  
    434  ILAZEC       109  C47 H40 Cl2 Fe1 N10 O9  
    435  ILOWUD       101  C27 H38 Cl2 Fe1 N24 O9  
    436  ILOXAK       149  C39 H62 Cl2 Fe1 N32 O13  
    437  ILUROX       116  C56 H48 Fe1 N7 O2 P2  
    438  ILUROX01     116  C56 H48 Fe1 N7 O2 P2  
    439  IMIFOB       145  C60 H54 Fe1 N9 O21  
    440  IMIWEH       370  C168 H124 Fe12 O62 Sm4  
    441  INEYIL       124  C39 H71 B1 Fe1 N12  
    442  IPEXAE       154  C61 H68 Br6 Fe1 N12 O6 3+  
    443  IQAPIC       101  C42 H55 Fe1 P3  
    444  IQOMIK       144  C66 H69 Fe1 N7 O1  
    445  IREDEQ       128  C54 H48 B1 F4 Fe1 N20 1+  
    446  IRESOO       122  C40 H40 F24 Fe1 N8 O5 P4  
    447  IRURUJ       177  C54 H84 Fe1 N12 O25 S1  
    448  IRUSAQ       138  C49 H58 B1 F4 Fe1 N12 O13 1+  
    449  IRUSEU       197  C64 H94 B2 F8 Fe1 N12 O16  
    450  IRUTEV       152  C56 H65 Cl2 Fe1 N7 O21  
    451  ITEXOU       126  C55 H59 Fe1 O3 P1 S3 Si4  
    452  ITINOP02     128  C52 H48 Cl2 Fe1 N10 O15  
    453  ITINOP03     128  C52 H48 Cl2 Fe1 N10 O15  
    454  ITITUB01     171  C62 H96 Fe1 N4 O8  
    455  IVAMAW       103  (C36 H43 Er1 Fe1 N11 O9)n  
    456  IVIMAE       129  C44 H56 Cl3 Fe1 N10 O15  
    457  IWOLAJ       124  (C53 H39 Cl9 Fe1 N6 O4 S6)n  
    458  IYIJOR       103  C43 H42 Cl1 Fe1 N4 O12  
    459  JADSOA       121  C52 H60 Fe1 N8  
    460  JAFNEN       106  C33 H54 B2 Cl4 Fe1 N6 O6  
    461  JAGTOB       117  C56 H54 Fe1 N6  
    462  JAJGAG       167  C68 H90 Fe1 N4 O4  
    463  JAMYOO       123  C59 H55 B1 Fe1 N4 O3  
    464  JAMZIJ       131  C58 H63 B1 Fe1 N4 O4  
    465  JANSAS       102  C24 H48 B1 F4 Fe1 N24 1+  
    466  JANSAS05     102  C24 H48 B1 F4 Fe1 N24 1+  
    467  JANSAS06     102  C24 H48 B1 F4 Fe1 N24 1+  
    468  JANSAS08     107  C24 H48 B2 F8 Fe1 N24  
    469  JANSAS09     107  C24 H48 B2 F8 Fe1 N24  
    470  JANSAS10     102  C24 H48 B1 F4 Fe1 N24 1+  
    471  JARBIQ       120  C45 H62 Cl1 Fe1 N4 O7  
    472  JAVVEK       123  C52 H47 Cl2 Fe1 N9 O12  
    473  JAVVEK01     123  C52 H47 Cl2 Fe1 N9 O12  
    474  JAVVUA       101  C34 H46 Cl2 Fe1 N6 O12  
    475  JEBKEG       143  C56 H80 Fe1 N2 O4  
    476  JEDFEH       102  C46 H36 Fe1 N8 O11  
    477  JEFTET       168  C80 H72 Cl2 Fe1 N5 O2 P2 S2 Sn2 1-  
    478  JEGZAW       108  C55 H42 Cl2 Fe1 N8  
    479  JEGZEA       121  C64 H48 Fe1 N8  
    480  JEHGUC       142  C54 H81 Fe1 N6  
    481  JEJQOI       103  C35 H36 Cl2 Fe1 N10 O19  
    482  JEJQOI01     103  C35 H36 Cl2 Fe1 N10 O19  
    483  JENDAL       124  C46 H64 B1 F4 Fe1 N4 P4 1+  
    484  JEVXOB       134  C45 H62 Dy1 Fe1 N7 O18  
    485  JIGDUC       113  C48 H51 B1 Br2 Cl2 Fe1 N5 O3  
    486  JIGDUC01     113  C48 H51 B1 Br2 Cl2 Fe1 N5 O3  
    487  JIGFAK       104  C46 H46 B1 Br2 Cl2 Fe1 N4 O2  
    488  JIPRUY       108  C40 H46 F12 Fe1 N6 O1 P2  
    489  JIRQEJ       154  C61 H50 Cl6 F9 Fe1 N14 O9 S3 Sb1  
    490  JITKIH       113  C42 H58 Fe1 N5 O7  
    491  JITSUB       104  (C32 H46 Fe1 N13 O8 1+)n  
    492  JOBYEE       106  C47 H50 B1 Fe1 N4 O3  
    493  JOHCUF       113  C30 H48 B2 Fe1 N16 O4 S12  
    494  JOHDAM       117  C30 H59 B1 Fe1 N13 O7 S6 1+  
    495  JOHPAX       128  C58 H61 B1 Fe1 N5 O2  
    496  JOHROP       115  C32 H72 Fe1 P10  
    497  JOJQEE       133  C60 H50 F12 Fe1 N6 O2 P2  
    498  JOSRUE       136  C66 H54 Fe1 N6 O6 P3  
    499  JOTPOA       139  C57 H56 Cl2 Fe1 N10 O13  
    500  JOTPUF       122  C45 H68 Fe1 N6 Si2  
    501  JUBQOP       105  C35 H55 Cl2 Fe1 N4 O4 S2 Si2  
    502  JUDDAN       100  C40 Fe12 O40 P8  
    503  JUHDIC       125  C52 H63 B1 Fe1 N6 O1 Si1  
    504  JUHDUO       120  C54 H57 B1 Fe1 N6 Si1  
    505  JULFIH       128  C47 H57 F6 Fe1 N8 Na1 O7 P1  
    506  JUNZAV       113  C45 H54 B1 Cl2 F4 Fe1 N4 P2 1+  
    507  JURQUK       274  C60 H151 Fe19 O44  
    508  JURREV       209  (C48 H120 Fe11 O24)n  
    509  JUVKET       124  C46 H60 Cl3 Fe1 N6 O6 S2  
    510  JUXNOH       107  C44 H56 Fe1 Li1 N2 O1 Si2  
    511  KACGIE       157  C68 H82 Fe1 N4 P2  
    512  KADGAA       118  C61 H50 Fe1 N2 O2 P2  
    513  KAFFOP       109  C38 H48 F6 Fe1 N8 O6 S2  
    514  KAFJEK       102  (C46 H46 B1 Fe1 N4 O2)n  
    515  KAFJEK01     102  (C46 H46 B1 Fe1 N4 O2)n  
    516  KAFJIO       190  (C86 H90 B2 Fe1 N7 O2)n  
    517  KAKTIZ       135  C56 H68 Fe1 I2 N4 O4  
    518  KAKTOF       169  C64 H88 Fe1 I2 N8 O6  
    519  KAPJAM       157  C78 H72 B1 Fe1 N1 P4  
    520  KAQRAW       174  C72 H48 Fe12 O36 S6  
    521  KASHIW       102  C38 H33 Cl1 Fe1 N19 O10 2+  
    522  KAXZUF       214  C84 H123 Fe1 N3 O3  
    523  KCROFE       144  C68 H62 Fe1 K1 N4 O6 S2  
    524  KEBMEK       195  C96 H72 F12 Fe1 N6 O6 P2  
    525  KEBSIV       124  C57 H58 B2 Fe1 N6  
    526  KEDXUQ       115  C38 H40 B2 Fe1 N6 O22 S6  
    527  KEFLUD       166  C87 H60 Fe1 O15 P3  
    528  KETGIB       103  (C48 H34 Fe1 O10 P2)n  
    529  KETTEM       115  C44 H47 B2 Fe1 N9 O12  
    530  KEYYOF       108  C52 H48 B1 Fe1 N4 O2  
    531  KEZTUE       101  C36 H54 B1 Fe1 N7 O2  
    532  KEZTUE10     101  C36 H54 B1 Fe1 N7 O2  
    533  KEZZUL       148  C40 H86 F6 Fe1 N2 O8 P5 1+  
    534  KIRFOG       118  C44 H67 B1 Fe1 O1 P4  
    535  KIRMAC       122  C50 H63 Fe1 O3 P5  
    536  KISJUS       114  C50 H53 B1 Fe1 N5 O4  
    537  KISJUS01     114  C50 H53 B1 Fe1 N5 O4  
    538  KITCOF       101  C31 H54 Fe1 O13 P2  
    539  KITYOB       114  C50 H56 B1 Fe1 N4 O2  
    540  KITYOB01     114  C50 H56 B1 Fe1 N4 O2  
    541  KOCZOS       102  C47 H41 B1 Cl1 Fe1 N8 O3  
    542  KOCZUY       102  C47 H42 B1 Fe1 N8 O3  
    543  KODBAH       111  C49 H46 B1 Cl2 Fe1 N8 O4  
    544  KOGQED       106  C42 H40 B2 F2 Fe1 N10 O9  
    545  KOQFIH       104  C36 H42 Cl2 Fe1 N7 O16  
    546  KUNMOW       113  C43 H58 B1 Fe1 N8 S2  
    547  LABDOL       106  C48 H36 F6 Fe1 N4 O9 S2  
    548  LABNAF       151  C58 H80 B2 F4 Fe1 N4 P2  
    549  LABNEJ       216  C90 H116 B2 Fe1 N4 O1 P2  
    550  LAJFIL       154  C78 H62 Fe1 N8 O1 P4 1-  
    551  LAJPIV       125  C61 H53 Fe1 N1 O4 P2 Te3  
    552  LALYAC01     109  C40 H41 Fe1 N13 O14  
    553  LALYAC02     109  C40 H41 Fe1 N13 O14  
    554  LALYAC04     109  C40 H41 Fe1 N13 O14  
    555  LALYAC05     109  C40 H41 Fe1 N13 O14  
    556  LALYAC06     109  C40 H41 Fe1 N13 O14  
    557  LALYAC07     109  C40 H41 Fe1 N13 O14  
    558  LALYAC08     109  C40 H41 Fe1 N13 O14  
    559  LALYAC09     109  C40 H41 Fe1 N13 O14  
    560  LALYAC10     109  C40 H41 Fe1 N13 O14  
    561  LASTOR       119  C52 H58 Fe1 N6 O2  
    562  LAWKIH       119  C58 H52 Fe1 N8  
    563  LEHKAK       107  C48 H44 Cl3 Fe1 In1 O7 P2 Si1  
    564  LEHTOL       106  C30 H51 Fe1 K2 N3 O14 S5  
    565  LEHVAZ       109  C32 H54 Fe1 K2 N4 O14 S2  
    566  LEKZAG       144  C54 H63 F12 Fe1 N9 O3 P2  
    567  LENGOE       112  C48 H50 Fe1 K1 O6 P2 S4  
    568  LERCUH       119  C37 H72 Fe1 N8 O1  
    569  LERCUH01     119  C37 H72 Fe1 N8 O1  
    570  LERFAQ       102  C51 H42 Cl2 Fe1 O2 P2 Sn2  
    571  LESNAY       125  C54 H54 Fe1 N4 O10 P2  
    572  LESNAZ       166  C71 H80 Cl2 Fe1 N8 O4  
    573  LESRUX       118  C48 H59 B1 Fe1 N9 1+  
    574  LEZTUG       136  C57 H55 Cl1 Fe1 N6 O16  
    575  LEZVIV       117  C51 H57 Fe1 N7 S1  
    576  LICNOB       114  (C52 H40 Cl2 Fe1 N6 Na1 O8)n  
    577  LIGFOA       120  C45 H66 B1 Fe1 N4 O3  
    578  LIGGOB       108  C44 H56 B1 Fe1 N4 O2  
    579  LIJBUB       109  C43 H54 Cl4 Fe1 N7  
    580  LIJROP       105  C42 H54 F1 Fe1 N2 O4 P1  
    581  LIPJIG       185  C68 H88 B2 F8 Fe1 N12 O6  
    582  LIQCEW       110  C44 H34 F6 Fe1 N12 O7 S6  
    583  LONYAQ       574  C166 H304 Fe18 O80 P6  
    584  LOQFII       148  C62 H70 Fe1 K1 N8 O6 1-  
    585  LUCCUK       110  (C44 H42 Fe1 N12 O6 S2)n  
    586  LUCDAR       110  (C44 H42 Fe1 N12 O6 Se2)n  
    587  LUCDAR01     110  (C44 H42 Fe1 N12 O6 Se2)n  
    588  LUFDAS       143  C64 H74 Fe1 O4  
    589  LUFYUH       172  (C55 H77 Ba2 Cl3 Fe1 N14 O10 S6)n  
    590  LUGKAB       110  C48 H34 F12 Fe1 N12 O1 P2  
    591  LUGXUH       153  C70 H69 B2 Fe1 N11  
    592  LUPYEB       163  C96 H49 Fe1 N11 O6 1+  
    593  LUWJAO       112  C61 H24 F20 Fe1 N6  
    594  LUZHUL       103  C41 H35 F12 Fe1 N9 O3 P2  
    595  LUZZIP       135  C48 H56 Cl1 Fe1 N12 O17 1+  
    596  LUZZOV       140  C50 H60 Fe1 N13 O16 1+  
    597  MAFBII       195  C85 H88 Cl2 Fe1 N10 O9  
    598  MAFCIJ       191  C84 H82 F6 Fe1 N10 O6 S2  
    599  MAGYEZ       120  C46 H48 Fe1 N12 O13 2-  
    600  MALGIQ       117  C44 H60 B1 Cl2 Fe1 O6 P3  
    601  MAMJUF       126  C43 H49 F18 Fe1 N12 P3  
    602  MAPMIZ       108  C45 H45 Fe1 N11 Na1 O5  
    603  MAPSEC       186  C90 H72 Fe1 N6 O17  
    604  MASPIH       121  C57 H57 Fe1 N5 S1  
    605  MASXEL       127  C36 H62 Fe1 N3 O19 P6  
    606  MAVHOH       100  C33 H47 Fe1 N8 O11  
    607  MAVVUE       139  (C66 H48 Fe1 N4 O16)n  
    608  MEGDEH       120  C46 H48 F12 Fe1 N6 O5 P2  
    609  MEKNIZ       119  C50 H48 B2 Fe1 N6 O12  
    610  MEMBIQ       125  C56 H42 F3 Fe1 N14 O7 Sr2  
    611  MEMHUI       119  C54 H41 F12 Fe1 N7 O2 P2  
    612  MEMJUJ       323  C85 H170 Cl1 Fe10 N17 O40  
    613  MEMROM       143  C53 H68 B11 Fe1 N6 P3 Sn1  
    614  MEZYEX       111  C40 H42 B1 F20 Fe1 N3 P4  
    615  MEZZAU       113  C40 H45 B1 F20 Fe1 N2 P4  
    616  MIJPAW       122  C57 H57 Cl1 Fe1 N2 O3 P1  
    617  MILBUG       114  C51 H52 B2 Cl2 Fe1 N6  
    618  MIMVUZ       139  C48 H68 Fe1 N18 O4 3+  
    619  MIPROF       107  C43 H49 Fe1 N8 O6  
    620  MIVXOG       190  C90 H72 Fe1 I6 O18 P3  
    621  MIWWIZ       270  C122 H132 B2 Fe1 N6 O3 P4  
    622  MIWWOF       153  C63 H72 B1 Cl2 F4 Fe1 N5 O1 P4  
    623  MIXKIP       101  C42 H51 Cl1 Fe1 N3 O2 S1  
    624  MOBJET       125  C46 H71 B1 Fe1 O2 P4  
    625  MODXOS       117  C39 H71 Fe1 N6  
    626  MOFREE       100  C34 H48 Cl4 Fe1 I1 N12 1+  
    627  MOPYEX       105  C40 H47 B2 F8 Fe1 N5 P2  
    628  MOTPIW       140  C52 H74 Cl1 Fe1 N4 O8  
    629  MOYFIP       293  C123 H113 Fe11 N4 O42  
    630  MUPWEB       149  C65 H65 Fe1 N7 O9 P2  
    631  MUTCIN       117  C58 H50 Fe1 N4 O4  
    632  MUTXEG       152  C73 H70 B2 Fe1 N6  
    633  NABXEW       139  C60 H64 Fe1 N8 O6  
    634  NACXIA       117  C48 H48 Fe1 N12 O8  
    635  NAFZAX       163  C56 H86 Fe1 N12 O6 S2  
    636  NAHYIH       177  (C69 H57 Fe1 N11 O27 S3 U3 1-)n  
    637  NALPOF       106  C45 H41 B2 Cl4 Fe1 N9 O4  
    638  NALPUL       113  C50 H50 B2 Fe1 N5 O4 P1  
    639  NALRAT       106  C39 H52 B2 Cl2 Fe1 N6 O4  
    640  NALRIB       114  C43 H56 B2 Cl2 Fe1 N6 O4  
    641  NANJIX       122  C54 H50 B1 Cl4 Fe1 N4 O8  
    642  NANJUJ       196  C72 H116 Fe1 N1 O4 Se2  
    643  NARCIU       510  C173 H212 Cl12 Fe12 N24 O77  
    644  NASHIY       127  C54 H65 B1 Cl1 Fe1 P5  
    645  NASTOS       177  C84 H72 Fe1 N18 S2  
    646  NASTOS01     177  C84 H72 Fe1 N18 S2  
    647  NASTOS02     177  C84 H72 Fe1 N18 S2  
    648  NASVUA       139  C53 H64 Cl2 Fe1 N16 O1 Se2  
    649  NASWAH       163  C78 H60 Cl4 Fe1 N18 S2  
    650  NASWEL       163  C78 H60 Cl4 Fe1 N18 Se2  
    651  NAXGUP       103  (C36 H42 Eu1 Fe1 N12 O9)n  
    652  NAXTIR       142  C60 H52 Fe1 N10 O15 S4  
    653  NEBHUX       106  C43 H51 B1 Fe1 N4 O6  
    654  NECLEO       276  C106 H132 Al2 Fe1 N14 O21  
    655  NEFVID01     104  C24 H48 F6 Fe1 N24 P1 1+  
    656  NEKLEX       105  C40 H59 Fe1 N3 P2  
    657  NETHUR       123  C50 H41 Fe1 N29 S2  
    658  NETJAZ       123  C50 H41 Fe1 N29 Se2  
    659  NETJON       123  C48 H44 B2 Fe1 N28  
    660  NEVSAK       155  C72 H60 Fe1 N7 O11 P4  
    661  NEYFON       142  C55 H23 Cl3 Dy2 F36 Fe1 N6 O16  
    662  NIDPIA       108  C54 H41 Cl3 Fe1 N9  
    663  NIJLIB       103  C36 H45 Cl2 Fe1 N11 O8  
    664  NIJMAU       101  C34 H42 F12 Fe1 N10 P2  
    665  NIKCOA       100  C42 H44 Fe1 N9 O4  
    666  NIPGIG       123  C56 H52 F6 Fe1 N4 O3 Sb1  
    667  NIPGOM       123  C56 H52 F6 Fe1 N4 O3 P1  
    668  NIPJEB       101  C50 H46 Fe1 P4  
    669  NISBIA       116  C45 H62 B1 Cl1 Fe1 O2 P4  
    670  NIXWEZ02     135  C52 H58 B2 F8 Fe1 N10 O4  
    671  NIZXEB       141  C52 H66 B2 F8 Fe1 N6 O6 1-  
    672  NOCLOG       183  (C78 H66 Ba2 Cl1 Fe1 N18 O9)n  
    673  NOJXUF       115  C41 H45 F12 Fe1 N7 O7 P2  
    674  NOMQIP       111  C39 H63 Cl1 Fe1 O2 P4 Sn1  
    675  NORNUF       149  (C60 H44 Fe1 N6 O26 S4 U2)n  
    676  NOVVAX       121  C51 H52 Br2 Fe1 N14 O1  
    677  NOZDOX       110  C46 H46 B2 F8 Fe1 N4 O1 P2  
    678  NUFMOS       110  C62 H40 Fe1 N6 P1 1+  
    679  NUFMOS01     110  C62 H40 Fe1 N6 P1 1+  
    680  NUKCEB       109  C52 H45 Fe1 N7 O4  
    681  NUKCIF       126  C66 H50 Fe1 N6 O3  
    682  NUXXOT01     124  C36 H67 Fe1 N12 O8  
    683  OBAGIL       120  C53 H58 B1 Fe1 N4 O3  
    684  OBOFOC       105  C39 H42 B2 F8 Fe1 N10 O1 P2  
    685  OBOTEE       104  C37 H53 F3 Fe1 N4 O5 S1  
    686  OBOTII       107  C51 H48 B1 Fe1 N4 O2  
    687  OBOTOO       103  C37 H52 F3 Fe1 N4 O5 S1  
    688  OCEFOS       409  C157 H165 Cl14 Fe11 O62  
    689  OCEWAX       103  C29 H46 Fe1 N13 Nd1 O13 1+  
    690  OCEWEB       103  C29 H46 Fe1 N13 O13 Sm1 1+  
    691  OCOVIL       114  C54 H51 Cl2 Fe1 N1 P4 S1  
    692  OCOVOR       121  C55 H52 F3 Fe1 N1 O3 P4 S2  
    693  OCUGEB       125  (C35 H58 Cl2 Fe1 N6 O19)n  
    694  OCUVAL       106  C34 H48 B2 F8 Fe1 N10 O3  
    695  ODICAG       105  C36 H42 F12 Fe1 N12 P2  
    696  ODICAG01     105  C36 H42 F12 Fe1 N12 P2  
    697  ODIMOE       116  C48 H57 Fe1 N6 O4  
    698  ODUWUI       107  C46 H54 Fe1 N6  
    699  OFUYET       126  C27 H62 Cl3 Fe1 Mg1 N6 O26  
    700  OGACII       114  C44 H62 B1 Fe1 N4 P2 1+  
    701  OGIWUX       177  C60 H101 B1 Fe1 N2 O8 P4  
    702  OHOFIC       106  C42 H56 B1 Fe1 N2 O3 P1  
    703  OHOPUX       116  (C52 H50 B1 Fe1 N6 O4)n  
    704  OHOQAE       118  (C54 H52 B1 Fe1 N4 O4)n  
    705  OHOQEI       120  (C54 H54 B1 Fe1 N4 O4)n  
    706  OHOQIM       114  (C54 H48 B1 Fe1 N6 O2)n  
    707  OHOQOS       115  C54 H52 B1 Fe1 N4 O3  
    708  OHORAF       106  C51 H46 B1 Fe1 N4 O3  
    709  OHOROT       118  (C53 H51 B1 Fe1 N5 O5)n  
    710  OJACOU       213  C82 H118 Fe1 K1 N4 O7  
    711  OKEHIY       105  C42 H51 Fe1 N6 O4 S1  
    712  OKUHUY       103  C36 H41 Cl1 F12 Fe1 N9 O1 P2 1-  
    713  OKUHUY01     103  C36 H41 Cl1 F12 Fe1 N9 O1 P2 1-  
    714  OKUHUY02     103  C36 H41 Cl1 F12 Fe1 N9 O1 P2 1-  
    715  OKUHUY03     103  C36 H41 Cl1 F12 Fe1 N9 O1 P2 1-  
    716  OLASUR       103  C44 H38 B2 F2 Fe1 N10 O6  
    717  OLEFOB       129  C55 H66 B1 Br1 Fe1 N2 O1 P2  
    718  OLUVEX       102  (C44 H44 Fe1 N4 O7)n  
    719  OMOBAW       116  C49 H53 B1 Cl1 Fe1 N9 O2  
    720  OMOBEA       112  C47 H53 B1 Fe1 N8 O2  
    721  ONOBOJ       120  C59 H54 B1 Fe1 O2 P3  
    722  ONOXOG       109  C49 H48 B1 Cl1 F4 Fe1 N2 O1 P2  
    723  ONUJIR       117  C54 H54 Fe1 N4 O4  
    724  OPABEN       121  C38 H72 Br2 Fe1 N2 P6  
    725  OPOSUI       157  C81 H66 Br1 Fe1 N2 O6  
    726  OROBEF       105  C46 H38 Fe1 N12 O7 P1  
    727  OSADOC       103  C43 H40 F3 Fe1 N8 O7 S1 1+  
    728  OSOGAF       288  C127 H131 B3 Fe1 K1 N9 O16  
    729  OTUJUJ       113  C41 H51 Cl2 Fe1 N9 O9  
    730  OTUJUJ01     113  C41 H51 Cl2 Fe1 N9 O9  
    731  OTUJUJ02     113  C41 H51 Cl2 Fe1 N9 O9  
    732  OVEPAH       104  C54 H34 Cl1 Fe1 N10 O4 1+  
    733  OWUFAP       106  C41 H34 Eu1 Fe1 N15 O14  
    734  OXOQUQ       150  C61 H82 Cl2 Fe1 N2 P2  
    735  OYAFAX       124  C48 H50 Fe1 N18 O7 2+  
    736  OYODOY       109  C52 H35 Fe1 N21  
    737  OYODOY01     109  C52 H35 Fe1 N21  
    738  OYOFEQ       215  C116 H62 Fe1 N34 O2  
    739  PABSUG       120  C44 H69 B1 Br1 Fe1 P4  
    740  PAFZIF       109  C44 H38 F6 Fe1 N10 O8 S2  
    741  PALVED       162  C72 H74 Cl5 Fe1 N6 O4  
    742  PALVON       152  C70 H64 Cl5 Fe1 N8 O4  
    743  PALYEJ       212  (C84 H74 Cl6 Fe1 K1 O15 P1 S24)n  
    744  PANGOA       106  C52 H46 Fe1 O5 P2  
    745  PARFEV       137  C46 H78 Fe1 N2 O10  
    746  PARFIZ       131  C44 H74 Fe1 N2 O10  
    747  PASNTP       103  C53 H40 As2 Fe1 N6 O1  
    748  PASQOR       103  C58 H38 Fe1 N6  
    749  PATJAW       112  C51 H44 Cl1 Fe1 N12 O3 1+  
    750  PAVDUL       100  C39 H54 Fe1 N3 S3  
    751  PAZHUV       179  C80 H84 Cl1 Fe1 N10 O3  
    752  PCPOFE       114  C62 H45 Fe1 N5 O1  
    753  PECKEP       107  C43 H41 Fe1 N9 O13  
    754  PEDHOZ       101  C42 H52 Fe1 N2 O2 S2  
    755  PEDTAX       101  C42 H52 Fe1 N2 O2 S2  
    756  PEDTEB       113  C43 H54 Cl2 F6 Fe1 N2 O2 P1 S2  
    757  PESJIG       125  C61 H53 Fe1 N1 O4 P2 Se3  
    758  PEWHAC       100  C42 H47 B1 Fe1 N8 S1  
    759  PEWHEG       100  C41 H47 B1 Fe1 N10  
    760  PEWNUD       115  C44 H48 Cl2 Fe1 N4 O16  
    761  PEXMIO       107  C42 H59 B1 Fe1 P4  
    762  PEZGOU       103  C39 H57 F1 Fe1 N2 O1 P2  
    763  PHSNFE       102  C44 H49 Br1 Fe1 N2 O1 P4  
    764  PIHJEZ       115  C44 H32 F12 Fe1 N10 O12 S4  
    765  PIHJEZ01     115  C44 H32 F12 Fe1 N10 O12 S4  
    766  PIPPAH       161  C76 H76 Fe1 N8  
    767  PIVGUX       113  C44 H42 F12 Fe1 N6 O6 P2  
    768  PIVVEY       179  C60 H106 Fe1 N2 O10  
    769  PIVVIC       218  (C81 H122 Fe1 N4 O8)n  
    770  PIVXAT       151  C67 H62 Cl4 F3 Fe1 N4 O7 P2 S1  
    771  PIVYEC       113  C56 H49 Fe1 N6 P1  
    772  PIZGEN       115  C62 H26 F20 Fe1 N6  
    773  POBCAM       139  C60 H70 B1 Fe1 N5 O2  
    774  POBYIQ       123  C41 H74 Al1 Fe1 N3 O3  
    775  POHLOO       100  C52 H33 Fe1 N6 O8 1+  
    776  POHPIL       381  C158 H137 Fe17 N9 O60  
    777  POQWUQ       101  C33 H40 F6 Fe1 N12 O7 S2  
    778  POXGIV       128  C63 H56 Fe1 N8  
    779  POZKIY       116  C40 H59 Cl1 Fe1 N7 O8  
    780  PTHFFE       103  C52 H44 Fe1 N4 O2  
    781  PUFQOZ       111  C45 H47 Fe1 N9 O9  
    782  PUFQOZ01     111  C45 H47 Fe1 N9 O9  
    783  PURYAF       152  C58 H60 F18 Fe1 N12 P3 1-  
    784  PUSBAJ       126  C54 H52 F6 Fe1 N12 P1 1+  
    785  PUWTIK       348  C96 H180 Cl4 Fe16 O24 P12 S16  
    786  PUXKEY       100  C42 H46 Fe1 N3 O8  
    787  PUZGID       101  C42 H40 Fe1 N10 O6 S2  
    788  PUZGOJ       102  (C41 H38 Fe1 N10 O6 S2)n  
    789  QADFIL       103  C51 H39 Fe1 N6 O6  
    790  QAGQIZ       126  C50 H58 Fe1 N7 O10  
    791  QALDOZ       119  C50 H45 Cl2 Fe1 N7 O14  
    792  QANMIB       139  C64 H68 Fe1 N2 O4  
    793  QANMUN       144  C65 H70 Cl2 Fe1 N2 O4  
    794  QANSUU       311  C129 H117 Fe11 N12 O42  
    795  QATRAE       105  C42 H56 Fe1 N6  
    796  QAXQAJ       113  C47 H50 B1 Fe1 N14 1+  
    797  QAXQAJ01     113  C47 H50 B1 Fe1 N14 1+  
    798  QAYCUP       112  C44 H50 Fe1 N6 O11  
    799  QEHPAX       100  C42 H36 Fe1 N9 O7 S5  
    800  QEHPIF       220  C72 H127 Fe1 N8 O7 S5  
    801  QELJOJ       127  C52 H43 B10 Cl10 Fe1 N11  
    802  QEQVAM       103  C37 H50 Cl1 Fe1 N4 O10  
    803  QETHAZ       128  C60 H50 Cl5 Fe1 N6 O6  
    804  QETKOS       101  C21 H48 F9 Fe1 N6 O13 S3  
    805  QEVBEY       425  C161 H176 Cl6 Fe10 N20 O52  
    806  QEXZUP       101  C30 H58 Fe1 O12  
    807  QIDHOB       121  C45 H56 B11 Fe1 I2 N2 P3 Sn1  
    808  QIDLIZ       102  C40 H44 Cl1 Fe1 N12 O4 1+  
    809  QIDLOF       102  C40 H44 B1 F4 Fe1 N12 1+  
    810  QIDLUL       161  C58 H80 Cl2 Fe1 N12 O8  
    811  QIGTIL       113  C47 H57 B1 Fe1 N2 O3 P2  
    812  QIGTOR       119  C49 H61 B1 Fe1 N2 O3 P2  
    813  QIMVEN       134  C21 H70 Cl8 Fe10 O25  
    814  QIMWAM       103  C36 H44 F12 Fe1 N8 P2  
    815  QIMWAM01     103  C36 H44 F12 Fe1 N8 P2  
    816  QIMWAM02     103  C36 H44 F12 Fe1 N8 P2  
    817  QIMWAM03     103  C36 H44 F12 Fe1 N8 P2  
    818  QINZEU       104  C49 H48 Fe1 N2 O3 Si1  
    819  QIPWUH       121  C56 H56 Br1 Fe1 N1 O2 P4  
    820  QIQNIN       100  C39 H48 Fe1 O8 P2 Si1 Sn1  
    821  QITCEE       103  C45 H41 B1 F4 Fe1 N10 O1  
    822  QITCII       103  C45 H41 B1 F4 Fe1 N10 S1  
    823  QITZAX       103  C30 H48 As2 F12 Fe1 N10  
    824  QITZEB       103  C30 H48 As2 F12 Fe1 N10  
    825  QIVCED       101  (C56 H33 Cl1 Fe1 N8)n  
    826  QIXCIM       113  C49 H43 Cl2 Fe1 N9 O9  
    827  QOCDAP       133  C63 H59 B1 Br1 Fe1 N3 O2 P2 S1  
    828  QOKKAD       105  C56 H22 F20 Fe1 N4 P2  
    829  QOKKEH       130  C69 H44 Cl10 Fe1 N4 P2  
    830  QOPVAV       107  C38 H62 Fe1 N3 P3  
    831  QOPVEZ       111  C36 H69 Fe1 N1 P4  
    832  QORKUF       120  C65 H46 Fe1 N6 O1 P1 1-  
    833  QOSNIW       169  C72 H82 B2 Fe1 N12  
    834  QOSNIW01     169  C72 H82 B2 Fe1 N12  
    835  QOSNIW02     169  C72 H82 B2 Fe1 N12  
    836  QOVCUA       125  C48 H62 B1 Br1 Fe1 N12  
    837  QOVHUG       117  C42 H52 Fe1 N9 O13  
    838  QOZNOL       123  C51 H50 Cl2 Fe1 N6 O13  
    839  QOZZUB       100  C42 H50 Br1 Fe1 N2 O2 S2  
    840  QUJJOW       150  (C64 H54 Cl6 Fe1 K1 N2 O14 P2)n  
    841  QUSJOE       103  C34 H56 Cl2 Fe1 N6 O2 S2  
    842  QUTPAX       150  C66 H56 B1 F4 Fe1 N16 O6 1+  
    843  QUWTEJ       118  C58 H47 Fe1 N7 O5  
    844  RABRAP       104  C48 H40 Cl1 Fe1 N8 O6  
    845  RALVUV       142  C60 H75 Fe1 N3 O3  
    846  RALVUV01     142  C60 H75 Fe1 N3 O3  
    847  RAMZOX       120  C41 H49 Cl7 Fe1 N9 O13  
    848  RANBIT       192  C71 H113 B1 Fe1 N1 O2 P3  
    849  RANPED       131  C45 H47 Cl4 Fe1 N13 O21  
    850  RAPFAS       113  C44 H50 B2 F8 Fe1 N6 O2  
    851  RAPHAU       107  C42 H46 B2 F8 Fe1 N6 O2  
    852  RASTOY       131  C44 H56 B20 Fe1 N10  
    853  RAVFIH       105  C42 H34 F12 Fe1 N14 P2  
    854  RAVHEF       101  C42 H34 B2 F8 Fe1 N14  
    855  RAVHEF01     101  C42 H34 B2 F8 Fe1 N14  
    856  RAVHEF02     101  C42 H34 B2 F8 Fe1 N14  
    857  RAVHEF03     101  C42 H34 B2 F8 Fe1 N14  
    858  RAVQOY       105  C42 H34 B2 F8 Fe1 N18  
    859  RAVQOY01     105  C42 H34 B2 F8 Fe1 N18  
    860  RAVQOY03     105  C42 H34 B2 F8 Fe1 N18  
    861  RAZPAL       152  C79 H62 Br1 Cl2 Fe1 N2 O5  
    862  REBQAU       138  C56 H52 B2 F8 Fe1 N12 O4 S3  
    863  REBQAU01     138  C56 H52 B2 F8 Fe1 N12 O4 S3  
    864  REBQAU02     138  C56 H52 B2 F8 Fe1 N12 O4 S3  
    865  RECCUY       118  C39 H56 Cl2 Fe1 N12 O6 S2  
    866  REKFOC       175  C66 H86 Fe1 N4 O18  
    867  RENJIG       144  C64 H64 Fe1 K1 N8 O6  
    868  RENJIG01     144  C64 H64 Fe1 K1 N8 O6  
    869  RENKAZ       161  C69 H74 Cl2 Fe1 K1 N8 O6  
    870  RESVUJ       113  C58 H41 Cl2 Fe1 N4 O6 S1  
    871  RESWES       107  C36 H56 B2 Fe1 N12  
    872  REVCOM       110  C44 H41 B2 F8 Fe1 N13 O1  
    873  REVCUS       117  C42 H42 B2 F8 Fe1 N14 O8  
    874  REVCUS01     117  C42 H42 B2 F8 Fe1 N14 O8  
    875  REVCUS02     117  C42 H42 B2 F8 Fe1 N14 O8  
    876  REVCUS03     117  C42 H42 B2 F8 Fe1 N14 O8  
    877  REVCUS04     117  C42 H42 B2 F8 Fe1 N14 O8  
    878  REVCUS05     117  C42 H42 B2 F8 Fe1 N14 O8  
    879  REVCUS06     117  C42 H42 B2 F8 Fe1 N14 O8  
    880  REXREV       105  C36 H48 B2 Cl2 Fe1 N14 O1 Sn1  
    881  RIDGUJ01     113  C41 H61 Fe1 N7 S3  
    882  RIDYOT       119  C44 H60 B1 Fe1 N12 O1  
    883  RILCAQ       142  C62 H68 Cl4 F2 Fe1 N5  
    884  RIPDUQ       165  C71 H66 Cl3 F12 Fe1 N8 O4  
    885  RIPFEB       149  C70 H72 B1 Fe1 O1 P4 1-  
    886  RIPFEC       169  C71 H78 Cl3 Fe1 N8 O8  
    887  RIRBAW       105  C52 H44 Fe1 N4 O2 S2  
    888  RITBAB       114  C47 H44 F6 Fe1 N6 O6 P2 S2  
    889  RIXTEX       144  C62 H61 Cl1 Fe1 N10 Na1 O8  
    890  RIXTEX01     144  C62 H61 Cl1 Fe1 N10 Na1 O8  
    891  RIZKAP       114  C57 H46 As1 F4 Fe1 N5  
    892  RODVOV       114  C37 H58 Bi3 Cl8 Fe1 N3 O4  
    893  ROGPEL       154  C72 H64 B1 Fe1 N8 O8 1+  
    894  ROGPIP       203  C100 H87 B2 Fe1 N9 O4  
    895  ROGREN       192  C95 H81 B2 Fe1 N7 O6  
    896  RUCYIY       146  C62 H70 B1 Fe1 N10 O2 1+  
    897  RUFYOG       143  C70 H64 B2 Fe1 N6  
    898  RUFYOG01     143  C70 H64 B2 Fe1 N6  
    899  RUFYUM       152  C73 H70 B2 Fe1 N6  
    900  RULNUI       115  C44 H56 Fe1 N4 O8 P2  
    901  RUSMOI       107  C28 H64 Cl2 Fe1 O8 P4  
    902  RUYXUH       152  C62 H60 B2 Cl8 F8 Fe1 N10 O1  
    903  SANKEA       185  C78 H60 Cl2 Fe1 N18 O26  
    904  SANKIE       189  C78 H68 Cl2 Fe1 N18 O22  
    905  SANWAG       115  C56 H52 Fe1 N4 O2  
    906  SAPTEI       129  C45 H72 B1 Fe1 N8 O2  
    907  SARRUA       104  C45 H45 Cl5 Fe1 N3 O4 P1  
    908  SASMUV       127  C50 H69 Fe1 O7  
    909  SASREK       182  C54 H102 Fe1 N12 O12 Tb1  
    910  SAVSOB       171  C72 H92 Fe1 N2 O2 Si2  
    911  SAVSUH       155  C68 H80 Fe1 N2 O2 P2  
    912  SAVTAN       116  C38 H54 Cl2 F3 Fe1 N8 O3 S7 1+  
    913  SAVTAO       200  C89 H104 Fe1 N2 O2 P2  
    914  SAXTEQ       238  C93 H117 Cl1 Fe1 K1 N11 O13 S1  
    915  SAZLUD       105  C48 H36 F6 Fe1 N4 O8 S2  
    916  SEBWAY       132  C49 H58 B2 Cl2 F2 Fe1 N10 O8  
    917  SEBWEC       111  C41 H44 B2 Cl5 F2 Fe1 N8 O8  
    918  SEDQOI       139  C47 H82 Fe1 N9  
    919  SEDYOR       113  C50 H38 Fe1 N6 O18  
    920  SEDZAD       104  C34 H64 B1 Fe1 P3 Si1  
    921  SEKJUQ       200  C94 H82 F6 Fe1 N8 O7 S2  
    922  SEKLOK       102  C32 H48 B2 F6 Fe1 N12 P1  
    923  SEMJEB       155  C72 H62 Fe1 N8 O12  
    924  SEPDEZ       153  C54 H86 B1 Fe1 N9 O2  
    925  SEPNOS       105  C48 H49 B1 Fe1 N2 P2 Si2  
    926  SEQBIB       101  C36 H46 F6 Fe1 N4 O6 S2  
    927  SEYDAD       115  C54 H19 F20 Fe1 N15 O4 S2  
    928  SEYDAD01     115  C54 H19 F20 Fe1 N15 O4 S2  
    929  SEYDAD02     115  C54 H19 F20 Fe1 N15 O4 S2  
    930  SEYDUX       114  C53 H38 Cl2 Fe1 N14 O4 S2  
    931  SEYDUX01     114  C53 H38 Cl2 Fe1 N14 O4 S2  
    932  SEYDUX02     114  C53 H38 Cl2 Fe1 N14 O4 S2  
    933  SEYRAP       115  C30 H70 Fe1 N9 O5  
    934  SEZJUF       115  (C45 H45 Fe1 I6 N9 O3 Pb2)n  
    935  SIBZOS       234  C92 H115 Fe1 N14 Na1 O11  
    936  SICFAL       152  C65 H66 F3 Fe1 N8 O8 S1  
    937  SICSAB       107  C44 H60 Fe1 N2  
    938  SIDCOB       103  C45 H49 Fe1 N1 O1 P2 S3 Si1  
    939  SIGREH       131  C48 H76 B2 Fe1 P4  
    940  SIGRUX       112  C41 H65 B1 Fe1 N1 P3  
    941  SIJGIE       129  C53 H61 Fe1 N8 O5 U1  
    942  SISRIY       137  C67 H49 Cl1 F3 Fe1 N8 O7 S1  
    943  SOKDEB       103  C43 H50 Cl3 Fe1 N6  
    944  SONWEY       127  C48 H60 Fe1 N18 3+  
    945  SONWUO       105  C34 H48 Fe1 N14 O8 1+  
    946  SOPWIE       105  C36 H36 F18 Fe1 N9 O2 P3  
    947  SOQDUA       102  C38 H57 Fe1 N2 O4  
    948  SOQFIQ       108  C40 H61 Fe1 N2 O4  
    949  SORDOS       100  C46 H46 B1 Fe1 N4 O2  
    950  SORDOS01     100  C46 H46 B1 Fe1 N4 O2  
    951  SORDOS02     100  C46 H46 B1 Fe1 N4 O2  
    952  SORDOS03     100  C46 H46 B1 Fe1 N4 O2  
    953  SUFLOU       119  C55 H55 B1 Fe1 N4 O3  
    954  SUJRIY       109  C39 H57 Cl1 Fe1 N3 O8  
    955  SUMCIO       108  C58 H47 Fe1 N2  
    956  SURMAT       111  C42 H62 Fe1 N4 P2  
    957  SURMEX       143  C66 H66 Fe1 N4 O4 P2  
    958  SUTROR       265  C128 H64 As1 B4 F60 Fe1 N7  
    959  SUVZIV       119  C40 H39 F12 Fe1 N15 O8 S4  
    960  SUVZIV01     119  C40 H39 F12 Fe1 N15 O8 S4  
    961  SUVZOB       119  C40 H39 F12 Fe1 N15 O8 S4  
    962  SUWBAQ       110  C37 H30 Cl3 F12 Fe1 N15 O8 S4  
    963  SUXTIO       149  C68 H60 B2 Fe1 N12 S6  
    964  TAKPAZ       118  C49 H51 B2 F8 Fe1 N4 P3  
    965  TALCUH       181  C72 H84 Al2 Fe1 O18 Si4  
    966  TAMSOQ       102  C48 H40 B1 Fe1 N6 O6  
    967  TAMSOQ01     102  C48 H40 B1 Fe1 N6 O6  
    968  TAMTAD       108  C51 H44 B1 Cl4 Fe1 N4 O3  
    969  TAMZAJ       121  C44 H68 B1 Fe1 N3 P4  
    970  TAMZEN       181  C73 H97 B2 Fe1 N3 O1 P4  
    971  TAPGAS       116  C49 H56 Fe1 N6 O4  
    972  TAZTAP       129  C52 H62 Fe1 Li1 N9 O4  
    973  TEBROK       115  C39 H66 Fe1 N3 S6  
    974  TEJDOD       114  C46 H36 F18 Fe1 N8 P3 S2 1-  
    975  TELWEO       173  C90 H68 B2 Fe1 N12  
    976  TENREN       104  C39 H56 Cl1 Fe1 N2 P3 S1 Si1  
    977  TENRIR       107  C40 H58 Cl1 Fe1 N2 P3 S1 Si1  
    978  TEPVIW       173  C94 H70 B2 Fe1 N6  
    979  TEPVIW01     173  C94 H70 B2 Fe1 N6  
    980  TEQJAE       116  C46 H63 Fe1 N3 O1 P2  
    981  TEQJEI       100  C38 H55 Fe1 N1 O3 P2  
    982  TEQTEO       123  C45 H53 Cl4 Fe1 N8 O12  
    983  TESRAL       146  C68 H58 B1 F4 Fe1 N2 P4 S8 1+  
    984  TEXPOD       134  C57 H52 F12 Fe1 N7 O3 P2 1+  
    985  TEYCEG       199  C78 H100 B2 Fe1 N6 O6 S6  
    986  TEYCOQ       127  C44 H68 B2 Fe1 N6 O6  
    987  TEYCUW       145  C50 H80 B2 Fe1 N6 O6  
    988  THCXFE10     188  C75 H103 B2 Fe1 P5 S2  
    989  TIGBIY       146  C65 H68 B2 Fe1 N10  
    990  TIGBOE       152  C66 H72 B2 Fe1 N10 O1  
    991  TIGBOE01     152  C66 H72 B2 Fe1 N10 O1  
    992  TIGBOE02     152  C66 H72 B2 Fe1 N10 O1  
    993  TIGBOE03     152  C66 H72 B2 Fe1 N10 O1  
    994  TIGBOE04     152  C66 H72 B2 Fe1 N10 O1  
    995  TIGBOE05     152  C66 H72 B2 Fe1 N10 O1  
    996  TIGBOE06     152  C66 H72 B2 Fe1 N10 O1  
    997  TIGBOE07     152  C66 H72 B2 Fe1 N10 O1  
    998  TIGBOE08     152  C66 H72 B2 Fe1 N10 O1  
    999  TILFIG       106  C54 H42 Fe1 N3 O6  
   1000  TINDUP       134  (C64 H53 Fe1 N8 O1 Sn3)n  
   1001  TINTUJ       106  C52 H34 Br8 Cl1 Fe1 N4 O6  
   1002  TITJIQ       127  C52 H56 B2 F2 Fe1 N8 O6  
   1003  TIWQOI       110  C48 H40 B2 Fe1 N18 O1  
   1004  TIWQOI01     110  C48 H40 B2 Fe1 N18 O1  
   1005  TIXXEF       100  C45 H40 F6 Fe1 N5 O2 P1  
   1006  TIZPUO       104  C31 H56 B1 Fe1 N13 O2  
   1007  TOLSOD       104  C49 H45 B1 Fe1 N5 O3  
   1008  TOPKUF       119  C48 H41 F12 Fe1 N15 P2  
   1009  TOQPIA       103  C38 H54 Fe1 N6 O4  
   1010  TOQPOG       121  C44 H66 Fe1 N6 O4  
   1011  TORCIO       121  C50 H54 Cl2 Fe1 N6 O8  
   1012  TORGUF       106  C36 H48 Cl6 Fe1 N3 O12  
   1013  TORMIY       119  C47 H51 Cl2 Fe1 N7 O11  
   1014  TOSRAU       196  C99 H82 Fe1 O1 P4 S9 1+  
   1015  TOSRAU01     196  C99 H82 Fe1 O1 P4 S9 1+  
   1016  TOYREH       108  C60 H40 Cl2 Fe1 N4 P1  
   1017  TOYREH01     108  C60 H40 Cl2 Fe1 N4 P1  
   1018  TPPFEP       111  C54 H50 Fe1 N6  
   1019  TPPFIM       102  C51 H40 Cl1 Fe1 N8 O1  
   1020  TUDPUG       100  C41 H53 Fe1 N5  
   1021  TUFZIE       113  C35 H50 B2 Cl6 F6 Fe1 N12 P1  
   1022  TUJHIP       123  C45 H66 B1 Fe1 N8 O2  
   1023  TUNVEG       175  C86 H80 B2 Fe1 N4 P2  
   1024  TUNWAD       145  C60 H77 B1 Fe1 N3 P3  
   1025  TUPXUX       120  C46 H62 Cl1 Fe1 N6 O4  
   1026  TUTMUS       127  C54 H56 B1 Cl1 F4 Fe1 N5 O2 P3  
   1027  UBOXIS       104  C36 H58 Fe1 N4 O3 S2  
   1028  UBOXUE       103  C54 H40 Fe1 N4 O2 P2  
   1029  UCENIZ       118  C54 H48 Fe1 I3 N2 O4 P4 S2  
   1030  UCODIA       135  C37 H80 Fe1 N14 O3 2+  
   1031  UCOQEK       100  (C40 H40 Fe1 N13 O2 1-)n  
   1032  UCUSOE       110  (C51 H35 Fe1 N10 O7)n  
   1033  UDENUN       115  C30 H55 Cl3 Fe1 N13 O13  
   1034  UDUQAL       112  C56 H44 Fe1 O8 P2 Sn1  
   1035  UFEBIU       154  C60 H78 Fe1 N12 P3  
   1036  UFEBIU01     154  C60 H78 Fe1 N12 P3  
   1037  UFEBUD       226  C108 H74 Cl2 F24 Fe1 N6 O1 S10  
   1038  UGONOW       128  C45 H72 Fe1 N6 P2 Si2  
   1039  UHUBUX01     123  C65 H48 B1 Cl2 Fe1 N4 O2  
   1040  UJEWEL       114  C51 H44 B1 F4 Fe1 N6 O7 1+  
   1041  UJUFUB       189  C92 H68 Cl12 Fe1 N12 O4  
   1042  UKUNOD       194  C54 H78 Cl6 Fe14 N18 O24  
   1043  ULEHUO       101  C42 H34 Cl4 Fe1 N6 O14 2-  
   1044  UNEWEP       175  C39 H94 Cl2 Fe1 Mg1 N6 O32 1+  
   1045  URIHAH       105  C50 H44 Br2 Cl4 Fe1 N4  
   1046  USILUF       107  C37 H51 F6 Fe1 N3 O7 S2  
   1047  UTAWEU       112  C52 H50 Fe1 N2 O5 P2  
   1048  UZUCIE       169  C84 H64 Cl4 Fe1 I4 N8 P4 1-  
   1049  VABSUM       216  C50 H105 Fe18 N10 Na3 S30 4-  
   1050  VABSUM10     216  C50 H105 Fe18 N10 Na3 S30 4-  
   1051  VACXOM       119  C62 H46 Fe1 N10  
   1052  VAFJES       106  C35 H55 Cl1 Fe1 N7 O7  
   1053  VAGYOR       140  C31 H85 Fe1 Ga3 O8 Si12  
   1054  VAHGES       114  C53 H52 B1 Fe1 N5 O2  
   1055  VAKCAL       101  C38 H27 Fe1 I22 N7 Sb6 2-  
   1056  VECYOU       105  C33 H67 B1 Fe1 O1 P2  
   1057  VEJRUA       119  C45 H67 Fe1 N2 P3 Si1  
   1058  VELGIC       109  C44 H46 B2 F8 Fe1 N6 O2  
   1059  VENDAV       131  C60 H56 B2 Fe1 N12  
   1060  VEVQOE       170  C76 H74 B2 Fe1 N12 O5  
   1061  VEXGEM       361  C94 H188 Fe14 O59 P6  
   1062  VIBMAX       121  C49 H53 B2 F8 Fe1 N4 O1 P3  
   1063  VIHCOF       104  C48 H47 B1 Fe1 N4 O3  
   1064  VIHCUL       126  C58 H56 B1 Cl2 Fe1 N5 O3  
   1065  VIJFEZ       180  C40 H80 Cl10 Fe10 O40  
   1066  VIJFEZ10     180  C40 H80 Cl10 Fe10 O40  
   1067  VILZEX       113  C50 H42 B2 F8 Fe1 N10  
   1068  VIQJOW       102  C36 H44 Cl2 Fe1 N7 O10 S2  
   1069  VOBKON       111  C42 H50 Cl2 Fe1 N6 O10  
   1070  VOCDOH       122  C49 H48 B1 F4 Fe1 N12 O5 P2 1+  
   1071  VOCGIF       109  C24 H48 B30 Fe1 N3 O3  
   1072  VODHIG       130  C44 H66 Cl2 Fe1 N6 O11  
   1073  VOJDOQ       121  C50 H63 Cl1 Fe1 N4 P2  
   1074  VOTTEG       149  C59 H62 Cl3 F12 Fe1 N9 O1 P2  
   1075  VOTYOV       113  C44 H65 Fe1 N3  
   1076  VOTYOV01     113  C44 H65 Fe1 N3  
   1077  VOTYOV02     113  C44 H65 Fe1 N3  
   1078  VOXVAI       142  C48 H79 B2 Fe1 N12  
   1079  VUGKOY       102  C44 H35 F12 Fe1 N7 O1 P2  
   1080  VUJRIC       100  C36 H50 Fe1 N12 O1  
   1081  VUJYOO       101  C47 H47 Fe1 O2 P4 1+  
   1082  VURLAY       123  C48 H51 F12 Fe1 N9 P2  
   1083  VUTZOC       227  C94 H102 Cl2 Fe1 N10 O18  
   1084  VUYMOS       107  C28 H64 Cl2 Fe1 O8 P4  
   1085  WABMOF       179  C64 H98 Fe1 N8 O8  
   1086  WAHBAI       121  C50 H60 Fe1 N6 O4  
   1087  WAHGIV       104  C35 H55 Fe1 N5 O8  
   1088  WAJVUB       106  C45 H36 B2 Cl7 F2 Fe1 N6 O6 P1  
   1089  WAKXAH       130  C47 H68 Fe1 N3 O11  
   1090  WAPNEI       125  C54 H50 B2 Fe1 N18  
   1091  WARHEE       108  C42 H54 Cl1 Fe1 N6 O4  
   1092  WAWGIK       120  C50 H61 B1 Fe1 N3 P4 1+  
   1093  WAWPUJ       116  C55 H49 Cl2 Fe1 N5 O4  
   1094  WEFFUJ       105  C42 H48 Fe1 N7 O5 S2  
   1095  WEKJIF       106  C45 H52 Fe1 N6 S2  
   1096  WEPTUI       123  C59 H53 B1 F4 Fe1 N2 O1 P2  
   1097  WEQGOO       107  C52 H49 Cl1 Fe1 P4  
   1098  WEQHUZ       102  C48 H25 Cl2 F10 Fe1 N7 O9  
   1099  WESSIA       135  C67 H50 Cl2 Fe1 N6 O9  
   1100  WESTEU       255  (C16 H82 F38 Fe18 N12 O57 S12 12-)n  
   1101  WETJUD       108  C47 H35 B2 Cl3 F2 Fe1 N6 O10 S2  
   1102  WEVXAA       105  C41 H52 Cl3 Fe1 N8  
   1103  WEYPEW       103  (C47 H42 Fe1 N6 O1 Sn2)n  
   1104  WEYPOG       193  (C91 H84 Fe1 N8 O1 Sn4)n  
   1105  WEYPUM       160  (C66 H68 Cl6 Fe1 N6 O5 Sn4)n  
   1106  WEZVIH       112  C50 H53 B1 Fe1 N6 O1  
   1107  WIFZUG       107  C54 H44 Fe1 N6 S2  
   1108  WIHQIQ       110  C30 H60 F6 Fe1 N6 P1 S6 1+  
   1109  WIHQIQ01     110  C30 H60 F6 Fe1 N6 P1 S6 1+  
   1110  WIHQIQ02     110  C30 H60 F6 Fe1 N6 P1 S6 1+  
   1111  WIHQIQ05     110  C30 H60 F6 Fe1 N6 P1 S6 1+  
   1112  WIKJAD       121  C47 H53 F3 Fe1 N11 O5 S1 1+  
   1113  WISHUE       120  C54 H58 Cl1 Fe1 N2 O2 S2  
   1114  WITFOX       161  C52 H59 Fe1 Ge4 N7 O38 2-  
   1115  WIYBEO       311  C72 H174 Cl12 Fe12 N4 O37  
   1116  WIYBIS       272  C64 H148 Cl12 Fe12 N4 O32  
   1117  WIYBIS01     272  C64 H148 Cl12 Fe12 N4 O32  
   1118  WIZNEB       104  C45 H43 Fe1 N10 O5 1+  
   1119  WOBXER       104  C46 H48 B1 Cl2 Fe1 N4 O2  
   1120  WODLOQ       114  C50 H57 Fe1 N4 O2  
   1121  WOFBAX       343  C148 H174 B6 Cl4 Fe1 N10  
   1122  WOGMAH       131  C58 H60 B1 F4 Fe1 N4 O1 P2 1+  
   1123  WOHFUV       243  C113 H102 Er2 Fe1 N19 O6  
   1124  WOJVIB       106  C51 H45 Fe1 N5 O4  
   1125  WOMMOD       209  C59 H77 Fe10 N15 O48  
   1126  WOMXEB       152  C58 H48 F30 Fe1 N10 P5 1-  
   1127  WONXUU       103  C48 H40 Fe1 N5 O9  
   1128  WOPZOQ       106  C58 H36 Fe1 N10 P1 1+  
   1129  WOPZOQ01     106  C58 H36 Fe1 N10 P1 1+  
   1130  WORMOF       116  C53 H51 B1 F4 Fe1 N2 P4  
   1131  WOTSUT       132  C60 H62 B1 Fe1 N4 O4  
   1132  WOTTAA       119  C57 H54 B1 Fe1 N4 O2  
   1133  WOVLEY       134  C57 H49 Fe1 N9 O15 S3  
   1134  WOVLEY01     135  C57 H50 Fe1 N9 O15 S3 1+  
   1135  WOYCAQ       112  C52 H38 Fe1 N14 O5 Se2  
   1136  WOYCEU       125  C58 H40 Fe1 N18 O6 S2  
   1137  WOYCIY       113  C56 H32 Fe1 N18 O4 Se2  
   1138  WOYCOE       183  C86 H75 Fe1 N19 Se2  
   1139  WOYCOE01     183  C86 H75 Fe1 N19 Se2  
   1140  WOYDEV       177  C84 H72 Fe1 N18 Se2  
   1141  WUGROF       101  C34 H48 Fe1 N14 O4  
   1142  WUJZOR       119  C50 H50 B2 F2 Fe1 N6 O8  
   1143  WUPKUN       100  C41 H35 F6 Fe1 N7 O8 S2  
   1144  WUTSAI       101  C39 H38 Cl2 Fe1 N10 O11  
   1145  XADSIG       148  C44 H87 Fe1 N10 O3 S3  
   1146  XAGLIC       120  C54 H40 Ca2 Cl1 Fe1 N14 O8  
   1147  XATPEQ       193  C100 H68 As3 Fe1 N20 O1  
   1148  XAWDIL       134  C62 H38 B1 F25 Fe1 N4 O2 S1  
   1149  XAXVAW       106  C37 H63 Fe1 N1 O2 P2  
   1150  XEDHIB       112  C36 H53 F6 Fe1 N4 O10 S2  
   1151  XEJPIP       198  C94 H82 B1 Fe1 N18 O2 1+  
   1152  XEMFII       139  C58 H72 Fe1 N4 O2 P2  
   1153  XEWHOY       131  C58 H54 Cl2 Fe1 N8 O8  
   1154  XEWHUE       125  C56 H51 Cl2 Fe1 N7 O8  
   1155  XEZPUR       120  C54 H52 B1 F4 Fe1 N4 P4 1+  
   1156  XIBYOZ       106  C42 H45 Cl1 Fe1 N9 O4 P2 S2 1+  
   1157  XIDPAC       105  C39 H55 B1 F4 Fe1 O3 P2  
   1158  XIDPOS       105  C53 H32 F7 Fe1 N8 O3 S1  
   1159  XIFQUB       130  C57 H48 B2 Cl6 F2 Fe1 N6 O8  
   1160  XIHVOZ       153  C78 H61 Fe1 N6 O3 P4 1-  
   1161  XILBEA       101  C42 H44 Fe1 N10 O4  
   1162  XILJAD       162  C72 H74 Cl5 Fe1 N6 O4  
   1163  XILJAD01     162  C72 H74 Cl5 Fe1 N6 O4  
   1164  XILJAD02     162  C72 H74 Cl5 Fe1 N6 O4  
   1165  XIQFEJ       102  C42 H35 Cl3 Fe1 N8 O13  
   1166  XISXUU       178  C88 H56 Fe12 O20 Te2  
   1167  XIVTIJ       287  (C81 H81 Fe15 N9 O72)n  
   1168  XOWDES       163  C67 H64 F12 Fe1 N8 O9 P2  
   1169  XUCWAV       146  C57 H70 B2 Cl2 F8 Fe1 N4 P2  
   1170  XUGCEJ       126  C45 H51 Cl4 Fe1 N9 O16 2-  
   1171  XUGSOJ       125  C51 H53 Cl2 Fe1 N9 O9  
   1172  XUGTAW       125  C51 H53 B2 F8 Fe1 N9 O1  
   1173  XUGTEA       125  C51 H53 B2 F8 Fe1 N9 O1  
   1174  XUHHEP       372  C104 H198 Fe16 O54  
   1175  XUHLOC       111  C44 H44 B2 F2 Fe1 N6 O6 S6  
   1176  XUKNUN01     107  C54 H44 Fe1 N6 Se2  
   1177  XUKPEZ       107  C54 H44 Fe1 N6 Se2  
   1178  XUKPEZ01     107  C54 H44 Fe1 N6 Se2  
   1179  XUPFOD       122  C54 H42 Fe1 N15 O8 Sr2  
   1180  XUVKUX       106  C48 H52 Fe1 P4 Si1  
   1181  XUXKUY       101  C37 H55 Br2 Fe1 N1 O3 P2  
   1182  XUXLAF       121  C54 H59 B1 Br1 Fe1 N1 O2 P2  
   1183  XUYYOG       100  C36 H43 Fe1 N12 O8  
   1184  YACJIW       141  C63 H64 Cl3 Fe1 N6 O4  
   1185  YACNAT       104  C48 H44 Fe1 N6 O3 P2  
   1186  YACNEX       121  C56 H48 Cl2 Fe1 N6 O6 P2  
   1187  YACNIB       123  C58 H49 Cl2 Fe1 N6 O5 P2 1+  
   1188  YACNOH       129  C62 H45 Cl4 Fe1 N7 O8 P2  
   1189  YAKPOT       109  C48 H54 Fe1 N4 O2  
   1190  YAKPOT01     109  C48 H54 Fe1 N4 O2  
   1191  YALPAF       111  C40 H62 Fe1 O2 P4 S2  
   1192  YAXJUD       101  C36 H58 Br1 Fe1 N1 P4  
   1193  YAXKAK       170  C69 H93 B1 Fe1 N2 P4  
   1194  YAXVEC       106  C56 H40 B1 Cl2 Fe1 N4 O2  
   1195  YAXVIG       106  C56 H40 B1 Br2 Fe1 N4 O2  
   1196  YAXYOM       113  C47 H54 B1 Fe1 N6 O4  
   1197  YAZJEP       148  C70 H66 B2 Fe1 N8 O1  
   1198  YAZJIT01     163  C76 H74 B2 Fe1 N10  
   1199  YAZJOZ       171  C84 H75 B2 Fe1 N9  
   1200  YEGLAY       169  C79 H81 Fe1 N2 O6  
   1201  YEGPUX       118  (C46 H45 Fe1 N13 O7 Pr1)n  
   1202  YEQKIR       102  C24 H48 B1 F4 Fe1 N24 1+  
   1203  YETTUQ       118  C54 H46 Cl1 Fe1 N8 O6 P2 1+  
   1204  YEVHUF       113  C61 H28 F8 Fe1 N14 O1 2-  
   1205  YIBRIO       109  C52 H48 Fe1 N4 P4  
   1206  YICCUJ       100  C47 H36 Cl2 Fe1 N7 O7  
   1207  YICDAQ       104  C49 H38 Cl2 Fe1 N7 O7  
   1208  YICGAT       118  C54 H50 B1 Fe1 N6 O6 1+  
   1209  YICKIF       105  C42 H48 Cl2 Fe1 N6 O6  
   1210  YICSIN       103  C31 H51 B2 F8 Fe1 N7 O3  
   1211  YICYER       110  C49 H49 Fe1 N4 O7  
   1212  YIGTUG       161  C68 H77 B1 Fe1 K1 N3 O6 P4  
   1213  YIMYUO       159  C71 H70 Fe1 N12 O5  
   1214  YIQHEM       119  C60 H38 B2 Fe1 N18  
   1215  YIQNOD       117  C46 H42 Cl2 Fe1 N6 O12 S8  
   1216  YIQNUJ       111  C46 H34 F6 Fe1 N6 O8 S10  
   1217  YIQPAR       123  C52 H43 Cl2 Fe1 N9 O8 S8  
   1218  YIYWAF       183  C78 H60 F12 Fe1 N6 O18 P2 S6  
   1219  YIZFAQ       109  C39 H54 Cl1 Fe1 N6 O8  
   1220  YOGKEK       137  C66 H63 B1 Fe1 N3 P3  
   1221  YOGKIO       137  C67 H63 B1 Fe1 N1 O1 P3  
   1222  YOMQIC       104  C42 H36 B2 Cl7 F2 Fe1 N7 O7  
   1223  YOPPOK       118  C55 H21 F20 Fe1 N15 O4 Se2  
   1224  YOPPOK01     118  C55 H21 F20 Fe1 N15 O4 Se2  
   1225  YOPPOK02     118  C55 H21 F20 Fe1 N15 O4 Se2  
   1226  YOPPOK03     118  C55 H21 F20 Fe1 N15 O4 Se2  
   1227  YOPPOK04     118  C55 H21 F20 Fe1 N15 O4 Se2  
   1228  YOPPOK05     118  C55 H21 F20 Fe1 N15 O4 Se2  
   1229  YOPPOK06     118  C55 H21 F20 Fe1 N15 O4 Se2  
   1230  YOXHUP       101  C36 H56 Fe1 N6 Si2  
   1231  YOXRAG       109  C48 H44 B2 F8 Fe1 N4 P2  
   1232  YUFYUV       125  C38 H66 B2 Cl6 Fe1 N6 O6  
   1233  YUFYUV01     125  C38 H66 B2 Cl6 Fe1 N6 O6  
   1234  YUFYUV02     125  C38 H66 B2 Cl6 Fe1 N6 O6  
   1235  YUFYUV03     125  C38 H66 B2 Cl6 Fe1 N6 O6  
   1236  YUFYUV04     125  C38 H66 B2 Cl6 Fe1 N6 O6  
   1237  YUPBUJ       107  C44 H37 Br4 F12 Fe1 N7 P2  
   1238  YUPCAQ       117  C50 H40 F12 Fe1 N12 P2  
   1239  YUPJOJ       106  C24 H60 Fe1 I3 O18 1+  
   1240  YUWJAE       191  C76 H92 B2 F8 Fe1 N8 P4  
   1241  ZADMOK       131  C63 H54 F3 Fe1 N2 O3 P4 S1 1+  
   1242  ZALDIZ       101  C37 H51 Cl1 Fe1 N4 O7  
   1243  ZASQOB       116  (C46 H44 Fe1 N10 O13)n  
   1244  ZAXCUW       107  C40 H54 B2 Fe1 N6 O4  
   1245  ZAXDEH       107  C32 H62 B2 Fe1 N6 O4  
   1246  ZAYYUT       100  C36 H48 Fe1 O12 P3  
   1247  ZAZHIR       121  C40 H72 Fe1 N2 O6  
   1248  ZEBXIQ       109  C54 H36 B2 Br4 Fe1 N6 O6  
   1249  ZEQRAO       110  C59 H15 Br8 F20 Fe1 N7  
   1250  ZERFOU       102  C44 H48 Fe1 N4 O1 S4  
   1251  ZETQAQ       123  C62 H50 Fe1 N3 O2 P5  
   1252  ZEWVOO       116  C50 H54 B1 Fe1 N6 O4  
   1253  ZEYBEM       107  C44 H44 B2 F8 Fe1 N6 P2  
   1254  ZEYTAB       143  (C60 H48 Fe1 N10 O16 S2)n  
   1255  ZEYTAB01     143  (C60 H48 Fe1 N10 O16 S2)n  
   1256  ZEZPUT       112  C50 H36 B2 F8 Fe1 N14 O1  
   1257  ZIDMIM       103  C36 H50 Fe1 N8 O8  
   1258  ZIFDOJ       144  C49 H68 B2 Cl2 Fe1 N18 O4  
   1259  ZIHJAE       124  C57 H45 F12 Fe1 N6 O3  
   1260  ZIJZAW       122  C38 H42 F18 Fe1 N5 O16 S2  
   1261  ZILFEJ       104  C27 H28 F18 Fe1 N9 Na1 O14 S6  
   1262  ZIMQEV       101  C46 H34 Cl2 Fe1 N10 O8  
   1263  ZIWNIG       116  C49 H55 B1 Br2 Fe1 N5 O3  
   1264  ZIWNIG01     116  C49 H55 B1 Br2 Fe1 N5 O3  
   1265  ZIWPAA01     128  C52 H62 B1 F2 Fe1 N6 O4  
   1266  ZIWZAK       109  C37 H51 F3 Fe1 N13 O3 S1 1+  
   1267  ZIZHUO       115  C60 H48 Br2 Fe1 P4  
   1268  ZOFJOT       132  C62 H58 B1 Fe1 N6 S4 1+  
   1269  ZOGNAM       100  C51 H39 Fe1 O9  
   1270  ZOKTAW       110  C37 H33 F12 Fe1 N15 O8 S4  
   1271  ZONXEF       113  C58 H42 Cl4 Fe1 N6 O2  
   1272  ZOVRIL       109  C42 H60 Fe1 O6  
   1273  ZOXKEE       180  C68 H96 Br2 Fe1 N6 O3 S4  
   1274  ZOYKUV       157  C58 H80 Fe1 N14 O2 S2  
   1275  ZUBNAO       104  C56 H34 Fe1 N10 O1 S2  
   1276  ZUBNAO01     104  C56 H34 Fe1 N10 O1 S2  
   1277  ZUBNOC       101  C56 H32 Fe1 N10 S2  
   1278  ZUMREE       158  C72 H61 Cl3 Fe1 N6 O15  
   1279  ZUNWEK       103  C32 H50 F6 Fe1 O10 P2 S2  
   1280  ZURWUE       108  C45 H46 Cl2 Fe1 N7 O7  
   1281  BIXFIA       152  C76 H55 F6 Fe1 N10 O4 1+  
   1282  FOTHEE       152  C32 H74 Cl8 Fe10 N8 O20  
   1283  KOLYOD       116  C56 H54 Fe1 O1 P4  
   1284  KOLYUJ       119  C58 H56 Fe1 P4  
   1285  KOMBAT       113  C52 H49 Al1 Cl4 Fe1 N2 P4  
   1286  KOMBEX       101  C52 H44 Fe1 P4  
   1287  NIPJEB01     101  C50 H46 Fe1 P4  
   1288  QOMZIF       121  C50 H46 Fe1 N10 O14 2-  
   1289  QOMZOL       106  C38 H44 Fe1 N10 O13  
   1290  SONYED       138  C40 H66 B1 F4 Fe1 N6 O14 Te6 1+  
   1291  SOPPUM03     142  C64 H66 B1 Fe1 N8 O2  
   1292  SOPPUM04     142  C64 H66 B1 Fe1 N8 O2  
   1293  SOSNIA       132  C36 H66 F6 Fe1 N10 O11 S2  
   1294  TONLUH       190  C68 H58 Fe1 O15 S48 1+  
   1295  VOKWEB       117  C36 H71 Fe1 N4 O2 Si3  
   1296  XOLLOD       109  C41 H59 Fe1 N3 O4 Si1  
   1297  YOJHEO       107  C52 H46 F3 Fe1 N3 P2  
   1298  COCLEP       103  (C36 H43 Fe1 Gd1 N11 O9)n  
   1299  CODNES       218  C108 H89 Fe1 N9 O8 P3  
   1300  CODNUI       262  C131 H106 Fe1 N8 O13 P3  
   1301  COHJES       111  C53 H35 Fe1 N15 O5 S2  
   1302  COHJES01     111  C53 H35 Fe1 N15 O5 S2  
   1303  COHTAY       135  C43 H70 F6 Fe1 N4 O7 S2 Si2  
   1304  FIWZUK       128  C47 H57 Cl8 F3 Fe1 N2 O7 P2 S1  
   1305  JOKSOV       106  C46 H50 B1 Fe1 N5 O3  
   1306  LIZRAR       105  (C44 H44 Fe1 N6 S4 Se2)n  
   1307  LIZSEW       105  (C44 H44 Fe1 N6 S6)n  
   1308  MOBBAK       105  C34 H39 F9 Fe1 N10 O9 S3  
   1309  YIYZIT       100  C36 H58 Fe1 N2 O1 Si2  
   1310  ZODNEP       106  C31 H46 F12 Fe1 N14 P2  
   1311  ZODZIF       104  C47 H42 B1 Cl4 F4 Fe1 N1 O1 P2 S1  
   1312  ZOFBEF       127  C54 H51 F6 Fe1 N3 O7 P2 S3  

Summary of the search
   1319519 CCDC entries checked
   1319519 organometallic entries (wrong counter displayed)
     35671 skipped entries - no 3D struc
    250163 skipped entries - disorder
    305158 skipped entries - too small
    129476 skipped entries - no target TM ion
      1215 skipped entries - 2nd transition metal
      1617 skipped entries - wrong coordination
