Runnig query01.py on hpa-wn05.twgrid.org
  name base: query01
  startdir : /dicos_ui_home/tlankau/QMMM/Query01
  workdir  : /tmp/tlankau
  homedir  : /dicos_ui_home/tlankau/QMMM/Query01/QRes-134103
  pid      : 134103
  slurm out: slurm-134103.out

/tmp/tlankau found
Copy query01.py to /tmp/tlankau

20-09-2024 17:45:40 Job starts
QStandardPaths: XDG_RUNTIME_DIR points to non-existing path '/run/user/21209', please create it with 0700 permissions.
Base directory  : /tmp/tlankau
Res directory   : /tmp/tlankau/Results
max reads       : 2000000 (about 1.5 mio CCDC entries)
max hits        :    5000

Directory for results exists
      1  ABAXIK        84  C35 H41 B1 Fe1 I1 N3 O2  
      2  ACAHUJ        89  C33 H33 Cl2 Fe1 N9 O11  
      3  ACAHUJ02      89  C33 H33 Cl2 Fe1 N9 O11  
      4  ACOMAG       138  C65 H47 Cl2 Fe1 N9 O14  
      5  ACORUG        78  C26 H38 Cl1 Fe1 N4 O8  
      6  ACOSAN        84  C28 H42 Cl1 Fe1 N4 O8  
      7  ACOSAN01      84  C28 H42 Cl1 Fe1 N4 O8  
      8  ACUMUH       208  C76 H86 B3 Cl12 F12 Fe1 N9 O9  
      9  ADEJOK       155  C58 H82 F6 Fe1 N6 O1 P1 1+  
     10  ADEQIL        87  C30 H34 F12 Fe1 N8 P2  
     11  ADEQOR        99  C34 H44 F12 Fe1 N6 P2  
     12  ADIGAV       122  C51 H60 Cl2 Fe1 N4 O4  
     13  ADUHEP        87  C34 H44 Fe1 N5 O1 S2  
     14  ADUHIT        83  C32 H44 Br2 Fe1 N3 O1  
     15  AFANIF01      76  C26 H28 B2 F8 Fe1 N10 O1  
     16  AFANIF02      76  C26 H28 B2 F8 Fe1 N10 O1  
     17  AFANIF03      76  C26 H28 B2 F8 Fe1 N10 O1  
     18  AFANIF04      76  C26 H28 B2 F8 Fe1 N10 O1  
     19  AFANIF05      76  C26 H28 B2 F8 Fe1 N10 O1  
     20  AFOLUG01      83  C33 H40 Cl2 Fe1 I1 N4 O2  
     21  AFOMAN        83  C33 H39 Cl3 Fe1 I1 N4 O2  
     22  AFOMAN02      83  C33 H39 Cl3 Fe1 I1 N4 O2  
     23  AFOMOB        88  C35 H44 Fe1 I1 N4 O3  
     24  AGASUX        75  (C32 H28 Cl4 Fe1 N4 O4)n  
     25  AGEDEV       101  C38 H55 B1 Cl1 Fe1 N1 P4  
     26  AGESOV       113  C38 H68 Fe1 N6  
     27  AGUYUW       127  C53 H34 Cl8 Fe1 N12 O19  
     28  AGUYUY        85  C27 H48 Fe1 N3 S6  
     29  AGUZAD       109  C47 H22 Cl8 Fe1 N12 O19  
     30  AHAREG        81  C32 H34 Br4 Cl2 Fe1 N3 O5  
     31  AHARIK        80  C32 H31 Br4 Cl2 Fe1 N4 O6  
     32  AHINOX        81  C24 H34 F12 Fe1 N8 P2  
     33  AJAXEP       101  C42 H36 Fe1 N10 O2 S10  
     34  AJEFIG       113  C46 H54 Fe1 N2 O4 P2 S4  
     35  AJEFOM       118  C48 H54 Fe1 O6 P3 S6  
     36  AJURII        95  C39 H45 Cl3 Fe1 Ga1 N2 O3 P1  
     37  AJUROO       149  C53 H82 Cl6 Fe1 Ga2 O3 P2  
     38  AKEQEM        91  C32 H40 B2 Fe1 N16  
     39  AKIHUA       141  C47 H70 F6 Fe1 N6 O7 S4  
     40  AKIWIC       142  C66 H58 Fe1 N7 O10  
     41  AKUSIL        96  C34 H36 F12 Fe1 N10 O1 P2  
     42  ALAREM       124  C55 H58 B2 Fe1 N6 Si2  
     43  ALIKUC       102  C36 H43 Cl1 Fe1 N13 O8 1+  
     44  ALILAJ       107  C36 H43 B2 F8 Fe1 N13 O4  
     45  ALILEN        87  C28 H34 Cl2 Fe1 N14 O8  
     46  ALOGUD       175  C99 H69 Fe1 N6  
     47  ALUBOB       111  C48 H41 B2 F8 Fe1 N7 O4  
     48  ALUCES       111  C47 H42 Cl2 Fe1 N6 O13  
     49  AMUQIJ        93  C36 H34 F12 Fe1 N8 P2  
     50  ANAVUH       118  C49 H45 B2 Cl3 Fe1 N12 O6  
     51  APEKOY       144  C74 H62 B1 Fe1 N4 P2 1+  
     52  APIKUH        80  C26 H46 Cl2 Fe1 N1 O1 P3  
     53  APINUJ        81  C38 H32 Fe1 N6 O4  
     54  APIPIZ        93  C41 H39 Fe1 N7 O5  
     55  AQAKAE       178  C76 H86 Cl7 Fe1 N8  
     56  AQALAF       141  C63 H62 Cl7 Fe1 N8  
     57  AQIYAA       117  C51 H53 Fe1 N5 O2 P2 S3  
     58  AQIYEE        89  C43 H35 Fe1 N5 O3 P2  
     59  AQIYII        95  C45 H38 Fe1 N2 O4 P2 S3  
     60  AQIZEF       161  C83 H65 Fe1 N5 O2 P4 S1  
     61  AQODIT       116  C46 H56 Cl1 Fe1 N4 O8  
     62  AQOGET        75  C29 H35 Cl7 Fe1 N3  
     63  AQOJOI        88  C41 H32 F3 Fe1 N6 O4 S1 1+  
     64  AQURUC       130  C74 H44 Fe1 N10 P1  
     65  ARADOO        81  C34 H32 Fe1 N10 O2 S2  
     66  ARADOO01      81  C34 H32 Fe1 N10 O2 S2  
     67  ARAGEH01     101  C36 H39 Cl2 Fe1 N9 O14  
     68  ARECIJ       103  C52 H44 Fe1 N2 O4  
     69  ARECOP       111  C56 H48 Fe1 N2 O4  
     70  AREDEG       174  C78 H86 Fe1 N4 O5  
     71  ARESUO        75  C36 H24 Br8 Fe1 N6  
     72  AROLID       124  C50 H54 Cl7 Fe1 N8 O4  
     73  AROQUU        98  C42 H38 Cl2 Fe1 N6 O9  
     74  AROTAE       221  C69 H141 B3 Fe1 N2 O1 P4  
     75  AROVUA       120  C64 H40 F6 Fe1 N8 O1  
     76  AROZIS        90  C36 H35 B1 F4 Fe1 N13 1+  
     77  ARUQUC       133  C50 H76 B1 Fe1 N3 P2  
     78  ARURAJ       133  C50 H76 B1 Fe1 N3 P2  
     79  ARUYOE        78  C21 H51 B1 Fe1 N2 P2  
     80  ARUZEV       139  C52 H78 B1 Br1 Fe1 N4 P2  
     81  ASALIQ       130  C52 H51 Cl2 Fe1 N15 O9  
     82  ASAYAW        75  C34 H26 Fe1 N9 O3 S2  
     83  ASOHEY       139  C63 H69 Fe1 O6  
     84  ATASEU        89  C36 H32 F12 Fe1 N6 P2  
     85  ATELIX        77  C30 H35 Fe1 N7 O1 P2 S1  
     86  AVAZEF       134  C53 H60 Cl2 Fe1 N10 O8  
     87  AVAZIJ       143  C54 H66 Cl4 Fe1 N10 O8  
     88  AVEDOW        85  C30 H36 B2 Br4 Fe1 N6 O6  
     89  AVEDUC       121  C50 H52 B2 Fe1 N10 O6  
     90  AVINUO        75  C27 H30 Cl2 Fe1 N6 O9  
     91  AVUHUW        78  C23 H41 B1 Cl1 F4 Fe1 N3 O2 P2  
     92  AWETUU       115  C60 H49 Br1 Fe1 P4  
     93  AWIQOM        77  (C26 H28 Fe1 N9 O8 Sm1)n  
     94  AWUKEK        95  C32 H41 B2 F8 Fe1 N7 O4  
     95  AWUKEK01      95  C32 H41 B2 F8 Fe1 N7 O4  
     96  AXEHOC       105  C30 H45 Fe1 O27 S2 1+  
     97  AXUHEG       108  C33 H58 B1 Fe1 N13 O2 1+  
     98  AXUJUA        81  C28 H34 Fe1 N10 O8  
     99  AXUNEP       102  C41 H39 F6 Fe1 N5 O8 S2  
    100  AYEHIY        94  C45 H41 B1 Fe1 O4 P2  
    101  AYEJAS        99  C51 H42 Fe1 O3 P2  
    102  AYEWOQ       108  C46 H46 Cl2 F6 Fe1 N1 O3 P3  
    103  AYIXOY       125  C51 H63 B1 Br1 Fe1 N5 O1 P2  
    104  AYUCII        77  C26 H44 F1 Fe1 I1 N1 P3  
    105  AYUNOX        92  C24 H49 Fe1 N5 O9 S4  
    106  AYUNUD       100  C30 H49 F12 Fe1 N5 O1 P2  
    107  AZAMAS        78  C26 H32 B1 Cl1 Fe1 N10 O7  
    108  AZAMEW        78  C26 H32 B1 Cl1 Fe1 N10 O7  
    109  AZAMOG        78  C26 H32 B1 Cl1 Fe1 N10 O7  
    110  AZOQOV       317  C131 H120 Fe11 N13 O42  
    111  AZUHAH        85  C30 H33 Fe1 N6 O15  
    112  BADWAG        97  C48 H33 Fe1 N8 O5 S2 1+  
    113  BADWAG01      97  C48 H33 Fe1 N8 O5 S2 1+  
    114  BAHYIS        96  C42 H45 B1 Fe1 N4 S3  
    115  BAJJUS       131  C36 H80 Cl2 Fe1 O8 P4  
    116  BAJKED       131  C36 H80 Cl2 Fe1 O8 P4  
    117  BAJKIH       131  C36 H80 Br2 Fe1 O8 P4  
    118  BAKGUR        81  C24 H39 As1 Cl1 F6 Fe1 N9  
    119  BAKGUR01      81  C24 H39 As1 Cl1 F6 Fe1 N9  
    120  BALTIS       100  C45 H45 Fe1 N1 O6 P2  
    121  BAMNOU        97  C52 H38 Fe1 N4 O2  
    122  BAMVUK        88  C27 H44 B2 Cl2 Fe1 N6 O6  
    123  BAPGOP       124  C38 H56 Cl3 Fe1 N12 O14  
    124  BARSAQ        78  C22 H47 Cl1 Fe1 N2 O1 P4  
    125  BASDAE        78  C30 H24 Cl2 F12 Fe1 N6 O1 P2  
    126  BAVHEL       103  C52 H44 Br2 Fe1 P4  
    127  BAVZED       103  C52 H44 Cl2 Fe1 P4  
    128  BAXJUI       131  C48 H63 B2 F8 Fe1 N9  
    129  BAXTEA        93  (C32 H38 F2 Fe1 N6 O8)n  
    130  BAYDEL        99  C41 H50 Fe1 N6 S1  
    131  BAYKOD        81  C34 H39 Cl2 Fe1 N5  
    132  BAYKUJ        99  C36 H42 F12 Fe1 N6 Sb2  
    133  BAZKUK        81  C25 H32 F3 Fe1 N6 O13 S1  
    134  BAZYUZ        78  C34 H35 Fe1 N6 O2  
    135  BAZZAG        78  C35 H35 Fe1 N4 O3  
    136  BECQOQ       317  C106 H136 Cl20 Fe10 N8 O37  
    137  BECTOU        93  C46 H31 Fe1 N6 O9 1+  
    138  BEDLIG       139  C48 H78 Fe1 N8 O4  
    139  BEFBEW        83  C36 H34 Fe1 I2 N10  
    140  BEFNIM        89  C39 H32 Cl2 Fe1 N12 O1 S2  
    141  BEFNOS        89  C39 H32 Br2 Fe1 N12 O1 S2  
    142  BEHDOK01      93  C40 H34 Fe1 N12 O6  
    143  BEJFOO       119  C51 H56 Br2 Fe1 N8 O1  
    144  BEJFUU       187  C85 H88 B2 Fe1 N10 O1  
    145  BEJQOA        81  C35 H30 Fe1 N12 O3  
    146  BEJQUG        75  C34 H26 Fe1 N12 O2  
    147  BEJQUG01      75  C34 H26 Fe1 N12 O2  
    148  BEJRAN        81  C35 H30 Fe1 N12 O3  
    149  BEJRER        81  C35 H30 Fe1 N12 O3  
    150  BELRUJ       117  C48 H63 Fe1 N3 P2  
    151  BEMPEO        86  C31 H24 Fe1 N1 O13 S16 1-  
    152  BEQBAE        77  C16 H43 Fe1 N4 O11 S2  
    153  BERTAT       104  C41 H46 B2 Cl2 Fe1 N8 O4  
    154  BETRAW        86  C40 H25 F12 Fe1 O8  
    155  BICSEL        97  C33 H52 Fe1 N3 O8  
    156  BIHKUY       120  C41 H61 Fe1 N4 O13  
    157  BINZUT       122  C45 H69 B1 Fe1 P4 S2  
    158  BINZUW       148  C75 H64 B2 Fe1 N6  
    159  BINZUW01     148  C75 H64 B2 Fe1 N6  
    160  BIPWUV        87  C34 H42 Fe1 N5 O3 S2  
    161  BISWEF10      90  C41 H44 B1 Fe1 P3  
    162  BISWEF11      90  C41 H44 B1 Fe1 P3  
    163  BITPFE       137  C68 H62 Fe1 N6  
    164  BIWTOT       147  C50 H70 F6 Fe1 N10 O8 S2  
    165  BOCKIQ       139  C59 H51 B2 Cl2 F8 Fe1 N15 O1  
    166  BODFUX       179  C90 H79 B2 Fe1 N7  
    167  BODGAE        88  C40 H36 Cl1 Fe1 N6 O4  
    168  BODGAE01      88  C40 H36 Cl1 Fe1 N6 O4  
    169  BODGAE02      88  C40 H36 Cl1 Fe1 N6 O4  
    170  BOFFOS       157  C42 H78 Fe1 K3 O33  
    171  BOGLAM        94  C23 H55 F3 Fe1 N4 O3 P4 S1  
    172  BOJMAP        89  C40 H26 Fe1 N20 O2  
    173  BOJMAP01      89  C40 H26 Fe1 N20 O2  
    174  BOJMET        95  C42 H30 Fe1 N20 O2  
    175  BOJMET01      95  C42 H30 Fe1 N20 O2  
    176  BONGOB       104  C56 H36 Cl2 Fe1 N8 P1  
    177  BONGOB01     104  C56 H36 Cl2 Fe1 N8 P1  
    178  BONGUH       104  C56 H36 Br2 Fe1 N8 P1  
    179  BONGUH01     104  C56 H36 Br2 Fe1 N8 P1  
    180  BONHAO       128  C68 H46 Cl2 Fe1 N9 P2  
    181  BONZUA       113  C38 H47 F2 Fe1 N6 O19  
    182  BOPMUO01     173  C41 H92 Fe1 N9 O30  
    183  BORBAN        78  C33 H29 F6 Fe1 N5 O3 P1  
    184  BOWBEX        97  C42 H34 Fe1 N7 O13  
    185  BPBPFE       102  C40 H33 Cl4 Fe1 N8 O16  
    186  BTCFEB       103  C33 H60 Fe1 N3 S6  
    187  BUBFAF        87  C44 H28 Cl2 Fe1 N4 O8  
    188  BUBFAF10      87  C44 H28 Cl2 Fe1 N4 O8  
    189  BUBMET       115  C32 H54 F2 Fe1 N6 O19 S1  
    190  BUCDOS        93  C32 H38 Fe1 O22  
    191  BUHQUQ        88  C22 H45 Cl1 Fe1 N7 O12  
    192  BUJQII        83  C24 H54 Fe1 P4  
    193  BUJQUU       124  C43 H74 Fe1 N6  
    194  BUKDUH       103  C44 H35 B2 F8 Fe1 N13  
    195  BUKVEJ        78  C33 H33 Fe1 N5 O6  
    196  BULKUP       157  C54 H68 Fe1 N22 O11 S1  
    197  BULLAW       151  C54 H64 Fe1 N22 O9 S1  
    198  BUNSIN        76  C22 H36 B2 F8 Fe1 N6 O1  
    199  BUPMIL        89  C36 H26 As2 F14 Fe1 N8 O2  
    200  BUPMIL02      89  C36 H26 As2 F14 Fe1 N8 O2  
    201  BUQVEP        91  C34 H42 Fe1 N4 O5 P4 S1  
    202  BUQVOZ        89  C36 H40 Fe1 N6 P4 S2  
    203  BUQVUF       108  C35 H54 Fe1 N4 O10 P4  
    204  BUTHOO       105  C34 H46 F6 Fe1 N8 O8 S2  
    205  BUTPOY        88  C29 H33 Cl2 Fe1 N11 O10 S2  
    206  BUVTIW       118  C60 H46 Fe1 N5 O2 P2 S2  
    207  BUVYIB        89  (C32 H36 Fe1 N10 O6)n  
    208  BUWLUC       147  (C33 H52 Fe1 N10 O37 Pr4 2+)n  
    209  BUWMAJ       149  (C34 H52 Fe1 N10 Nd4 O36 2+)n  
    210  BUWMIR        87  (C19 H30 Ce2 Fe1 N8 O21)n  
    211  BUXSUJ        96  C34 H50 B1 Fe1 N8 O2  
    212  BUXTAQ       106  C36 H50 B1 F4 Fe1 N14 1+  
    213  BUXTEU        75  C24 H37 B1 Cl1 Fe1 N6 O5  
    214  BUXTIY        78  C28 H33 B1 Cl4 Fe1 N9 O2  
    215  CABXIO        83  C30 H46 Fe1 O2 P4  
    216  CACRON        95  C38 H50 B1 Fe1 N1 O2 P2  
    217  CACRON10      95  C38 H50 B1 Fe1 N1 O2 P2  
    218  CAHNIM       152  C76 H40 B1 F28 Fe1 N4 O2  
    219  CAJFEZ       142  C63 H69 B2 Fe1 N6 S1  
    220  CAKDAV       107  C39 H61 Fe1 N2 O4  
    221  CAKDAV01     107  C39 H61 Fe1 N2 O4  
    222  CAKDOJ        85  C32 H46 Fe1 N1 O5  
    223  CALGAX        81  C44 H28 Fe1 N5 O3  
    224  CALVUK        77  C33 H27 F6 Fe1 N9 P1  
    225  CAPRIV       177  C65 H92 Cl2 Fe1 N6 O11  
    226  CAQFIN        87  C32 H35 F6 Fe1 N5 O6 S2  
    227  CASCEH        96  C45 H29 B2 Cl3 F2 Fe1 N8 O6  
    228  CATWIG        78  C24 H36 Cl1 Fe1 N12 O4 1+  
    229  CAWNEV       124  C66 H44 F6 Fe1 N4 O2 Sb1  
    230  CAXTON        95  C38 H36 Fe1 N14 O4 S2  
    231  CAZZOV       101  C50 H32 Fe1 N18  
    232  CEDNAE       124  C62 H49 Fe1 N7 O3 P2 1-  
    233  CEHHIJ        87  C34 H38 B2 Fe1 N6 O6  
    234  CEHVIX       183  C80 H76 Fe1 N20 O6  
    235  CEHZOI        87  C36 H32 Cl2 Fe1 N8 O8  
    236  CEHZOI01      87  C36 H32 Cl2 Fe1 N8 O8  
    237  CELWIZ       177  C77 H82 Fe1 K1 N10 O6  
    238  CEMKOY        75  C18 H35 Fe1 N14 Na2 O5  
    239  CEPIFE       123  C46 H59 Cl2 Fe1 N2 O10 P3  
    240  CEPPOG       125  C45 H55 Fe1 N9 O12 S3  
    241  CEPZOM       166  C87 H70 B2 Fe1 N6  
    242  CERDEJ        91  C36 H40 B2 Fe1 N12  
    243  CERDEJ01      91  C36 H40 B2 Fe1 N12  
    244  CERGEO        91  C37 H31 B2 Cl1 F2 Fe1 N8 O9  
    245  CERZII       126  C54 H58 B1 Fe1 N8 O4  
    246  CERZOO       140  C60 H66 B1 Fe1 N8 O4  
    247  CESBAD        92  C32 H38 F6 Fe1 N8 O6 P1  
    248  CESGOW       135  C54 H65 B1 Fe1 N6 O7 P1  
    249  CETNAR       174  C72 H45 Fe1 N1 O15 S40  
    250  CETNEV       118  C45 H30 Fe1 O18 S24  
    251  CETRUP       129  C51 H60 Cl3 Fe1 N10 O4  
    252  CETWIH       118  C37 H57 Fe1 N8 O15  
    253  CEVBAI        99  C47 H43 Br1 Fe1 N2 O3 P2  
    254  CEVQIH        91  C28 H52 Cl2 Fe1 N2 P2 Si4  
    255  CEVQOK       243  C56 H136 Cl8 Fe14 N1 O28 1-  
    256  CEVXOT       113  C60 H36 Fe1 N14 S2  
    257  CEVXOT01     113  C60 H36 Fe1 N14 S2  
    258  CEWKIY       118  C47 H63 B1 Fe1 N2 O2 P2  
    259  CEWKIY10     118  C47 H63 B1 Fe1 N2 O2 P2  
    260  CEXFAN        95  C40 H30 F12 Fe1 N10 P2  
    261  CICFIG        86  C38 H42 Fe1 N2 P2 S1  
    262  CICNEH       109  C52 H50 Fe1 N6  
    263  CICQAG       111  C58 H46 Fe1 N6  
    264  CICQEK       117  C60 H50 Fe1 N6  
    265  CICRAJ        77  (C32 H25 Fe1 N11 O2 S2)n  
    266  CICRIR       103  (C38 H44 Fe1 N10 O4 S2)n  
    267  CIDDUR        88  C36 H28 F12 Fe1 N6 O3 P2  
    268  CIDGEC        79  (C30 H32 Fe1 N6 O4 S2)n  
    269  CIDXAR        83  C38 H28 F6 Fe1 N6 O1 P1 S2 1+  
    270  CIGCOL       203  C56 H79 Cl8 Fe14 N21 O25  
    271  CIKZIJ        77  C26 H24 F6 Fe1 N12 O6 S2  
    272  CILNIX        94  C38 H28 B1 F20 Fe1 N1 O3 P2  
    273  CIQPID        93  (C33 H42 Fe1 N4 O11)n  
    274  CITQII       101  C37 H56 Fe1 N4 P2 Si1  
    275  CIWGEX        97  C45 H36 Fe1 N12 O3  
    276  CIWGEX01      97  C45 H36 Fe1 N12 O3  
    277  CIWGEX02      97  C45 H36 Fe1 N12 O3  
    278  CIWGEX03      97  C45 H36 Fe1 N12 O3  
    279  CIWHAU        91  C44 H32 Fe1 N12 O2  
    280  CIWHAU01      91  C44 H32 Fe1 N12 O2  
    281  CIWHAU02      91  C44 H32 Fe1 N12 O2  
    282  CIWHAU03      91  C44 H32 Fe1 N12 O2  
    283  CIWHAU04      91  C44 H32 Fe1 N12 O2  
    284  CIWHAU05      91  C44 H32 Fe1 N12 O2  
    285  CIWJEA        77  C34 H31 Fe1 N9 O2  
    286  CIWJEA01      77  C34 H31 Fe1 N9 O2  
    287  CIWJEA02      77  C34 H31 Fe1 N9 O2  
    288  CIWJEA03      77  C34 H31 Fe1 N9 O2  
    289  CIXTUA       116  C49 H53 B1 Br4 Fe1 N5 O3  
    290  CLPEFE       113  C55 H50 Cl2 Fe1 O1 P4  
    291  CLPEFE10     113  C55 H50 Cl2 Fe1 O1 P4  
    292  CLPPFE       153  C71 H72 Cl2 Fe1 O1 P6  
    293  CLPPFE10     153  C71 H72 Cl2 Fe1 O1 P6  
    294  COBGUY        78  (C30 H28 Dy1 Fe1 N10 O6)n  
    295  COCJIP        76  C26 H44 Fe1 O1 P4  
    296  COGBEG       118  (C41 H59 Fe1 N5 Na2 O2)n  
    297  COJPOI       128  C44 H70 Fe1 N3 O10  
    298  COKKET        80  C40 H32 Fe1 N6 P1  
    299  COKKIX        83  C40 H34 Fe1 N6 O1 P1  
    300  COMQUR        91  C50 H32 Fe1 N6 S2  
    301  COMQUR01      91  C50 H32 Fe1 N6 S2  
    302  CONVIK        79  C28 H30 Cl2 Fe1 N8 O10  
    303  COQHUM        85  C29 H38 Fe1 N14 O1 S2  
    304  COQJEY        91  C38 H34 Fe1 N14 O2 S2  
    305  COQNEB        88  C32 H23 Fe1 N1 O15 S16 2-  
    306  COSBET        79  C32 H25 F6 Fe1 N7 O6 S2  
    307  COSGEW        78  C21 H44 Fe1 I2 O8 P2  
    308  COTGAT       134  C63 H51 Fe1 N5 O12 U2  
    309  COTZUH       152  C72 H70 B2 Fe1 N6 O1  
    310  COWFAW        77  C24 H36 Cl2 Fe1 N4 O10  
    311  COWNIM       109  C82 H22 Fe1 N4  
    312  COZKIN        92  C33 H31 F12 Fe1 N9 O4 P2  
    313  COZVIX        93  C38 H36 Fe1 N14 O2 S2  
    314  COZZAV       210  C92 H100 Fe1 N12 O4 S1  
    315  CUCPUM       140  C52 H70 Fe1 N6 O5 P2 S4  
    316  CUDGAJ        75  C26 H32 F7 Fe1 O7 P1 S1  
    317  CUDGAJ10      75  C26 H32 F7 Fe1 O7 P1 S1  
    318  CUDKOE       209  C56 H77 Fe10 N15 O51  
    319  CUFYAF        91  C41 H37 Fe1 N3 O8 P1  
    320  CUFYEJ        95  C39 H40 Fe1 N2 O12 P1  
    321  CUHMIE       134  C53 H69 Fe1 O1 P2 S4 Si4  
    322  CUJHOE       144  C43 H72 Fe1 N10 O18  
    323  CUQFUP       154  C72 H68 Fe1 Na3 O10  
    324  CUQGAW       184  C84 H84 Fe1 Li3 O12  
    325  CURPUA        81  C38 H30 Fe1 N4 O2 P2 S4  
    326  CUSWUK       105  C40 H52 Fe1 N12  
    327  CUVXAV       110  C37 H65 B1 Fe1 N2 O2 P2  
    328  CUVXEZ       107  C35 H65 B1 Fe1 N2 O1 P2  
    329  CUXRET        75  C28 H30 B2 F8 Fe1 N6  
    330  CUXREV        88  C35 H31 F6 Fe1 N3 O7 S5  
    331  DABHOD       102  C46 H48 B1 Fe1 N4 O2  
    332  DABQEC        79  C33 H34 Cl1 Fe1 N4 O6  
    333  DABQIG        76  C32 H32 Cl1 Fe1 N4 O6  
    334  DADDIX        79  C30 H41 Fe1 N4 O2 S1  
    335  DAGJOO       144  C44 H78 F6 Fe1 N4 O6 S2 Si3  
    336  DAGLOQ        81  C29 H44 B1 Fe1 N2 O3 P1  
    337  DAGMEH        82  C26 H45 B2 Fe1 N3 O3 Si2  
    338  DAJHED       125  C49 H54 Cl2 Fe1 N8 O11  
    339  DAJRAH        98  C45 H45 B1 Cl1 Fe1 N5  
    340  DAKJUU       110  C51 H48 B1 Fe1 N4 O5  
    341  DAKWAQ       107  C48 H48 B1 Fe1 N8 P1  
    342  DALNUD       100  C43 H39 B2 F2 Fe1 N11 O2  
    343  DALPAL        93  C42 H36 B2 Br2 Fe1 N10  
    344  DAMXIC        94  C30 H41 F6 Fe1 N3 O11 S2  
    345  DANTES       297  C98 H136 Fe12 N10 O41  
    346  DAQHIQ       106  C32 H47 Cl2 F6 Fe1 N7 O7 P2 S2  
    347  DAQHUC01     101  C40 H47 B1 F4 Fe1 N6 P2  
    348  DARPOD        89  C40 H38 Fe1 N6 O3 P1  
    349  DASFEB       117  C48 H58 As4 B1 Fe1 N2 O2 S1  
    350  DASXAA        76  C34 H20 Br2 F6 Fe1 N5 O6 S2  
    351  DASXAA01      76  C34 H20 Br2 F6 Fe1 N5 O6 S2  
    352  DASXEE        76  C34 H20 Cl2 F6 Fe1 N5 O6 S2  
    353  DASXEE01      76  C34 H20 Cl2 F6 Fe1 N5 O6 S2  
    354  DAWWEE        79  C30 H41 Cl2 Fe1 N5  
    355  DAXCEM       350  C78 H148 Eu3 Fe12 N12 O97 1-  
    356  DECMAD        86  C40 H38 Br1 Fe1 N4 O2  
    357  DECMAD01      86  C40 H38 Br1 Fe1 N4 O2  
    358  DECMAD02      86  C40 H38 Br1 Fe1 N4 O2  
    359  DECMAD03      86  C40 H38 Br1 Fe1 N4 O2  
    360  DEDTFE10     121  C49 H52 Fe1 O12 P1 S6 1-  
    361  DEFNAH       104  C50 H45 B1 Fe1 N4 O3  
    362  DEFNUX       130  C70 H46 Fe1 N11 P2  
    363  DEGREN       133  C60 H55 Cl2 F6 Fe1 N2 O2 P5  
    364  DELFEI        92  C40 H36 Fe1 I5 N6 O4  
    365  DEMBOP        79  C38 H28 Fe1 N10 S2  
    366  DENYAZ        84  C26 H34 F12 Fe1 N8 P2 S1  
    367  DEPMUJ       140  C48 H60 F18 Fe1 O12 Sn1  
    368  DEQDIP        82  C36 H18 B1 F20 Fe1 N6 1+  
    369  DEQPAT       108  C60 H40 Br2 Fe1 N4 P1  
    370  DEQPAT01     108  C60 H40 Br2 Fe1 N4 P1  
    371  DERSUS       153  C38 H82 Fe1 N29 O3  
    372  DETBEJ       108  C50 H50 B1 Fe1 N4 O2  
    373  DEXLAU        94  C24 H44 Fe1 N8 O13 P4  
    374  DEXMEZ       110  C30 H54 Fe1 N2 O18 P4 S1  
    375  DEXPAX04      92  C34 H44 Cl1 Fe1 N4 O8  
    376  DEXPAX05      92  C34 H44 Cl1 Fe1 N4 O8  
    377  DEXXEM       229  C108 H100 B2 Fe1 N18  
    378  DIDROX        76  C18 H42 Fe1 O6 P3 S6  
    379  DIFBAX        86  C32 H38 Cl1 Fe1 N10 O4 1+  
    380  DIFXEX        79  C38 H24 Cl2 Fe1 N12 S2  
    381  DIGJUA        79  C28 H25 Cl2 Fe1 N15 O8  
    382  DIQFOY        81  C30 H20 Fe1 O14 S16  
    383  DIQVEI        75  C28 H22 Fe1 N12 O12  
    384  DIQVEI01      75  C28 H22 Fe1 N12 O12  
    385  DIQVOS        75  C28 H22 Fe1 N12 O12  
    386  DIQWAF        75  C28 H22 Fe1 N12 O12  
    387  DIQWAF01      75  C28 H22 Fe1 N12 O12  
    388  DISWEI       105  C46 H34 Br2 F12 Fe1 N8 P2  
    389  DISWIM       107  C42 H32 Br2 Cl1 F6 Fe1 N18 O4 P1  
    390  DISWOS       103  C44 H33 Br2 Cl2 Fe1 N13 O8  
    391  DIVROS        79  C30 H27 F6 Fe1 N7 O6 S2  
    392  DIVROS01      79  C30 H27 F6 Fe1 N7 O6 S2  
    393  DMFAFE        83  C18 H42 Cl2 Fe1 N6 O14 1+  
    394  DMFAFE01      83  C18 H42 Cl2 Fe1 N6 O14 1+  
    395  DOBRAQ        78  C32 H27 B1 F10 Fe1 N7 1+  
    396  DOBSAQ        79  C32 H41 B1 Fe1 O2 P2  
    397  DOBZUS        86  C29 H34 Cl2 F6 Fe1 N6 O6 S2  
    398  DOCGUZ        81  C33 H41 B1 Fe1 O3 P2  
    399  DOCNFE        97  C42 H44 Fe1 N6 O4  
    400  DODVUP        75  C24 H30 F6 Fe1 N4 O8 S2  
    401  DOJSOM        95  C40 H46 Cl2 Fe1 N2 O4  
    402  DOKLEX        92  C31 H51 B2 Fe1 N3 O4  
    403  DOMQIH        82  C40 H26 Cl6 Fe1 N8 O1  
    404  DOMQON        82  C40 H28 B1 F4 Fe1 N8 1+  
    405  DOMREF       104  C39 H55 Fe1 N7 Si2  
    406  DOMZEL        92  C37 H49 Fe1 N3 O2  
    407  DOPQOQ       190  C90 H78 Fe1 O18 P3  
    408  DOQRAC       142  C63 H70 B2 Fe1 N6  
    409  DOQRAC01     142  C63 H70 B2 Fe1 N6  
    410  DOXGAY       149  C49 H81 B1 Fe1 O13 P4  
    411  DOXLUA       125  C57 H54 F3 Fe1 N2 O3 P4 S1 1+  
    412  DOXVEU       348  C108 H128 B8 Fe14 N72 O12 S6  
    413  DOXVEU01     348  C108 H128 B8 Fe14 N72 O12 S6  
    414  DOXVEU02     348  C108 H128 B8 Fe14 N72 O12 S6  
    415  DOYHEG       105  C59 H12 F25 Fe1 N6 O2  
    416  DOZROA        81  C24 H40 Cl1 Fe1 N6 O9 1+  
    417  DPPDFE        85  C45 H33 Fe1 O6  
    418  DPPDFE01      85  C45 H33 Fe1 O6  
    419  DPPDFE03      85  C45 H33 Fe1 O6  
    420  DUBSUR       163  C72 H76 B2 Fe1 N12  
    421  DUCYAB       107  C36 H60 As2 Fe1 N4 O4  
    422  DUDDIR        80  C31 H25 B2 F8 Fe1 N11 O2  
    423  DUDDUD        80  C31 H25 Cl2 Fe1 N11 O10  
    424  DUDHUH        99  C40 H32 B2 F8 Fe1 N12 O4  
    425  DUDHUH01      99  C40 H32 B2 F8 Fe1 N12 O4  
    426  DUDSAZ       158  C57 H81 B2 F8 Fe1 N9  
    427  DUDTUS        97  C43 H37 B2 F8 Fe1 N3 O1 P2  
    428  DUFLUM        75  C31 H34 Fe1 N2 O7  
    429  DUGPIF       104  C31 H52 Fe1 K2 N4 O14  
    430  DUHPUT        77  (C30 H30 Fe1 N8 O2 S2)n  
    431  DUHVUY        83  C34 H30 B2 F2 Fe1 N6 O8  
    432  DUJTAF       199  C55 H80 Cl8 Fe14 N18 O24  
    433  DUKJAW        75  C38 H22 Fe1 N12 S2  
    434  DUKJAW01      75  C38 H22 Fe1 N12 S2  
    435  DUKJIE        75  C38 H22 Fe1 N12 S2  
    436  DUKNAZ        77  (C36 H24 Fe1 N4 O8)n  
    437  DUKYEN        81  C34 H34 Fe1 N4 O6 S2  
    438  DULCOF       169  C78 H78 B2 Fe1 N6 S4  
    439  DULYEQ01      85  C26 H38 F6 Fe1 N10 O4  
    440  DUSMAH        89  C30 H38 Cl2 Fe1 N6 O12  
    441  DUSMAH01      89  C30 H38 Cl2 Fe1 N6 O12  
    442  DUSMUB        95  C32 H41 Cl2 Fe1 N7 O12  
    443  DUVQAN        91  C30 H20 F24 Fe1 N12 P4 2-  
    444  DUXBIJ       129  C51 H65 Cl4 Fe1 N8  
    445  DUZJAM       183  C76 H98 Fe1 N2 O2 P4  
    446  EBIRAL        81  C40 H26 Br2 Fe1 N10 S2  
    447  EBIREP        87  C41 H30 Br2 Fe1 N10 O1 S2  
    448  EBIRIT        81  C40 H26 Br2 Fe1 N10 Se2  
    449  EBOQUH        98  C42 H48 F1 Fe1 N5 O1  
    450  EBUPUN        82  C22 H30 B3 F12 Fe1 N12 O2  
    451  EBUPUN01      82  C22 H30 B3 F12 Fe1 N12 O2  
    452  ECAKUP        86  C36 H36 F6 Fe1 N6 P1 1+  
    453  ECAVIP       737  C246 H383 Cl3 Fe1 N51 Na1 O52  
    454  ECELII        77  C26 H26 F12 Fe1 N10 Sb2  
    455  ECOHOT       104  C47 H48 B1 Fe1 N6 O1 1+  
    456  ECOPIV        90  C32 H25 Fe1 N2 O14 S16 1-  
    457  ECOWAV       112  C34 H64 B1 Fe1 N11 O1  
    458  ECOWEZ        83  C26 H44 B1 Fe1 N10 O1  
    459  ECOWID        80  C26 H42 B1 Fe1 N10  
    460  ECUBAH       101  C52 H12 Cl8 F20 Fe1 N8  
    461  ECUFUD        79  C24 H46 As2 Fe1 O6  
    462  EDEZEU        75  C24 H48 Fe1 Si2  
    463  EDIFAB       112  C39 H64 Fe1 N6 Si2  
    464  EDUKUL        99  C50 H36 Fe1 N12  
    465  EDUQOK01      75  (C36 H22 Fe1 N8 O5 S1)n  
    466  EFAKAB        75  C30 H30 B2 Fe1 N10 S2  
    467  EFAKAB01      75  C30 H30 B2 Fe1 N10 S2  
    468  EFILUD       111  C36 H48 F6 Fe1 N12 O6 S2  
    469  EGICAZ       100  C51 H35 Fe1 N6 O6 P1  
    470  EGICAZ01     100  C51 H35 Fe1 N6 O6 P1  
    471  EGICAZ02     100  C51 H35 Fe1 N6 O6 P1  
    472  EGICAZ03     100  C51 H35 Fe1 N6 O6 P1  
    473  EGIPOC       381  C134 H222 B2 F8 Fe1 N10 O4  
    474  EHABOG        84  C26 H50 Fe1 N4 O1 Si2  
    475  EHIDUX        90  C33 H35 Cl2 Fe1 N7 O12  
    476  EHOPIA       104  C33 H50 Fe1 N14 O6 2+  
    477  EHULEA       109  C35 H51 Cl2 F6 Fe1 N5 O6 S2 Si1  
    478  EHUVUZ        89  C28 H48 F3 Fe1 N2 O3 P3 S1  
    479  EHUWAG        80  C27 H47 Fe1 N2 P3  
    480  EJIYIG       124  C43 H76 Fe1 N4  
    481  EJODUE       107  C46 H42 B2 F2 Fe1 N8 O6  
    482  EJOJUI       123  C62 H48 B1 Fe1 N8 O3  
    483  EJONOG        78  C26 H30 Cl3 Fe1 N6 O12  
    484  EJUJIF       103  C46 H34 F12 Fe1 N6 O2 P2  
    485  EKABUO        89  C40 H34 Fe1 N8 O6  
    486  EKACAV        99  C44 H40 Fe1 N6 O8  
    487  EKACAV01      99  C44 H40 Fe1 N6 O8  
    488  EKAHIK       104  C46 H46 Fe1 N8 O3  
    489  EKETEU        84  C37 H25 B2 Cl3 F2 Fe1 N6 O6 S2  
    490  EKETOE       115  C54 H42 B2 F2 Fe1 N6 O6 S2  
    491  EKETUK        99  C44 H36 B2 F2 Fe1 N6 O6 S2  
    492  EKEVAS        83  C32 H30 B2 Fe1 N6 O6 S6  
    493  EKEVEW        83  C34 H29 B2 F2 Fe1 N9 O6  
    494  EKOTOP        82  C30 H36 Fe1 N3 O12  
    495  ELANOV        75  C25 H34 Cl1 Fe1 N4 O10  
    496  ELILIX        97  C44 H48 Fe1 N4  
    497  EMOKUP        80  C25 H30 As2 F12 Fe1 N10  
    498  EMOKUP01      80  C25 H30 As2 F12 Fe1 N10  
    499  EMULUT       108  C53 H49 Fe1 N1 P4  
    500  EMUNOS        93  C36 H42 Fe1 N5 O9  
    501  ENAYUO       143  C53 H68 B11 Fe1 Ge1 N6 P3  
    502  ENEKOZ        75  C34 H28 Fe1 N2 O10  
    503  ENOZEN        92  (C18 H24 B6 F24 Fe1 K2 N10)n  
    504  ENOZUD        92  (C18 H24 B6 F24 Fe1 N10 Rb2)n  
    505  ENUHED        88  C39 H35 Cl3 Fe1 N8 P2  
    506  EPAYEB       157  (C50 H76 Cl1 Fe1 N10 O13 S2 1+)n  
    507  EPAYOL       170  (C54 H84 Cl1 Fe1 N10 O14 S2 1+)n  
    508  EPIQAY       113  C54 H44 B2 Fe1 N12  
    509  EQICOZ       273  C103 H120 Dy6 Fe1 N1 O42  
    510  EQOGEZ        90  C33 H36 Cl2 F6 Fe1 N4 O6 S2  
    511  EQOWAK       119  C50 H44 F6 Fe1 N3 O9 P3 S2 Si1  
    512  ERIFOC        98  C34 H36 B2 F8 Fe1 N14 O3  
    513  ERIMEZ02     134  C74 H50 Fe1 N7 P2  
    514  ERUPEP       100  C37 H53 B1 Cl1 Fe1 N4 O2 S1  
    515  ERUXIB       104  C38 H43 B2 F6 Fe1 N13 P1 1+  
    516  ESAMEQ       138  C42 H77 Cl2 Fe1 N8 O6 S2  
    517  ESUPIU        83  C32 H26 Cl2 Fe1 N10 O9 S3  
    518  ESUYAT        80  C28 H36 Fe1 N12 O3  
    519  ETIROR       209  C102 H88 Fe1 N8 O10  
    520  ETUHIM        83  C30 H38 Fe1 N12 O2  
    521  ETUHIM01      83  C30 H38 Fe1 N12 O2  
    522  ETUHIM02      83  C30 H38 Fe1 N12 O2  
    523  ETUHIM03      83  C30 H38 Fe1 N12 O2  
    524  ETUKOW       191  C88 H78 Fe1 N18 O6  
    525  EURFEC       126  C30 H72 Cl1 Fe1 N12 O10 1+  
    526  EVINAZ       137  (C48 H54 Cl1 Fe1 N24 O7 1+)n  
    527  EWABUA        90  C42 H40 Cl2 Fe1 O1 P4  
    528  EWASUS02      80  C34 H33 F6 Fe1 N1 O1 P3 S1  
    529  EWATAZ02      82  C34 H34 F6 Fe1 N2 O1 P3 S1  
    530  EWOYAT        92  C44 H28 F12 Fe1 N6 P1 1+  
    531  EWURUL       101  C52 H12 Br8 F20 Fe1 N8  
    532  EWUSAS       107  C54 H16 Br8 F20 Fe1 N8  
    533  EXARAY        93  C44 H28 Fe1 N20 1+  
    534  EXARAY01      93  C44 H28 Fe1 N20 1+  
    535  EXARAY02      93  C44 H28 Fe1 N20 1+  
    536  EXARAY03      93  C44 H28 Fe1 N20 1+  
    537  EXOCOM        93  C35 H46 Fe1 N2 O9  
    538  EXOCUS        89  (C42 H36 Fe1 N4 O4)n  
    539  EXOWIX        93  C27 H42 Cl2 Fe1 N12 O9  
    540  EXUBAD        83  C31 H25 Cl1 F12 Fe1 N2 O10 Tb1  
    541  EXUBEH        83  C31 H25 Cl1 Dy1 F12 Fe1 N2 O10  
    542  EXUJOZ        83  C31 H25 Cl1 F12 Fe1 Gd1 N2 O10  
    543  EYETEH        89  C32 H52 Fe1 N2 Si2  
    544  EYEVAF        87  C24 H56 Fe1 N2 Si4  
    545  EYEVAF01      87  C24 H56 Fe1 N2 Si4  
    546  EYIFOH        80  C39 H30 Fe1 N6 O3 P1  
    547  EYUMUI        81  C42 H29 Cl1 Fe1 N6 O1 P1  
    548  FACCES       117  C34 H70 Fe1 O8 P4  
    549  FACGOI       131  C64 H56 Cl4 Fe1 N6  
    550  FADVUC        85  C40 H30 Fe1 N12 S2  
    551  FAFFOI        93  C46 H40 Fe1 O1 P2 S3  
    552  FAFGID       128  C50 H59 Fe1 N6 O12  
    553  FAJSUH       114  C40 H46 Fe1 N10 O17  
    554  FALWIY       175  C60 H60 Fe10 N3 O36 Tl6 3-  
    555  FAMHUZ        82  C28 H47 F1 Fe1 N1 P3 Si1  
    556  FAMQUF       491  C183 H229 Fe11 O68  
    557  FANCUS        81  C32 H27 F6 Fe1 N12 O2 P1  
    558  FANCUS01      78  C32 H25 F6 Fe1 N12 O1 P1  
    559  FANQUI       137  C56 H18 B2 F42 Fe1 N6 O6 S6  
    560  FANSAR        75  C24 H44 Fe1 N2 O2 P2  
    561  FAPBUV        93  C42 H32 B2 F2 Fe1 I2 N6 O6  
    562  FAPCIL       214  C66 H100 Fe10 N1 O37 1+  
    563  FAPKOZ       111  C54 H52 Fe1 P4  
    564  FAPSAT       133  C64 H62 Fe1 N2 P4  
    565  FAQBEH        85  C35 H44 Fe1 O1 P2 Si2  
    566  FAQBIL        82  C34 H42 Fe1 O1 P2 Si2  
    567  FARYUU       123  C57 H52 Fe1 N7 O4 P2  
    568  FARZAB       130  C63 H54 Fe1 N7 O3 P2  
    569  FAYWEI       107  C47 H49 Fe1 N8 O2  
    570  FECHUQ       124  C48 H67 B1 Fe1 N2 O3 P2  
    571  FECOSP10      81  C42 H34 Fe1 O2 P2  
    572  FEDFED       116  C38 H53 Cl3 F3 Fe1 N8 O3 S7 1+  
    573  FEFCEB       107  C37 H44 B1 Cl2 F4 Fe1 N18 1+  
    574  FEFYUK        83  C28 H32 Fe1 N8 O13 S1 1-  
    575  FEHJUA       129  C56 H36 B1 Cl4 F24 Fe1 N3 O3 S1  
    576  FEHPPE01     115  C40 H62 Fe1 O8 P4  
    577  FEHPPE10     115  C40 H62 Fe1 O8 P4  
    578  FEHPYO        78  C30 H30 Cl1 Fe1 N6 O10 1+  
    579  FEJCEC       117  C47 H53 Cl6 Fe1 N6 O4  
    580  FEJNAK        81  C38 H30 As1 Fe1 N2 O9  
    581  FEJNEO        83  C40 H30 As1 Fe1 N2 O9  
    582  FEKJIO        76  C39 H31 Fe1 O3 P1 Si1  
    583  FEKJIO01      76  C39 H31 Fe1 O3 P1 Si1  
    584  FEKJOX       220  C101 H104 B2 Cl2 Fe1 N10  
    585  FEKLUC        95  C24 H54 B2 F8 Fe1 N2 P4  
    586  FEKPUG       166  C81 H78 B1 Fe1 P5  
    587  FEMCAF        76  C18 H40 Cl1 Fe1 N10 S6  
    588  FEMCUX       167  C70 H78 B2 F2 Fe1 N6 O7 S1  
    589  FEMDEI       139  C66 H54 B2 F2 Fe1 N6 O6 S2  
    590  FEMFUB       102  C46 H40 Fe1 N11 O4  
    591  FEMQIX       106  C56 H42 Fe1 N6 O1  
    592  FEMYAA       110  C38 H49 Cl4 Fe1 N12 O6  
    593  FENDUY       300  C126 H107 Fe12 N13 O42  
    594  FENGAJ       108  C49 H34 Cl4 Fe1 N12 O8  
    595  FEPAST10     105  C44 H36 Fe1 N6 O16 Sb2  
    596  FEPHSQ        97  C56 H32 Fe1 O8  
    597  FEQCEN        78  C12 H18 Cl1 Fe1 N30 O16 1+  
    598  FEQCEN01      78  C12 H18 Cl1 Fe1 N30 O16 1+  
    599  FERGIS       115  C54 H40 B2 Fe1 N6 O6 S6  
    600  FERWIK       104  C52 H40 F3 Fe1 N5 O3  
    601  FEWGOD        99  C32 H52 Fe1 N6 O6 P2  
    602  FEWVIM        96  C42 H44 B1 Fe1 N6 O2  
    603  FEWVUY       100  C50 H40 B1 Fe1 N6 O2  
    604  FEWXAG       122  C56 H50 Cl1 Fe1 N8 O6  
    605  FEYDIW        79  C36 H36 Cl2 Fe1 N4  
    606  FEYWIR01      89  C40 H28 Cl2 Fe1 N16 S2  
    607  FEYZIV       110  (C32 H52 Cl1 Fe1 N16 O4 1+)n  
    608  FEYZIV01     110  (C32 H52 Cl1 Fe1 N16 O4 1+)n  
    609  FEYZIV02     110  (C32 H52 Cl1 Fe1 N16 O4 1+)n  
    610  FEYZIV03     110  (C32 H52 Cl1 Fe1 N16 O4 1+)n  
    611  FEYZIV04     110  (C32 H52 Cl1 Fe1 N16 O4 1+)n  
    612  FEYZIV05     110  (C32 H52 Cl1 Fe1 N16 O4 1+)n  
    613  FEYZIV06     110  (C32 H52 Cl1 Fe1 N16 O4 1+)n  
    614  FEZDIA       118  C57 H29 F12 Fe1 I6 N6 O7  
    615  FEZJEB        75  C32 H32 Fe1 N6 O4  
    616  FEZJIF01      81  C34 H36 Fe1 N6 O4  
    617  FIBWOE01      78  C37 H29 Fe1 N6 O4 S1  
    618  FIBWOE15      78  C37 H29 Fe1 N6 O4 S1  
    619  FIBWOE43      78  C37 H29 Fe1 N6 O4 S1  
    620  FIBWOE49      78  C37 H29 Fe1 N6 O4 S1  
    621  FIBWOE50      78  C37 H29 Fe1 N6 O4 S1  
    622  FIBWUK        80  C35 H30 B1 F4 Fe1 N4 O5  
    623  FICYOJ       165  C83 H63 Fe1 N15 O1 Se2  
    624  FIDNUE       173  C80 H80 B1 Fe1 N3 O2 P6  
    625  FIHXAX        92  C34 H46 Br4 Fe1 N3 O4  
    626  FIHXEB        80  C30 H34 Br4 Cl4 Fe1 N3 O4  
    627  FIHXIF        80  C30 H34 Br8 Fe1 N3 O4  
    628  FIKYOP       128  C57 H56 Fe1 N7 O5 P2  
    629  FILCAF        77  C26 H26 Cl2 Fe1 N10 O12  
    630  FILFEM       122  C56 H58 B1 Fe1 N4 O2  
    631  FILFUF       104  C31 H47 F12 Fe1 N11 P2  
    632  FILKAP        86  (C21 H40 F6 Fe1 Li1 N1 O8 P2 S2)n  
    633  FILKOC        75  C22 H38 Fe1 N7 O1 S6 2-  
    634  FILSAU       135  C62 H52 F6 Fe1 N8 O5 Sb1  
    635  FIMCAH        89  C26 H42 Fe1 N12 O8  
    636  FIMVAZ        90  C37 H45 Fe1 N7  
    637  FINXOR       148  (C60 H56 Fe1 N22 O4 Se2)n  
    638  FINXUX       148  (C60 H56 Fe1 N22 O4 S2)n  
    639  FISKAW       126  C45 H69 Fe1 N8 P1 Si2  
    640  FISVAE        96  C44 H44 B1 Fe1 N4 O2  
    641  FISVEM       146  C71 H63 Fe1 N9 P2  
    642  FITFOD        97  C52 H36 Fe1 N8  
    643  FITNAZ        75  (C20 H28 Fe1 N2 O16 P4)n  
    644  FITQEH       148  C71 H66 B2 Fe1 N8  
    645  FIWPAD       119  C62 H40 Fe1 N14 O2  
    646  FIWPAD01      93  C49 H32 Fe1 N10 O1 1+  
    647  FIWPAD02     113  C61 H36 Fe1 N14 O1  
    648  FIWXEP       115  C52 H48 B2 Fe1 N12  
    649  FOFQOI        90  C18 H32 Cl1 Fe1 N24 O14  
    650  FOGGAM        85  C38 H32 Cl6 Fe1 N6 O2  
    651  FOHKAR        91  C30 H42 Fe1 N8 O8 S2  
    652  FOHKIZ       121  C44 H41 Fe1 N11 O20 S4 2-  
    653  FOHKIZ01     121  C44 H41 Fe1 N11 O20 S4 2-  
    654  FOHNAS       165  C70 H76 Cl1 Fe1 K1 N10 O6  
    655  FOJTAC03     113  (C33 H52 F3 Fe1 N16 O3 S1 1+)n  
    656  FOJTAC07     113  (C33 H52 F3 Fe1 N16 O3 S1 1+)n  
    657  FOKZIR       102  C44 H45 B1 Fe1 N10 P1  
    658  FOLXIQ        83  C38 H28 Fe1 N14 S2  
    659  FOLXOW        83  C38 H28 Fe1 N14 Se2  
    660  FOLXUC        95  C42 H34 Fe1 N16 S2  
    661  FOLYEN        95  C42 H34 Fe1 N16 Se2  
    662  FOLYEN01      95  C42 H34 Fe1 N16 Se2  
    663  FONKUQ       127  C62 H42 F6 Fe1 N6 O8 S2  
    664  FONWOW       101  C39 H55 B1 Fe1 N2 O1 P2  
    665  FOPSAG       184  C66 H102 B1 Br1 Fe1 N6 O3 P4  
    666  FOPSEK       115  C50 H49 B1 Cl1 F4 Fe1 N6 P3  
    667  FOPWUE       126  C37 H72 B1 F4 Fe1 N6 O1 P4 1+  
    668  FOQLUV       114  C43 H62 B2 Fe1 N4 P2  
    669  FORVUE        80  C21 H38 Fe1 N1 O19  
    670  FORWAL        95  (C21 H39 Fe1 Na1 O23 3-)n  
    671  FOSNEI        95  C31 H44 B2 Fe1 N8 O9  
    672  FOSRUD       109  C42 H54 Fe1 N8 O2 S2  
    673  FOSRUD01     109  C42 H54 Fe1 N8 O2 S2  
    674  FOSRUD05     109  C42 H54 Fe1 N8 O2 S2  
    675  FOTLAC       121  C48 H63 Fe1 N4 O5  
    676  FOXROB        75  C32 H24 F6 Fe1 N4 O6 S2  
    677  FOYXOI       125  C54 H56 B1 Fe1 N6 O7  
    678  FOYXOI01     125  C54 H56 B1 Fe1 N6 O7  
    679  FUBJAP       125  C54 H56 B1 Fe1 N6 O7  
    680  FUBJAP01     125  C54 H56 B1 Fe1 N6 O7  
    681  FUFJAS       131  C58 H45 B2 F8 Fe1 N17  
    682  FUFLOJ        87  C29 H38 B1 Cl2 F4 Fe1 N12 1+  
    683  FUFLOJ01      87  C29 H38 B1 Cl2 F4 Fe1 N12 1+  
    684  FUFMAW        88  C30 H39 B1 F4 Fe1 N13 1+  
    685  FUHYOZ        84  (C38 H27 Fe1 I6 N7 Pb2)n  
    686  FULXER       125  C48 H54 Cl2 Fe1 N12 O8  
    687  FUPHAA        81  C34 H34 Fe1 N2 O9 P1  
    688  FURPEO       255  C106 H120 Cl4 Fe1 K2 N10 O12  
    689  FURTUI        89  C34 H42 Fe1 N6 O6  
    690  FUSFIL        75  C28 H30 Cl2 Fe1 N6 O8  
    691  FUSFOR        79  C28 H30 F12 Fe1 N6 P2  
    692  FUSWUO        79  C32 H32 Fe1 N6 O6 S2  
    693  FUSXEZ       108  C42 H46 Fe1 N6 O11 S2  
    694  FUTDOO       117  C40 H51 As3 Fe1 N9 O7 S6  
    695  FUTVOI        96  C38 H46 B1 Fe1 N7 O2 S1  
    696  FUXTUN        99  C54 H38 Fe1 N6  
    697  GABJOK       114  C50 H46 Cl1 F6 Fe1 N8 O1 P1  
    698  GABYEP        86  C29 H44 Fe1 K1 N2 O9  
    699  GACLIF        92  C39 H39 F6 Fe1 O2 P3 S2  
    700  GACLOL        86  C39 H39 Cl1 Fe1 O2 P2 S2  
    701  GAFYUJ        87  C36 H36 Fe1 N10 O2 S2  
    702  GAHJEG       118  C42 H67 B1 Cl1 Fe1 P5 Si1  
    703  GAKBEB       108  C36 H55 Fe1 N9 O5 P1 S1  
    704  GAKTUI       153  C72 H66 Cl2 Fe1 N6 S6 1+  
    705  GALVIC       140  C54 H52 Fe1 K1 N16 O16  
    706  GAMKEO       114  C49 H42 F6 Fe1 N6 O6 P2 S2  
    707  GAMYOK        97  C36 H56 Fe1 P3 Si1  
    708  GAMYOK01      97  C36 H56 Fe1 P3 Si1  
    709  GAMZAX        98  C36 H55 Fe1 N2 P3 Si1  
    710  GAVJUK        81  C24 H50 Fe1 O2 P4  
    711  GAYBUF        86  C40 H28 B1 F4 Fe1 N12 1+  
    712  GAYCAM       103  C41 H34 B2 F8 Fe1 N12 O5  
    713  GAYCEQ        98  C41 H31 B2 F8 Fe1 N13 O2  
    714  GAYCIU        96  C38 H30 B2 F8 Fe1 N12 O5  
    715  GECHON        92  C44 H36 Fe1 N9 O1 S1 1+  
    716  GEDFIE       106  C40 H58 B1 Fe1 N2 P4 1+  
    717  GEFCAY01      75  C32 H21 B2 F12 Fe1 N7  
    718  GEFDOL       206  C60 H85 Fe11 N6 O44  
    719  GELNEQ       114  C55 H47 Cl1 Fe1 N4 O4 P2  
    720  GEMFEN       114  C39 H67 Al1 Fe1 N3 P3  
    721  GEMFIR       111  C38 H65 Al1 Fe1 N3 P3  
    722  GEMFUD       114  C39 H67 Al1 Fe1 N3 P3  
    723  GEQGOB01      87  C30 H33 Cl2 Fe1 N11 O8 S2  
    724  GEQJAQ02      84  C28 H32 Cl2 Fe1 N10 O9 S2  
    725  GETSAC01     106  C43 H38 Cl4 Fe1 N12 O8  
    726  GETVAF       106  C43 H38 B2 Cl2 F8 Fe1 N12  
    727  GETVAF01     106  C43 H38 B2 Cl2 F8 Fe1 N12  
    728  GEXKAX        87  C35 H45 Fe1 N2 O4  
    729  GEXVAI        90  C29 H48 F3 Fe1 N4 O3 P1 S1  
    730  GEZWUD        92  (C18 H34 Fe1 N14 Na3 O5)n  
    731  GIBPUC01      99  C28 H64 Cl2 Fe1 P4  
    732  GICRIX       110  C39 H48 B1 F15 Fe1 O2 P4  
    733  GICROD       146  C57 H66 Al1 F15 Fe1 O2 P4  
    734  GIFJAG       117  C60 H50 Fe1 N4 P2  
    735  GIGGUA       103  C30 H48 F12 Fe1 N10 P2  
    736  GIGGUA01     103  C30 H48 F12 Fe1 N10 P2  
    737  GIGGUA02     103  C30 H48 F12 Fe1 N10 P2  
    738  GIGGUA03     103  C30 H48 F12 Fe1 N10 P2  
    739  GIGGUA07     103  C30 H48 F12 Fe1 N10 P2  
    740  GIGGUA09     103  C30 H48 F12 Fe1 N10 P2  
    741  GIJXIH        80  C40 H31 As1 Fe1 N7  
    742  GIKDIR        89  C30 H52 B2 Fe1 O2 P2  
    743  GILLIX        85  C33 H21 Fe1 N9 O3 S18 1-  
    744  GISJUR       107  C54 H42 Cl4 Fe1 N6  
    745  GITYUE       126  C52 H60 B1 Fe1 N8 O4 1+  
    746  GIVBIW        88  C33 H44 B1 F4 Fe1 O1 P3 S1  
    747  GIXBAQ       111  C38 H50 Fe1 N14 Na2 O6 1+  
    748  GIXGUS       174  C57 H90 F6 Fe1 N4 O14 S2  
    749  GIYDUO        78  C25 H32 Cl2 F6 Fe1 N4 O6 S2  
    750  GOCDEH        75  C20 H48 Fe1 I2 P4  
    751  GOCDOR       126  C64 H54 Fe1 I1 N2 P4 1+  
    752  GOCMER        99  C40 H34 F12 Fe1 N10 P2  
    753  GOCVOL       298  C120 H76 Dy4 Fe12 O62 S24  
    754  GOCVUR       298  C120 H76 Fe12 Gd4 O62 S24  
    755  GOGBAF        81  C40 H28 Fe1 N10 S2  
    756  GOGSAZ       197  C96 H57 Fe1 N30 O12 S1 1+  
    757  GOGSAZ01     197  C96 H57 Fe1 N30 O12 S1 1+  
    758  GOJZIP       102  C45 H45 Fe1 N10 P1  
    759  GOKYEN       100  C35 H48 Cl8 Fe1 N2 S6  
    760  GOLVEK        90  C41 H32 B1 F4 Fe1 N10 O1 1+  
    761  GOPJAY       133  C51 H32 Cl12 Fe1 O13 S24  
    762  GOPJEC       179  C68 H48 Cl6 Fe1 O16 S40 1+  
    763  GORMOS        85  C28 H35 Cl1 Fe1 N15 O5 1+  
    764  GOWSAP       110  C48 H40 Fe1 N16 Na1 O4 1+  
    765  GUCZEM       112  C44 H51 F3 Fe1 N8 O4 S1  
    766  GUDYUZ       161  C75 H64 B11 Br6 Fe1 N4  
    767  GUGYIS        78  C34 H30 Fe1 N6 O1 P1 S5  
    768  GUJFOH        96  C46 H36 Fe1 N12 O1  
    769  GUKMOP       125  C48 H53 F6 Fe1 N13 O3 P1 1+  
    770  GUMJAC       112  C46 H39 Fe1 N9 O17 1+  
    771  GUMJEG       109  C46 H37 Fe1 N9 O16 1+  
    772  GUMJIK       120  C46 H46 Fe1 N8 O19 1+  
    773  GUMJOQ       112  C46 H40 Fe1 N8 O17 1+  
    774  GUMJUW       103  C40 H38 Fe1 N8 O16 1+  
    775  GUNHIJ        91  C26 H42 Fe1 N20 O2  
    776  GUNHOP        85  C26 H38 Fe1 N20  
    777  GUTXEB        88  C31 H44 F6 Fe1 N2 P4  
    778  GUTXOL        80  C32 H35 Br1 F6 Fe1 N2 P3  
    779  GUTYAY        85  C38 H41 Br1 Fe1 N2 P2  
    780  GUWTEX        80  C15 H39 Cl3 Fe1 N4 O15 S3  
    781  GUWYUS        78  C24 H36 Cl1 Fe1 N12 O4 2+  
    782  GUZNAQ        78  C26 H40 Cl1 Fe1 N4 O6  
    783  HADZAO       103  C53 H40 Fe1 N6 O1 P2  
    784  HADZAO01     103  C53 H40 Fe1 N6 O1 P2  
    785  HAFHUS       114  C54 H51 Cl2 Fe1 N1 P4 Se1  
    786  HAFJUX       107  C48 H52 Fe1 N2 O3 Si1  
    787  HAFKAE       110  C49 H54 Fe1 N2 O3 Si1  
    788  HAFKIM       114  C47 H60 Fe1 N2 O3 Si1  
    789  HAFKOS       106  C49 H50 Fe1 N2 O3 Si1  
    790  HAFKUY       109  C48 H54 Fe1 N2 O3 Si1  
    791  HAGMIL01      98  C20 H60 Cl7 Fe1 N8 O2 4+  
    792  HAJYOG       113  C38 H62 B1 Fe1 N9 O2  
    793  HAJYOJ        87  C32 H35 Cl2 Fe1 N9 O8  
    794  HALXOI        91  C40 H40 Fe1 N2 Na1 O7  
    795  HAMCUU        75  C24 H44 Bi2 Fe1 O4  
    796  HAPDOU        92  C45 H33 Fe1 N7 O4 S2  
    797  HAQFEO02      83  C28 H30 Cl2 Fe1 N10 O8 S4  
    798  HAQHIU        83  C28 H30 B2 F8 Fe1 N10 S4  
    799  HAQHIU01      83  C28 H30 B2 F8 Fe1 N10 S4  
    800  HAQRAW        93  C31 H36 Cl2 Fe1 N10 O9 S4  
    801  HAQROK        93  C31 H36 B2 F8 Fe1 N10 O1 S4  
    802  HATHUH        85  (C26 H24 Fe1 Gd1 N11 O18)n  
    803  HATJAP       102  C29 H32 Fe1 Gd1 N14 O25  
    804  HAXHIY        80  C30 H33 F6 Fe1 N8 O1 P1  
    805  HAZPAD       119  C48 H60 Fe1 N6 O4  
    806  HAZPAD02     119  C48 H60 Fe1 N6 O4  
    807  HAZPAD04     119  C48 H60 Fe1 N6 O4  
    808  HAZQAD        93  C34 H50 Fe1 N8  
    809  HAZRAE       134  C45 H61 Cl2 F6 Fe1 N11 O6 S2  
    810  HAZYAI       115  C47 H51 Fe1 N11 O5  
    811  HEBNOR        97  C44 H44 Fe1 N2 O2 P2 S2  
    812  HEBPIN        91  C41 H42 Fe1 N2 O1 P2 S2  
    813  HEBPOT       114  C40 H60 Fe1 N4 O3 P2 S4  
    814  HECBUO       125  C48 H44 Cl2 Fe1 N12 O18  
    815  HECHAA        78  C30 H32 F6 Fe1 N3 O2 P1 S3  
    816  HECHEE        82  C31 H35 Cl3 Fe1 N4 O5 S3  
    817  HECWAN        79  C29 H33 Fe1 N6 O10  
    818  HECWAN10      79  C29 H33 Fe1 N6 O10  
    819  HEDCEY        92  C44 H36 Fe1 O8 P2 S1  
    820  HEDZOJ        78  C27 H37 Fe1 N11 S2  
    821  HEHKIO        76  C21 H48 Fe1 O2 P4  
    822  HEHKIO01      76  C21 H48 Fe1 O2 P4  
    823  HEJXUS        77  C20 H48 Fe1 N8  
    824  HEJYAZ        83  C22 H52 Fe1 N8  
    825  HEJYED        83  C22 H52 Fe1 N8  
    826  HENGOX       101  C41 H39 Cl2 Fe1 N7 O11  
    827  HEQSAX        75  C31 H32 Cl1 Fe1 N6 O4 1+  
    828  HEVJUO        93  C35 H45 B1 Fe1 N6 O2 S3  
    829  HEWRIO        87  C36 H32 Br2 Fe1 N12 O4  
    830  HEXCIZ        78  C26 H38 Cl2 F6 Fe1 N4 P1  
    831  HEYMIL       104  C36 H40 F6 Fe1 N8 O11 S2  
    832  HEYMUX        87  C31 H35 Cl1 F3 Fe1 N7 O8 S1  
    833  HEYNUU        79  C28 H44 Fe1 N1 P1 S4  
    834  HEZMOS        88  C30 H26 F18 Fe1 N10 P3 1-  
    835  HIBSUK        79  C24 H32 Fe1 N15 O1 S6  
    836  HIFCAD       163  C68 H77 Br1 Fe1 N8 O8  
    837  HIGQEV       110  C50 H51 B1 Fe1 N2 O1 P4  
    838  HIKGEQ       107  C44 H42 Cl2 Fe1 N10 O8  
    839  HIKPEZ        83  C26 H26 B2 F8 Fe1 N14 O4 S2  
    840  HIKPEZ01      83  C26 H26 B2 F8 Fe1 N14 O4 S2  
    841  HIKPID02      82  C27 H27 B2 F8 Fe1 N13 O2 S2  
    842  HIKRAX        75  C26 H24 Cl2 Fe1 N12 O8 S2  
    843  HIKRAX02      75  C26 H24 Cl2 Fe1 N12 O8 S2  
    844  HIMPOI       112  C42 H63 Fe1 N2 O4  
    845  HIPHUM        88  C44 H38 Fe1 N2 P2 Si1  
    846  HIPJIC        99  C38 H54 Br2 Fe1 N2 P2  
    847  HIPJOI        99  C38 H56 Fe1 N2 P2  
    848  HISCUH01     134  C60 H60 Cl1 Fe1 N4 O8  
    849  HISXOA        84  C35 H38 Fe1 N5 O4 Se1  
    850  HISXUG        84  C35 H38 Fe1 N5 O4 S1  
    851  HISYIS01     106  (C24 H40 Cl1 Fe1 N32 O4 1+)n  
    852  HIVGAU       146  C64 H64 Fe1 N10 O7  
    853  HIVMIL       156  C56 H82 Fe1 N8 O9  
    854  HIVXAN        75  C29 H28 B2 F8 Fe1 N6 S1  
    855  HIWMAE       157  C59 H89 Fe1 N2 O3 P1 Si2  
    856  HIXDUQ       134  C53 H64 Fe1 N11 O5  
    857  HIXSEN       116  C49 H47 B2 Cl3 F8 Fe1 N4 P2  
    858  HIYREO        85  C42 H26 Fe1 N15 O1 1-  
    859  HMPBFE        89  C30 H44 B2 Fe1 N12  
    860  HMPBFE01      89  C30 H44 B2 Fe1 N12  
    861  HMPBFE02      89  C30 H44 B2 Fe1 N12  
    862  HMPBFE03      89  C30 H44 B2 Fe1 N12  
    863  HOBKAN       172  C66 H76 Cl2 Fe1 N10 O17  
    864  HOBRAS        81  C37 H36 Cl3 Fe1 N4  
    865  HODSUR        80  C27 H32 F12 Fe1 N6 P2  
    866  HOGFER        90  C37 H37 Cl3 Fe1 N4 O8  
    867  HOJSAC       153  C61 H65 F6 Fe1 N5 O11 S4  
    868  HOLBOB       151  C61 H61 B1 Cl3 F4 Fe1 N20 1+  
    869  HOLBUH       152  C62 H63 B1 F4 Fe1 N21 1+  
    870  HOLCES       146  C60 H60 B1 F4 Fe1 N20 1+  
    871  HOLSOT        75  C30 H36 B2 Fe1 N6  
    872  HOLTEK        75  C30 H36 B2 Fe1 N6  
    873  HONWUD       344  C93 H169 Fe10 N9 O50 P13  
    874  HONZEQ       111  C46 H47 B2 F8 Fe1 N5 P2  
    875  HONZOA       104  C45 H42 B2 F8 Fe1 N4 P2  
    876  HONZUG       130  C52 H55 B3 F12 Fe1 N5 P2 1-  
    877  HOPBAQ       121  C56 H48 B2 F8 Fe1 N4 P2  
    878  HOQFEZ        77  C26 H36 B2 Fe1 N12  
    879  HOQFID        95  C32 H48 B2 Fe1 N12  
    880  HOVLUZ        94  C48 H38 B1 Fe1 N4 S2  
    881  HOVMAG       104  C45 H50 B1 Fe1 N4 O1 S2  
    882  HOVVIY       102  C46 H44 B1 F4 Fe1 N4 P2 1+  
    883  HOXXEX        85  (C18 H42 Fe1 I6 N6 O6 Sn2)n  
    884  HOXXEZ       127  C58 H60 Fe1 N6 S2  
    885  HOYFEJ       210  C82 H100 Fe1 K1 N12 O14  
    886  HOZMUF        88  (C24 H42 Fe1 N12 O6 Sm1)n  
    887  HOZNAM        88  (C24 H42 Fe1 Gd1 N12 O6)n  
    888  HOZNEQ        88  (C24 H42 Fe1 N12 O6 Tb1)n  
    889  HOZNIU        88  (C24 H42 Dy1 Fe1 N12 O6)n  
    890  HOZNOA        88  (C24 H42 Fe1 Ho1 N12 O6)n  
    891  HOZNUG        88  (C24 H42 Fe1 N12 O6 Tm1)n  
    892  HOZTOH        80  C26 H34 F6 Fe1 N6 O6 P1  
    893  HOZTOH01      80  C26 H34 F6 Fe1 N6 O6 P1  
    894  HUBLUL        79  C26 H30 Fe1 Gd1 N10 O11  
    895  HUCDOB       124  C44 H60 Cl6 Fe1 N9 O4  
    896  HUCJIB        79  C36 H26 B2 Fe1 N12 O2  
    897  HUCJIB01      79  C36 H26 B2 Fe1 N12 O2  
    898  HUDLIB       103  C52 H40 Fe1 O8 P2  
    899  HUGVEM        79  C35 H36 Fe1 N3 O2 P1 S1  
    900  HUJVIT       176  C78 H79 Fe1 N14 O4  
    901  HUKTIT       101  C46 H36 Cl2 Fe1 N8 O8  
    902  HUMBEX        78  C14 H38 Fe1 N12 O13  
    903  HUNBAV        81  C25 H30 B1 F10 Fe1 N10 O3 Si1 1-  
    904  HUNBIB       183  (C20 H46 As12 Fe13 N6 O68 2-)n  
    905  HUNCAW       146  C65 H51 B2 F8 Fe1 N13 O6  
    906  HUNKAE        77  C40 H30 Fe1 O2 P2 S2  
    907  HUNNAH       117  C38 H62 Cl2 Fe1 N6 O8  
    908  HUNYIZ        75  C38 H28 Fe1 N6 O2  
    909  HUNYIZ01      75  C38 H28 Fe1 N6 O2  
    910  HUQKOV        97  C38 H44 Fe1 N6 O8  
    911  HUQKOV01      97  C38 H44 Fe1 N6 O8  
    912  HUQQIV       198  C73 H92 F3 Fe1 K1 N4 O23 S1 1+  
    913  HUQZEB01     100  (C43 H34 Fe1 N6 O8 S2 Se2)n  
    914  HUSNIU        77  C34 H28 Cl1 Fe1 N12 O1  
    915  HUTCAC        89  C30 H40 B2 Fe1 N6 O10  
    916  HUTCAC01      89  C30 H40 B2 Fe1 N6 O10  
    917  HUTCIK       101  C36 H46 B2 Fe1 N6 O10  
    918  HUTCOQ       101  C36 H46 B2 Fe1 N6 O10  
    919  HUTXAX        75  (C32 H24 Fe1 N8 O4)n  
    920  IBAWEO       256  C75 H121 B2 Cl9 Fe1 N12 O24 S6 Si6  
    921  IBETUF       107  C50 H36 B2 F2 Fe1 N8 O6 S2  
    922  IBEWAP        75  C30 H24 Fe1 N11 O5 S4  
    923  IBODEK       141  C56 H76 Fe1 N2 O6  
    924  IBUHEU        83  C36 H24 As4 Fe1 N6 Se12 2-  
    925  ICIVUP       166  C62 H90 Fe1 K1 N2 O8 P2  
    926  ICOZAC       447  C117 H273 Fe15 O42  
    927  IDABEU        75  C29 H26 B1 Cl4 Fe1 N8 O6  
    928  IDADEY       124  C43 H71 B1 Fe1 N2 Na1 O1 P3 Si1  
    929  IDAVIV       116  C54 H51 B1 Fe1 N2 O3 P4  
    930  IDAVOB       119  C52 H48 B2 Cl4 F4 Fe1 N2 O2 P4  
    931  IDUBEO        94  C45 H38 Br1 Fe1 N3 O4 P2  
    932  IDUBOY        96  C45 H40 Fe1 N4 O2 P2 S2  
    933  IDUCAL        89  C45 H34 Fe1 N4 O2 P2 S1  
    934  IDUHAT        83  C30 H36 B2 Fe1 N10 O4  
    935  IDUHAT01      83  C30 H36 B2 Fe1 N10 O4  
    936  IFEYUQ        89  C36 H34 B2 F8 Fe1 N6 Se2  
    937  IFILEQ       106  C33 H49 F6 Fe1 N7 O6 P2 S2  
    938  IFILOA        98  C29 H46 F6 Fe1 N6 O6 P2 S2  
    939  IFISUM       408  C158 H176 Fe12 O56 P6  
    940  IFOQEA        84  C32 H31 B2 Fe1 N12 O6  
    941  IGIGIQ       123  C49 H66 B1 Fe1 N3 O1 P2  
    942  IGIHEL        78  C20 H35 Cl1 Fe1 N10 O11 1+  
    943  IGISOJ        89  C29 H51 Fe1 N4 P3 Si1  
    944  IGISUP       104  C44 H52 Fe1 N2 P4 Si1  
    945  IGUVAK01     110  C46 H52 B1 Cl2 Fe1 N4 O4  
    946  IHEKEN        98  C36 H51 Fe1 N7 S3  
    947  IHITAW       105  C40 H44 Cl2 Fe1 N16 S2  
    948  IHITEA       105  C40 H44 Cl2 Fe1 N16 Se2  
    949  IHITIE       145  C52 H72 Fe1 N18 S2  slurmstepd: error: *** JOB 134103 ON hpa-wn05 CANCELLED AT 2024-09-20T13:45:43 DUE TO TIME LIMIT ***
