Summarize command line parameter
  VerboseFlag = 2
  Input File  = ../TestStructures/heme.xyz
my_arg in globals
my_arglist in globals
argpos in globals
argcnt in globals
4 global variables deleted
Clean up old files
ext   .xyz
path  ../TestStructures/
base  heme
Process input file ../TestStructures/heme.xyz
  process xyz input file (depreciated)
  ../TestStructures/heme.mol2 (easier to use file format) found
  process mol2 input file (preferred)
  read input file directly into a CSD object
  standarize bonds
  build supplementary OpenBabel object from mol2 file
  compare the molecular geometries of both objects
  Number of atoms: CSD 162   OB 162
    the number of atoms 162 in both objects match
    compare geometries line by line ...
      0   26   26    0.000000    0.000000    0.000000
      1    7    7    0.000000    0.000000    0.000000
      2    7    7    0.000000    0.000000    0.000000
      3    7    7    0.000000    0.000000    0.000000
      4    7    7    0.000000    0.000000    0.000000
      5    6    6    0.000000    0.000000    0.000000
      6    6    6    0.000000    0.000000    0.000000
      7    6    6    0.000000    0.000000    0.000000
      8    6    6    0.000000    0.000000    0.000000
      9    1    1    0.000000    0.000000    0.000000
     10    6    6    0.000000    0.000000    0.000000
     11    1    1    0.000000    0.000000    0.000000
     12    6    6    0.000000    0.000000    0.000000
     13    6    6    0.000000    0.000000    0.000000
     14    6    6    0.000000    0.000000    0.000000
     15    6    6    0.000000    0.000000    0.000000
     16    1    1    0.000000    0.000000    0.000000
     17    6    6    0.000000    0.000000    0.000000
     18    1    1    0.000000    0.000000    0.000000
     19    6    6    0.000000    0.000000    0.000000
     20    6    6    0.000000    0.000000    0.000000
     21    6    6    0.000000    0.000000    0.000000
     22    6    6    0.000000    0.000000    0.000000
     23    1    1    0.000000    0.000000    0.000000
     24    6    6    0.000000    0.000000    0.000000
     25    1    1    0.000000    0.000000    0.000000
     26    6    6    0.000000    0.000000    0.000000
     27    6    6    0.000000    0.000000    0.000000
     28    6    6    0.000000    0.000000    0.000000
     29    6    6    0.000000    0.000000    0.000000
     30    1    1    0.000000    0.000000    0.000000
     31    6    6    0.000000    0.000000    0.000000
     32    1    1    0.000000    0.000000    0.000000
     33    6    6    0.000000    0.000000    0.000000
     34    6    6    0.000000    0.000000    0.000000
     35    1    1    0.000000    0.000000    0.000000
     36    6    6    0.000000    0.000000    0.000000
     37    1    1    0.000000    0.000000    0.000000
     38    6    6    0.000000    0.000000    0.000000
     39    1    1    0.000000    0.000000    0.000000
     40    6    6    0.000000    0.000000    0.000000
     41    1    1    0.000000    0.000000    0.000000
     42    6    6    0.000000    0.000000    0.000000
     43    7    7    0.000000    0.000000    0.000000
     44    1    1    0.000000    0.000000    0.000000
     45    6    6    0.000000    0.000000    0.000000
     46    8    8    0.000000    0.000000    0.000000
     47    6    6    0.000000    0.000000    0.000000
     48    6    6    0.000000    0.000000    0.000000
     49    1    1    0.000000    0.000000    0.000000
     50    6    6    0.000000    0.000000    0.000000
     51    1    1    0.000000    0.000000    0.000000
     52    6    6    0.000000    0.000000    0.000000
     53    1    1    0.000000    0.000000    0.000000
     54    6    6    0.000000    0.000000    0.000000
     55    6    6    0.000000    0.000000    0.000000
     56    1    1    0.000000    0.000000    0.000000
     57    6    6    0.000000    0.000000    0.000000
     58    1    1    0.000000    0.000000    0.000000
     59    1    1    0.000000    0.000000    0.000000
     60    6    6    0.000000    0.000000    0.000000
     61    6    6    0.000000    0.000000    0.000000
     62    8    8    0.000000    0.000000    0.000000
     63    8    8    0.000000    0.000000    0.000000
     64    6    6    0.000000    0.000000    0.000000
     65    6    6    0.000000    0.000000    0.000000
     66    1    1    0.000000    0.000000    0.000000
     67    6    6    0.000000    0.000000    0.000000
     68    1    1    0.000000    0.000000    0.000000
     69    6    6    0.000000    0.000000    0.000000
     70    1    1    0.000000    0.000000    0.000000
     71    6    6    0.000000    0.000000    0.000000
     72    1    1    0.000000    0.000000    0.000000
     73    6    6    0.000000    0.000000    0.000000
     74    7    7    0.000000    0.000000    0.000000
     75    1    1    0.000000    0.000000    0.000000
     76    6    6    0.000000    0.000000    0.000000
     77    8    8    0.000000    0.000000    0.000000
     78    6    6    0.000000    0.000000    0.000000
     79    6    6    0.000000    0.000000    0.000000
     80    1    1    0.000000    0.000000    0.000000
     81    6    6    0.000000    0.000000    0.000000
     82    1    1    0.000000    0.000000    0.000000
     83    6    6    0.000000    0.000000    0.000000
     84    1    1    0.000000    0.000000    0.000000
     85    6    6    0.000000    0.000000    0.000000
     86    6    6    0.000000    0.000000    0.000000
     87    1    1    0.000000    0.000000    0.000000
     88    6    6    0.000000    0.000000    0.000000
     89    1    1    0.000000    0.000000    0.000000
     90    1    1    0.000000    0.000000    0.000000
     91    6    6    0.000000    0.000000    0.000000
     92    8    8    0.000000    0.000000    0.000000
     93    8    8    0.000000    0.000000    0.000000
     94    6    6    0.000000    0.000000    0.000000
     95    6    6    0.000000    0.000000    0.000000
     96    1    1    0.000000    0.000000    0.000000
     97    6    6    0.000000    0.000000    0.000000
     98    1    1    0.000000    0.000000    0.000000
     99    6    6    0.000000    0.000000    0.000000
    100    1    1    0.000000    0.000000    0.000000
    101    6    6    0.000000    0.000000    0.000000
    102    1    1    0.000000    0.000000    0.000000
    103    6    6    0.000000    0.000000    0.000000
    104    7    7    0.000000    0.000000    0.000000
    105    1    1    0.000000    0.000000    0.000000
    106    6    6    0.000000    0.000000    0.000000
    107    8    8    0.000000    0.000000    0.000000
    108    6    6    0.000000    0.000000    0.000000
    109    6    6    0.000000    0.000000    0.000000
    110    1    1    0.000000    0.000000    0.000000
    111    6    6    0.000000    0.000000    0.000000
    112    6    6    0.000000    0.000000    0.000000
    113    1    1    0.000000    0.000000    0.000000
    114    6    6    0.000000    0.000000    0.000000
    115    1    1    0.000000    0.000000    0.000000
    116    6    6    0.000000    0.000000    0.000000
    117    1    1    0.000000    0.000000    0.000000
    118    6    6    0.000000    0.000000    0.000000
    119    1    1    0.000000    0.000000    0.000000
    120    1    1    0.000000    0.000000    0.000000
    121    7    7    0.000000    0.000000    0.000000
    122    6    6    0.000000    0.000000    0.000000
    123    6    6    0.000000    0.000000    0.000000
    124    1    1    0.000000    0.000000    0.000000
    125    6    6    0.000000    0.000000    0.000000
    126    1    1    0.000000    0.000000    0.000000
    127    6    6    0.000000    0.000000    0.000000
    128    1    1    0.000000    0.000000    0.000000
    129    6    6    0.000000    0.000000    0.000000
    130    1    1    0.000000    0.000000    0.000000
    131    6    6    0.000000    0.000000    0.000000
    132    7    7    0.000000    0.000000    0.000000
    133    1    1    0.000000    0.000000    0.000000
    134    6    6    0.000000    0.000000    0.000000
    135    8    8    0.000000    0.000000    0.000000
    136    6    6    0.000000    0.000000    0.000000
    137    6    6    0.000000    0.000000    0.000000
    138    1    1    0.000000    0.000000    0.000000
    139    6    6    0.000000    0.000000    0.000000
    140    6    6    0.000000    0.000000    0.000000
    141    1    1    0.000000    0.000000    0.000000
    142    6    6    0.000000    0.000000    0.000000
    143    1    1    0.000000    0.000000    0.000000
    144    6    6    0.000000    0.000000    0.000000
    145    1    1    0.000000    0.000000    0.000000
    146    6    6    0.000000    0.000000    0.000000
    147    1    1    0.000000    0.000000    0.000000
    148    1    1    0.000000    0.000000    0.000000
    149    6    6    0.000000    0.000000    0.000000
    150    1    1    0.000000    0.000000    0.000000
    151    1    1    0.000000    0.000000    0.000000
    152    6    6    0.000000    0.000000    0.000000
    153    6    6    0.000000    0.000000    0.000000
    154    1    1    0.000000    0.000000    0.000000
    155    6    6    0.000000    0.000000    0.000000
    156    1    1    0.000000    0.000000    0.000000
    157    6    6    0.000000    0.000000    0.000000
    158    1    1    0.000000    0.000000    0.000000
    159    7    7    0.000000    0.000000    0.000000
    160    6    6    0.000000    0.000000    0.000000
    161    1    1    0.000000    0.000000    0.000000
    the geometries of both objects match
root in globals
file in globals
path in globals
base in globals
ext in globals
5 global variables deleted
obatom in globals
1 global variables deleted
csdanz in globals
obanz in globals
csdnum in globals
obnum in globals
4 global variables deleted
csdX in globals
obX in globals
deltaX in globals
csdY in globals
obY in globals
deltaY in globals
csdZ in globals
obZ in globals
deltaZ in globals
9 global variables deleted
Search for functional groups
  No C#N group(s) found.
  No ccccccC#N group(s) found.
  No cCl group(s) found.
  No N#N group(s) found.
  Found 4 [Fe][N] group(s) in the molecule.
     0  FE-0    N-1   
     1  FE-0    N-4   
     2  FE-0    N-2   
     3  FE-0    N-3   
  Found 1 [Fe][O] group(s) in the molecule.
     0  FE-0    O-93  
  5 functional group(s) found.
Start the actual QM/MM partioning process
Step 01 - metal center
  1 new atoms found
    0  Fe   31.738600    4.463800   16.505700
  Write stp01.xyz
Step 02 - direct neighbours
  6 new atoms found
    1   N   30.229900    4.222100   15.150100
    2   N   31.789600    2.432100   16.779200
    3   N   33.229300    4.707800   17.885100
    4   N   31.651600    6.526300   16.255000
   93   O   33.087500    4.520100   15.007100
  159   N   30.218700    4.570200   18.161100
  Write stp02.xyz
Step 3 - Distant neighbour search
  <= 3.0 A and <= 80% of the VdW radius
Step 03 - distance based neighbours
  0 new atoms found
  Write stp03.xyz
Step 04 - rings containing neighbours atoms
    atom  smallest ring
     N-1  5
     N-2  4
     N-3  4
     N-4  3
    O-93  2
   N-159  3
Step 04 - rings containing neighbours atoms
  21 new atoms found
    5   C   29.646100    3.020100   14.768800
    7   C   31.032000    1.483700   16.118600
    8   C   31.459000    0.176200   16.524200
   10   C   32.496800    0.323900   17.375700
   12   C   32.700000    1.739500   17.544500
   14   C   33.873100    3.699100   18.560700
   15   C   34.880900    4.280100   19.424500
   17   C   34.849900    5.604700   19.232600
   19   C   33.833700    5.893500   18.250400
   21   C   32.569900    7.426800   16.764800
   22   C   32.404700    8.674500   16.089100
   24   C   31.454700    8.511900   15.144600
   26   C   30.982000    7.164000   15.226100
   28   C   29.686700    5.211400   14.350800
   29   C   28.681900    4.630400   13.488100
   31   C   28.651700    3.306200   13.753200
  152   C   28.352300    5.593300   19.261300
  153   C   28.323600    4.545100   20.169200
  155   C   29.217300    3.508000   20.057200
  157   C   30.145900    3.573000   19.044200
  160   C   29.327900    5.547200   18.272500
  Write stp04.xyz
Step 05 - central aromatic rings
  0 new atoms found
  Write stp05.xyz
Step 06 - iterative search for aromatic rings
  0 iterative search rounds needed
Step 06 - iterative search for aromatic rings
  0 new atoms found
  Write stp06.xyz
Step 07 - 1 atom links  list of all found links
  C5-C6-C7
  C7-C6-C5
  C12-C13-C14
  C14-C13-C12
  C19-C20-C21
  C21-C20-C19
  C26-C27-C28
  C28-C27-C26
Step 07 - 1 atom links
  4 new atoms found
    6   C   30.022900    1.753100   15.179300
   13   C   33.667300    2.315200   18.377000
   20   C   33.566800    7.150400   17.702700
   27   C   30.082700    6.561100   14.334500
  Write stp07.xyz
Step 08 - 2 atom links  list of all found links
  Fe0-N1-Fe0-N1  Del
  Fe0-N1-Fe0-N2  Del
  Fe0-N1-Fe0-N3  Del
  Fe0-N1-Fe0-N4  Del
  Fe0-N1-Fe0-O93  Del
  Fe0-N1-Fe0-N159  Del
  Fe0-N1-C5-N1  Del
  Fe0-N1-C5-C6  Del
  Fe0-N1-C5-C31  Del
  Fe0-N1-C28-N1  Del
  Fe0-N1-C28-C27  Del
  Fe0-N1-C28-C29  Del
  Fe0-N2-Fe0-N1  Del
  Fe0-N2-Fe0-N2  Del
  Fe0-N2-Fe0-N3  Del
  Fe0-N2-Fe0-N4  Del
  Fe0-N2-Fe0-O93  Del
  Fe0-N2-Fe0-N159  Del
  Fe0-N2-C7-N2  Del
  Fe0-N2-C7-C6  Del
  Fe0-N2-C7-C8  Del
  Fe0-N2-C12-N2  Del
  Fe0-N2-C12-C10  Del
  Fe0-N2-C12-C13  Del
  Fe0-N3-Fe0-N1  Del
  Fe0-N3-Fe0-N2  Del
  Fe0-N3-Fe0-N3  Del
  Fe0-N3-Fe0-N4  Del
  Fe0-N3-Fe0-O93  Del
  Fe0-N3-Fe0-N159  Del
  Fe0-N3-C14-N3  Del
  Fe0-N3-C14-C13  Del
  Fe0-N3-C14-C15  Del
  Fe0-N3-C19-N3  Del
  Fe0-N3-C19-C17  Del
  Fe0-N3-C19-C20  Del
  Fe0-N4-Fe0-N1  Del
  Fe0-N4-Fe0-N2  Del
  Fe0-N4-Fe0-N3  Del
  Fe0-N4-Fe0-N4  Del
  Fe0-N4-Fe0-O93  Del
  Fe0-N4-Fe0-N159  Del
  Fe0-N4-C21-N4  Del
  Fe0-N4-C21-C20  Del
  Fe0-N4-C21-C22  Del
  Fe0-N4-C26-N4  Del
  Fe0-N4-C26-C24  Del
  Fe0-N4-C26-C27  Del
  Fe0-O93-Fe0-N1  Del
  Fe0-O93-Fe0-N2  Del
  Fe0-O93-Fe0-N3  Del
  Fe0-O93-Fe0-N4  Del
  Fe0-O93-Fe0-O93  Del
  Fe0-O93-Fe0-N159  Del
  Fe0-O93-C91-C60  Del
  Fe0-O93-C91-O92  Del
  Fe0-O93-C91-O93  Del
  Fe0-N159-Fe0-N1  Del
  Fe0-N159-Fe0-N2  Del
  Fe0-N159-Fe0-N3  Del
  Fe0-N159-Fe0-N4  Del
  Fe0-N159-Fe0-O93  Del
  Fe0-N159-Fe0-N159  Del
  Fe0-N159-C157-C155  Del
  Fe0-N159-C157-H158  Del
  Fe0-N159-C157-N159  Del
  Fe0-N159-C160-C152  Del
  Fe0-N159-C160-N159  Del
  Fe0-N159-C160-H161  Del
  N1-Fe0-N1-Fe0  Del
  N1-Fe0-N1-C5  Del
  N1-Fe0-N1-C28  Del
  N1-Fe0-N2-Fe0  Del
  N1-Fe0-N2-C7  Del
  N1-Fe0-N2-C12  Del
  N1-Fe0-N3-Fe0  Del
  N1-Fe0-N3-C14  Del
  N1-Fe0-N3-C19  Del
  N1-Fe0-N4-Fe0  Del
  N1-Fe0-N4-C21  Del
  N1-Fe0-N4-C26  Del
  N1-Fe0-O93-Fe0  Del
  N1-Fe0-O93-C91  Del
  N1-Fe0-N159-Fe0  Del
  N1-Fe0-N159-C157  Del
  N1-Fe0-N159-C160  Del
  N1-C5-N1-Fe0  Del
  N1-C5-N1-C5  Del
  N1-C5-N1-C28  Del
  N1-C5-C6-C5  Del
  N1-C5-C6-C7  Del
  N1-C5-C6-C33  Del
  N1-C5-C31-C5  Del
  N1-C5-C31-C29  Del
  N1-C5-C31-H32  Del
  N1-C28-N1-Fe0  Del
  N1-C28-N1-C5  Del
  N1-C28-N1-C28  Del
  N1-C28-C27-C26  Del
  N1-C28-C27-C28  Del
  N1-C28-C27-C94  Del
  N1-C28-C29-C28  Del
  N1-C28-C29-H30  Del
  N1-C28-C29-C31  Del
  N2-Fe0-N1-Fe0  Del
  N2-Fe0-N1-C5  Del
  N2-Fe0-N1-C28  Del
  N2-Fe0-N2-Fe0  Del
  N2-Fe0-N2-C7  Del
  N2-Fe0-N2-C12  Del
  N2-Fe0-N3-Fe0  Del
  N2-Fe0-N3-C14  Del
  N2-Fe0-N3-C19  Del
  N2-Fe0-N4-Fe0  Del
  N2-Fe0-N4-C21  Del
  N2-Fe0-N4-C26  Del
  N2-Fe0-O93-Fe0  Del
  N2-Fe0-O93-C91  Del
  N2-Fe0-N159-Fe0  Del
  N2-Fe0-N159-C157  Del
  N2-Fe0-N159-C160  Del
  N2-C7-N2-Fe0  Del
  N2-C7-N2-C7  Del
  N2-C7-N2-C12  Del
  N2-C7-C6-C5  Del
  N2-C7-C6-C7  Del
  N2-C7-C6-C33  Del
  N2-C7-C8-C7  Del
  N2-C7-C8-H9  Del
  N2-C7-C8-C10  Del
  N2-C12-N2-Fe0  Del
  N2-C12-N2-C7  Del
  N2-C12-N2-C12  Del
  N2-C12-C10-C8  Del
  N2-C12-C10-H11  Del
  N2-C12-C10-C12  Del
  N2-C12-C13-C12  Del
  N2-C12-C13-C14  Del
  N2-C12-C13-C64  Del
  N3-Fe0-N1-Fe0  Del
  N3-Fe0-N1-C5  Del
  N3-Fe0-N1-C28  Del
  N3-Fe0-N2-Fe0  Del
  N3-Fe0-N2-C7  Del
  N3-Fe0-N2-C12  Del
  N3-Fe0-N3-Fe0  Del
  N3-Fe0-N3-C14  Del
  N3-Fe0-N3-C19  Del
  N3-Fe0-N4-Fe0  Del
  N3-Fe0-N4-C21  Del
  N3-Fe0-N4-C26  Del
  N3-Fe0-O93-Fe0  Del
  N3-Fe0-O93-C91  Del
  N3-Fe0-N159-Fe0  Del
  N3-Fe0-N159-C157  Del
  N3-Fe0-N159-C160  Del
  N3-C14-N3-Fe0  Del
  N3-C14-N3-C14  Del
  N3-C14-N3-C19  Del
  N3-C14-C13-C12  Del
  N3-C14-C13-C14  Del
  N3-C14-C13-C64  Del
  N3-C14-C15-C14  Del
  N3-C14-C15-H16  Del
  N3-C14-C15-C17  Del
  N3-C19-N3-Fe0  Del
  N3-C19-N3-C14  Del
  N3-C19-N3-C19  Del
  N3-C19-C17-C15  Del
  N3-C19-C17-H18  Del
  N3-C19-C17-C19  Del
  N3-C19-C20-C19  Del
  N3-C19-C20-C21  Del
  N3-C19-C20-C122  Del
  N4-Fe0-N1-Fe0  Del
  N4-Fe0-N1-C5  Del
  N4-Fe0-N1-C28  Del
  N4-Fe0-N2-Fe0  Del
  N4-Fe0-N2-C7  Del
  N4-Fe0-N2-C12  Del
  N4-Fe0-N3-Fe0  Del
  N4-Fe0-N3-C14  Del
  N4-Fe0-N3-C19  Del
  N4-Fe0-N4-Fe0  Del
  N4-Fe0-N4-C21  Del
  N4-Fe0-N4-C26  Del
  N4-Fe0-O93-Fe0  Del
  N4-Fe0-O93-C91  Del
  N4-Fe0-N159-Fe0  Del
  N4-Fe0-N159-C157  Del
  N4-Fe0-N159-C160  Del
  N4-C21-N4-Fe0  Del
  N4-C21-N4-C21  Del
  N4-C21-N4-C26  Del
  N4-C21-C20-C19  Del
  N4-C21-C20-C21  Del
  N4-C21-C20-C122  Del
  N4-C21-C22-C21  Del
  N4-C21-C22-H23  Del
  N4-C21-C22-C24  Del
  N4-C26-N4-Fe0  Del
  N4-C26-N4-C21  Del
  N4-C26-N4-C26  Del
  N4-C26-C24-C22  Del
  N4-C26-C24-H25  Del
  N4-C26-C24-C26  Del
  N4-C26-C27-C26  Del
  N4-C26-C27-C28  Del
  N4-C26-C27-C94  Del
  C5-N1-Fe0-N1  Del
  C5-N1-Fe0-N2  Del
  C5-N1-Fe0-N3  Del
  C5-N1-Fe0-N4  Del
  C5-N1-Fe0-O93  Del
  C5-N1-Fe0-N159  Del
  C5-N1-C5-N1  Del
  C5-N1-C5-C6  Del
  C5-N1-C5-C31  Del
  C5-N1-C28-N1  Del
  C5-N1-C28-C27  Del
  C5-N1-C28-C29  Del
  C5-C6-C5-N1  Del
  C5-C6-C5-C6  Del
  C5-C6-C5-C31  Del
  C5-C6-C7-N2  Del
  C5-C6-C7-C6  Del
  C5-C6-C7-C8  Del
  C5-C6-C33-C6  Del
  C5-C6-C33-C34  Del
  C5-C6-C33-C42  Del
  C5-C31-C5-N1  Del
  C5-C31-C5-C6  Del
  C5-C31-C5-C31  Del
  C5-C31-C29-C28  Del
  C5-C31-C29-H30  Del
  C5-C31-C29-C31  Del
  C5-C31-H32-C31  Del
  C6-C5-N1-Fe0  Del
  C6-C5-N1-C5  Del
  C6-C5-N1-C28  Del
  C6-C5-C6-C5  Del
  C6-C5-C6-C7  Del
  C6-C5-C6-C33  Del
  C6-C5-C31-C5  Del
  C6-C5-C31-C29  Del
  C6-C5-C31-H32  Del
  C6-C7-N2-Fe0  Del
  C6-C7-N2-C7  Del
  C6-C7-N2-C12  Del
  C6-C7-C6-C5  Del
  C6-C7-C6-C7  Del
  C6-C7-C6-C33  Del
  C6-C7-C8-C7  Del
  C6-C7-C8-H9  Del
  C6-C7-C8-C10  Del
  C6-C33-C6-C5  Del
  C6-C33-C6-C7  Del
  C6-C33-C6-C33  Del
  C6-C33-C34-C33  Del
  C6-C33-C34-H35  Del
  C6-C33-C34-C36  Del
  C6-C33-C42-C33  Del
  C6-C33-C42-C40  Del
  C6-C33-C42-N43  Del
  C7-N2-Fe0-N1  Del
  C7-N2-Fe0-N2  Del
  C7-N2-Fe0-N3  Del
  C7-N2-Fe0-N4  Del
  C7-N2-Fe0-O93  Del
  C7-N2-Fe0-N159  Del
  C7-N2-C7-N2  Del
  C7-N2-C7-C6  Del
  C7-N2-C7-C8  Del
  C7-N2-C12-N2  Del
  C7-N2-C12-C10  Del
  C7-N2-C12-C13  Del
  C7-C6-C5-N1  Del
  C7-C6-C5-C6  Del
  C7-C6-C5-C31  Del
  C7-C6-C7-N2  Del
  C7-C6-C7-C6  Del
  C7-C6-C7-C8  Del
  C7-C6-C33-C6  Del
  C7-C6-C33-C34  Del
  C7-C6-C33-C42  Del
  C7-C8-C7-N2  Del
  C7-C8-C7-C6  Del
  C7-C8-C7-C8  Del
  C7-C8-H9-C8  Del
  C7-C8-C10-C8  Del
  C7-C8-C10-H11  Del
  C7-C8-C10-C12  Del
  C8-C7-N2-Fe0  Del
  C8-C7-N2-C7  Del
  C8-C7-N2-C12  Del
  C8-C7-C6-C5  Del
  C8-C7-C6-C7  Del
  C8-C7-C6-C33  Del
  C8-C7-C8-C7  Del
  C8-C7-C8-H9  Del
  C8-C7-C8-C10  Del
  C8-H9-C8-C7  Del
  C8-H9-C8-H9  Del
  C8-H9-C8-C10  Del
  C8-C10-C8-C7  Del
  C8-C10-C8-H9  Del
  C8-C10-C8-C10  Del
  C8-C10-H11-C10  Del
  C8-C10-C12-N2  Del
  C8-C10-C12-C10  Del
  C8-C10-C12-C13  Del
  C10-C8-C7-N2  Del
  C10-C8-C7-C6  Del
  C10-C8-C7-C8  Del
  C10-C8-H9-C8  Del
  C10-C8-C10-C8  Del
  C10-C8-C10-H11  Del
  C10-C8-C10-C12  Del
  C10-H11-C10-C8  Del
  C10-H11-C10-H11  Del
  C10-H11-C10-C12  Del
  C10-C12-N2-Fe0  Del
  C10-C12-N2-C7  Del
  C10-C12-N2-C12  Del
  C10-C12-C10-C8  Del
  C10-C12-C10-H11  Del
  C10-C12-C10-C12  Del
  C10-C12-C13-C12  Del
  C10-C12-C13-C14  Del
  C10-C12-C13-C64  Del
  C12-N2-Fe0-N1  Del
  C12-N2-Fe0-N2  Del
  C12-N2-Fe0-N3  Del
  C12-N2-Fe0-N4  Del
  C12-N2-Fe0-O93  Del
  C12-N2-Fe0-N159  Del
  C12-N2-C7-N2  Del
  C12-N2-C7-C6  Del
  C12-N2-C7-C8  Del
  C12-N2-C12-N2  Del
  C12-N2-C12-C10  Del
  C12-N2-C12-C13  Del
  C12-C10-C8-C7  Del
  C12-C10-C8-H9  Del
  C12-C10-C8-C10  Del
  C12-C10-H11-C10  Del
  C12-C10-C12-N2  Del
  C12-C10-C12-C10  Del
  C12-C10-C12-C13  Del
  C12-C13-C12-N2  Del
  C12-C13-C12-C10  Del
  C12-C13-C12-C13  Del
  C12-C13-C14-N3  Del
  C12-C13-C14-C13  Del
  C12-C13-C14-C15  Del
  C12-C13-C64-C13  Del
  C12-C13-C64-C65  Del
  C12-C13-C64-C73  Del
  C13-C12-N2-Fe0  Del
  C13-C12-N2-C7  Del
  C13-C12-N2-C12  Del
  C13-C12-C10-C8  Del
  C13-C12-C10-H11  Del
  C13-C12-C10-C12  Del
  C13-C12-C13-C12  Del
  C13-C12-C13-C14  Del
  C13-C12-C13-C64  Del
  C13-C14-N3-Fe0  Del
  C13-C14-N3-C14  Del
  C13-C14-N3-C19  Del
  C13-C14-C13-C12  Del
  C13-C14-C13-C14  Del
  C13-C14-C13-C64  Del
  C13-C14-C15-C14  Del
  C13-C14-C15-H16  Del
  C13-C14-C15-C17  Del
  C13-C64-C13-C12  Del
  C13-C64-C13-C14  Del
  C13-C64-C13-C64  Del
  C13-C64-C65-C64  Del
  C13-C64-C65-H66  Del
  C13-C64-C65-C67  Del
  C13-C64-C73-C64  Del
  C13-C64-C73-C71  Del
  C13-C64-C73-N74  Del
  C14-N3-Fe0-N1  Del
  C14-N3-Fe0-N2  Del
  C14-N3-Fe0-N3  Del
  C14-N3-Fe0-N4  Del
  C14-N3-Fe0-O93  Del
  C14-N3-Fe0-N159  Del
  C14-N3-C14-N3  Del
  C14-N3-C14-C13  Del
  C14-N3-C14-C15  Del
  C14-N3-C19-N3  Del
  C14-N3-C19-C17  Del
  C14-N3-C19-C20  Del
  C14-C13-C12-N2  Del
  C14-C13-C12-C10  Del
  C14-C13-C12-C13  Del
  C14-C13-C14-N3  Del
  C14-C13-C14-C13  Del
  C14-C13-C14-C15  Del
  C14-C13-C64-C13  Del
  C14-C13-C64-C65  Del
  C14-C13-C64-C73  Del
  C14-C15-C14-N3  Del
  C14-C15-C14-C13  Del
  C14-C15-C14-C15  Del
  C14-C15-H16-C15  Del
  C14-C15-C17-C15  Del
  C14-C15-C17-H18  Del
  C14-C15-C17-C19  Del
  C15-C14-N3-Fe0  Del
  C15-C14-N3-C14  Del
  C15-C14-N3-C19  Del
  C15-C14-C13-C12  Del
  C15-C14-C13-C14  Del
  C15-C14-C13-C64  Del
  C15-C14-C15-C14  Del
  C15-C14-C15-H16  Del
  C15-C14-C15-C17  Del
  C15-H16-C15-C14  Del
  C15-H16-C15-H16  Del
  C15-H16-C15-C17  Del
  C15-C17-C15-C14  Del
  C15-C17-C15-H16  Del
  C15-C17-C15-C17  Del
  C15-C17-H18-C17  Del
  C15-C17-C19-N3  Del
  C15-C17-C19-C17  Del
  C15-C17-C19-C20  Del
  C17-C15-C14-N3  Del
  C17-C15-C14-C13  Del
  C17-C15-C14-C15  Del
  C17-C15-H16-C15  Del
  C17-C15-C17-C15  Del
  C17-C15-C17-H18  Del
  C17-C15-C17-C19  Del
  C17-H18-C17-C15  Del
  C17-H18-C17-H18  Del
  C17-H18-C17-C19  Del
  C17-C19-N3-Fe0  Del
  C17-C19-N3-C14  Del
  C17-C19-N3-C19  Del
  C17-C19-C17-C15  Del
  C17-C19-C17-H18  Del
  C17-C19-C17-C19  Del
  C17-C19-C20-C19  Del
  C17-C19-C20-C21  Del
  C17-C19-C20-C122  Del
  C19-N3-Fe0-N1  Del
  C19-N3-Fe0-N2  Del
  C19-N3-Fe0-N3  Del
  C19-N3-Fe0-N4  Del
  C19-N3-Fe0-O93  Del
  C19-N3-Fe0-N159  Del
  C19-N3-C14-N3  Del
  C19-N3-C14-C13  Del
  C19-N3-C14-C15  Del
  C19-N3-C19-N3  Del
  C19-N3-C19-C17  Del
  C19-N3-C19-C20  Del
  C19-C17-C15-C14  Del
  C19-C17-C15-H16  Del
  C19-C17-C15-C17  Del
  C19-C17-H18-C17  Del
  C19-C17-C19-N3  Del
  C19-C17-C19-C17  Del
  C19-C17-C19-C20  Del
  C19-C20-C19-N3  Del
  C19-C20-C19-C17  Del
  C19-C20-C19-C20  Del
  C19-C20-C21-N4  Del
  C19-C20-C21-C20  Del
  C19-C20-C21-C22  Del
  C19-C20-C122-C20  Del
  C19-C20-C122-C123  Del
  C19-C20-C122-C131  Del
  C20-C19-N3-Fe0  Del
  C20-C19-N3-C14  Del
  C20-C19-N3-C19  Del
  C20-C19-C17-C15  Del
  C20-C19-C17-H18  Del
  C20-C19-C17-C19  Del
  C20-C19-C20-C19  Del
  C20-C19-C20-C21  Del
  C20-C19-C20-C122  Del
  C20-C21-N4-Fe0  Del
  C20-C21-N4-C21  Del
  C20-C21-N4-C26  Del
  C20-C21-C20-C19  Del
  C20-C21-C20-C21  Del
  C20-C21-C20-C122  Del
  C20-C21-C22-C21  Del
  C20-C21-C22-H23  Del
  C20-C21-C22-C24  Del
  C20-C122-C20-C19  Del
  C20-C122-C20-C21  Del
  C20-C122-C20-C122  Del
  C20-C122-C123-C122  Del
  C20-C122-C123-H124  Del
  C20-C122-C123-C125  Del
  C20-C122-C131-C122  Del
  C20-C122-C131-C129  Del
  C20-C122-C131-N132  Del
  C21-N4-Fe0-N1  Del
  C21-N4-Fe0-N2  Del
  C21-N4-Fe0-N3  Del
  C21-N4-Fe0-N4  Del
  C21-N4-Fe0-O93  Del
  C21-N4-Fe0-N159  Del
  C21-N4-C21-N4  Del
  C21-N4-C21-C20  Del
  C21-N4-C21-C22  Del
  C21-N4-C26-N4  Del
  C21-N4-C26-C24  Del
  C21-N4-C26-C27  Del
  C21-C20-C19-N3  Del
  C21-C20-C19-C17  Del
  C21-C20-C19-C20  Del
  C21-C20-C21-N4  Del
  C21-C20-C21-C20  Del
  C21-C20-C21-C22  Del
  C21-C20-C122-C20  Del
  C21-C20-C122-C123  Del
  C21-C20-C122-C131  Del
  C21-C22-C21-N4  Del
  C21-C22-C21-C20  Del
  C21-C22-C21-C22  Del
  C21-C22-H23-C22  Del
  C21-C22-C24-C22  Del
  C21-C22-C24-H25  Del
  C21-C22-C24-C26  Del
  C22-C21-N4-Fe0  Del
  C22-C21-N4-C21  Del
  C22-C21-N4-C26  Del
  C22-C21-C20-C19  Del
  C22-C21-C20-C21  Del
  C22-C21-C20-C122  Del
  C22-C21-C22-C21  Del
  C22-C21-C22-H23  Del
  C22-C21-C22-C24  Del
  C22-H23-C22-C21  Del
  C22-H23-C22-H23  Del
  C22-H23-C22-C24  Del
  C22-C24-C22-C21  Del
  C22-C24-C22-H23  Del
  C22-C24-C22-C24  Del
  C22-C24-H25-C24  Del
  C22-C24-C26-N4  Del
  C22-C24-C26-C24  Del
  C22-C24-C26-C27  Del
  C24-C22-C21-N4  Del
  C24-C22-C21-C20  Del
  C24-C22-C21-C22  Del
  C24-C22-H23-C22  Del
  C24-C22-C24-C22  Del
  C24-C22-C24-H25  Del
  C24-C22-C24-C26  Del
  C24-H25-C24-C22  Del
  C24-H25-C24-H25  Del
  C24-H25-C24-C26  Del
  C24-C26-N4-Fe0  Del
  C24-C26-N4-C21  Del
  C24-C26-N4-C26  Del
  C24-C26-C24-C22  Del
  C24-C26-C24-H25  Del
  C24-C26-C24-C26  Del
  C24-C26-C27-C26  Del
  C24-C26-C27-C28  Del
  C24-C26-C27-C94  Del
  C26-N4-Fe0-N1  Del
  C26-N4-Fe0-N2  Del
  C26-N4-Fe0-N3  Del
  C26-N4-Fe0-N4  Del
  C26-N4-Fe0-O93  Del
  C26-N4-Fe0-N159  Del
  C26-N4-C21-N4  Del
  C26-N4-C21-C20  Del
  C26-N4-C21-C22  Del
  C26-N4-C26-N4  Del
  C26-N4-C26-C24  Del
  C26-N4-C26-C27  Del
  C26-C24-C22-C21  Del
  C26-C24-C22-H23  Del
  C26-C24-C22-C24  Del
  C26-C24-H25-C24  Del
  C26-C24-C26-N4  Del
  C26-C24-C26-C24  Del
  C26-C24-C26-C27  Del
  C26-C27-C26-N4  Del
  C26-C27-C26-C24  Del
  C26-C27-C26-C27  Del
  C26-C27-C28-N1  Del
  C26-C27-C28-C27  Del
  C26-C27-C28-C29  Del
  C26-C27-C94-C27  Del
  C26-C27-C94-C95  Del
  C26-C27-C94-C103  Del
  C27-C26-N4-Fe0  Del
  C27-C26-N4-C21  Del
  C27-C26-N4-C26  Del
  C27-C26-C24-C22  Del
  C27-C26-C24-H25  Del
  C27-C26-C24-C26  Del
  C27-C26-C27-C26  Del
  C27-C26-C27-C28  Del
  C27-C26-C27-C94  Del
  C27-C28-N1-Fe0  Del
  C27-C28-N1-C5  Del
  C27-C28-N1-C28  Del
  C27-C28-C27-C26  Del
  C27-C28-C27-C28  Del
  C27-C28-C27-C94  Del
  C27-C28-C29-C28  Del
  C27-C28-C29-H30  Del
  C27-C28-C29-C31  Del
  C27-C94-C27-C26  Del
  C27-C94-C27-C28  Del
  C27-C94-C27-C94  Del
  C27-C94-C95-C94  Del
  C27-C94-C95-H96  Del
  C27-C94-C95-C97  Del
  C27-C94-C103-C94  Del
  C27-C94-C103-C101  Del
  C27-C94-C103-N104  Del
  C28-N1-Fe0-N1  Del
  C28-N1-Fe0-N2  Del
  C28-N1-Fe0-N3  Del
  C28-N1-Fe0-N4  Del
  C28-N1-Fe0-O93  Del
  C28-N1-Fe0-N159  Del
  C28-N1-C5-N1  Del
  C28-N1-C5-C6  Del
  C28-N1-C5-C31  Del
  C28-N1-C28-N1  Del
  C28-N1-C28-C27  Del
  C28-N1-C28-C29  Del
  C28-C27-C26-N4  Del
  C28-C27-C26-C24  Del
  C28-C27-C26-C27  Del
  C28-C27-C28-N1  Del
  C28-C27-C28-C27  Del
  C28-C27-C28-C29  Del
  C28-C27-C94-C27  Del
  C28-C27-C94-C95  Del
  C28-C27-C94-C103  Del
  C28-C29-C28-N1  Del
  C28-C29-C28-C27  Del
  C28-C29-C28-C29  Del
  C28-C29-H30-C29  Del
  C28-C29-C31-C5  Del
  C28-C29-C31-C29  Del
  C28-C29-C31-H32  Del
  C29-C28-N1-Fe0  Del
  C29-C28-N1-C5  Del
  C29-C28-N1-C28  Del
  C29-C28-C27-C26  Del
  C29-C28-C27-C28  Del
  C29-C28-C27-C94  Del
  C29-C28-C29-C28  Del
  C29-C28-C29-H30  Del
  C29-C28-C29-C31  Del
  C29-H30-C29-C28  Del
  C29-H30-C29-H30  Del
  C29-H30-C29-C31  Del
  C29-C31-C5-N1  Del
  C29-C31-C5-C6  Del
  C29-C31-C5-C31  Del
  C29-C31-C29-C28  Del
  C29-C31-C29-H30  Del
  C29-C31-C29-C31  Del
  C29-C31-H32-C31  Del
  C31-C5-N1-Fe0  Del
  C31-C5-N1-C5  Del
  C31-C5-N1-C28  Del
  C31-C5-C6-C5  Del
  C31-C5-C6-C7  Del
  C31-C5-C6-C33  Del
  C31-C5-C31-C5  Del
  C31-C5-C31-C29  Del
  C31-C5-C31-H32  Del
  C31-C29-C28-N1  Del
  C31-C29-C28-C27  Del
  C31-C29-C28-C29  Del
  C31-C29-H30-C29  Del
  C31-C29-C31-C5  Del
  C31-C29-C31-C29  Del
  C31-C29-C31-H32  Del
  C31-H32-C31-C5  Del
  C31-H32-C31-C29  Del
  C31-H32-C31-H32  Del
  O93-Fe0-N1-Fe0  Del
  O93-Fe0-N1-C5  Del
  O93-Fe0-N1-C28  Del
  O93-Fe0-N2-Fe0  Del
  O93-Fe0-N2-C7  Del
  O93-Fe0-N2-C12  Del
  O93-Fe0-N3-Fe0  Del
  O93-Fe0-N3-C14  Del
  O93-Fe0-N3-C19  Del
  O93-Fe0-N4-Fe0  Del
  O93-Fe0-N4-C21  Del
  O93-Fe0-N4-C26  Del
  O93-Fe0-O93-Fe0  Del
  O93-Fe0-O93-C91  Del
  O93-Fe0-N159-Fe0  Del
  O93-Fe0-N159-C157  Del
  O93-Fe0-N159-C160  Del
  O93-C91-C60-C57  Del
  O93-C91-C60-C61  Del
  O93-C91-C60-C88  Del
  O93-C91-C60-C91  Del
  O93-C91-O92-C91  Del
  O93-C91-O93-Fe0  Del
  O93-C91-O93-C91  Del
  C152-C149-N121-C118  Del
  C152-C149-N121-C146  Del
  C152-C149-N121-C149  Del
  C152-C149-H150-C149  Del
  C152-C149-H151-C149  Del
  C152-C149-C152-C149  Del
  C152-C149-C152-C153  Del
  C152-C149-C152-C160  Del
  C152-C153-C152-C149  Del
  C152-C153-C152-C153  Del
  C152-C153-C152-C160  Del
  C152-C153-H154-C153  Del
  C152-C153-C155-C153  Del
  C152-C153-C155-H156  Del
  C152-C153-C155-C157  Del
  C152-C160-C152-C149  Del
  C152-C160-C152-C153  Del
  C152-C160-C152-C160  Del
  C152-C160-N159-Fe0  Del
  C152-C160-N159-C157  Del
  C152-C160-N159-C160  Del
  C152-C160-H161-C160  Del
  C153-C152-C149-N121  Del
  C153-C152-C149-H150  Del
  C153-C152-C149-H151  Del
  C153-C152-C149-C152  Del
  C153-C152-C153-C152  Del
  C153-C152-C153-H154  Del
  C153-C152-C153-C155  Del
  C153-C152-C160-C152  Del
  C153-C152-C160-N159  Del
  C153-C152-C160-H161  Del
  C153-H154-C153-C152  Del
  C153-H154-C153-H154  Del
  C153-H154-C153-C155  Del
  C153-C155-C153-C152  Del
  C153-C155-C153-H154  Del
  C153-C155-C153-C155  Del
  C153-C155-H156-C155  Del
  C153-C155-C157-C155  Del
  C153-C155-C157-H158  Del
  C153-C155-C157-N159  Del
  C155-C153-C152-C149  Del
  C155-C153-C152-C153  Del
  C155-C153-C152-C160  Del
  C155-C153-H154-C153  Del
  C155-C153-C155-C153  Del
  C155-C153-C155-H156  Del
  C155-C153-C155-C157  Del
  C155-H156-C155-C153  Del
  C155-H156-C155-H156  Del
  C155-H156-C155-C157  Del
  C155-C157-C155-C153  Del
  C155-C157-C155-H156  Del
  C155-C157-C155-C157  Del
  C155-C157-H158-C157  Del
  C155-C157-N159-Fe0  Del
  C155-C157-N159-C157  Del
  C155-C157-N159-C160  Del
  C157-C155-C153-C152  Del
  C157-C155-C153-H154  Del
  C157-C155-C153-C155  Del
  C157-C155-H156-C155  Del
  C157-C155-C157-C155  Del
  C157-C155-C157-H158  Del
  C157-C155-C157-N159  Del
  C157-H158-C157-C155  Del
  C157-H158-C157-H158  Del
  C157-H158-C157-N159  Del
  C157-N159-Fe0-N1  Del
  C157-N159-Fe0-N2  Del
  C157-N159-Fe0-N3  Del
  C157-N159-Fe0-N4  Del
  C157-N159-Fe0-O93  Del
  C157-N159-Fe0-N159  Del
  C157-N159-C157-C155  Del
  C157-N159-C157-H158  Del
  C157-N159-C157-N159  Del
  C157-N159-C160-C152  Del
  C157-N159-C160-N159  Del
  C157-N159-C160-H161  Del
  N159-Fe0-N1-Fe0  Del
  N159-Fe0-N1-C5  Del
  N159-Fe0-N1-C28  Del
  N159-Fe0-N2-Fe0  Del
  N159-Fe0-N2-C7  Del
  N159-Fe0-N2-C12  Del
  N159-Fe0-N3-Fe0  Del
  N159-Fe0-N3-C14  Del
  N159-Fe0-N3-C19  Del
  N159-Fe0-N4-Fe0  Del
  N159-Fe0-N4-C21  Del
  N159-Fe0-N4-C26  Del
  N159-Fe0-O93-Fe0  Del
  N159-Fe0-O93-C91  Del
  N159-Fe0-N159-Fe0  Del
  N159-Fe0-N159-C157  Del
  N159-Fe0-N159-C160  Del
  N159-C157-C155-C153  Del
  N159-C157-C155-H156  Del
  N159-C157-C155-C157  Del
  N159-C157-H158-C157  Del
  N159-C157-N159-Fe0  Del
  N159-C157-N159-C157  Del
  N159-C157-N159-C160  Del
  N159-C160-C152-C149  Del
  N159-C160-C152-C153  Del
  N159-C160-C152-C160  Del
  N159-C160-N159-Fe0  Del
  N159-C160-N159-C157  Del
  N159-C160-N159-C160  Del
  N159-C160-H161-C160  Del
  C160-C152-C149-N121  Del
  C160-C152-C149-H150  Del
  C160-C152-C149-H151  Del
  C160-C152-C149-C152  Del
  C160-C152-C153-C152  Del
  C160-C152-C153-H154  Del
  C160-C152-C153-C155  Del
  C160-C152-C160-C152  Del
  C160-C152-C160-N159  Del
  C160-C152-C160-H161  Del
  C160-N159-Fe0-N1  Del
  C160-N159-Fe0-N2  Del
  C160-N159-Fe0-N3  Del
  C160-N159-Fe0-N4  Del
  C160-N159-Fe0-O93  Del
  C160-N159-Fe0-N159  Del
  C160-N159-C157-C155  Del
  C160-N159-C157-H158  Del
  C160-N159-C157-N159  Del
  C160-N159-C160-C152  Del
  C160-N159-C160-N159  Del
  C160-N159-C160-H161  Del
  C160-H161-C160-C152  Del
  C160-H161-C160-N159  Del
  C160-H161-C160-H161  Del
Step 08 - 2 atom links
  0 new atoms found
  Write stp08.xyz
Step 09 - H atoms
  12 new atoms found
    9   H   31.082700   -0.650400   16.243400
   11   H   32.998400   -0.373600   17.785100
   16   H   35.454600    3.810300   20.016300
   18   H   35.398800    6.245100   19.667300
   23   H   32.879200    9.475300   16.271300
   25   H   31.153800    9.176400   14.534700
   30   H   28.147000    5.093600   12.853900
   32   H   28.073400    2.672100   13.344200
  154   H   27.682700    4.544300   20.870700
  156   H   29.192400    2.773100   20.658700
  158   H   30.773200    2.865400   18.969200
  161   H   29.359900    6.253900   17.639500
  Write stp09.xyz
Step 10 - only MM atoms
  118 new atoms found
   33   C   29.412100    0.577500   14.461500
   34   C   28.588000   -0.318200   15.126800
   35   H   28.410900   -0.206600   16.052900
   36   C   28.022200   -1.388800   14.421300
   37   H   27.469500   -2.012800   14.873100
   38   C   28.267000   -1.538600   13.080800
   39   H   27.862800   -2.254600   12.605500
   40   C   29.078700   -0.674200   12.426500
   41   H   29.245700   -0.791100   11.498500
   42   C   29.672200    0.386300   13.105900
   43   N   30.560800    1.274900   12.440000
   44   H   31.331400    1.432700   12.838900
   45   C   30.356800    1.899900   11.268100
   46   O   29.395400    1.642800   10.563200
   47   C   31.332400    2.977900   10.898900
   48   C   31.421200    3.355900    9.565100
   49   H   30.902600    2.905000    8.909700
   50   C   32.257800    4.382100    9.190000
   51   H   32.308300    4.636600    8.275900
   52   C   33.011900    5.038700   10.118400
   53   H   33.592200    5.735300    9.836900
   54   C   32.949200    4.713900   11.458400
   55   C   32.091300    3.679800   11.842100
   56   H   32.024100    3.450000   12.761800
   57   C   33.738300    5.524300   12.462400
   58   H   33.094900    5.990200   13.053000
   59   H   34.241700    6.218700   11.969500
   60   C   34.730700    4.752100   13.352600
   61   C   35.739300    3.968500   12.434200
   62   O   35.993800    2.729600   12.780400
   63   O   36.251600    4.533300   11.509200
   64   C   34.579200    1.385300   19.118700
   65   C   34.073800    0.571300   20.133700
   66   H   33.155700    0.610900   20.367500
   67   C   34.927100   -0.296700   20.795700
   68   H   34.589400   -0.861400   21.480900
   69   C   36.262200   -0.350300   20.472400
   70   H   36.837500   -0.940500   20.947800
   71   C   36.763100    0.415300   19.493800
   72   H   37.684900    0.360400   19.275400
   73   C   35.928100    1.300900   18.790900
   74   N   36.417000    2.110000   17.727100
   75   H   35.893600    2.179800   17.022900
   76   C   37.604800    2.795100   17.667400
   77   O   38.506500    2.589400   18.470300
   78   C   37.732900    3.770300   16.571300
   79   C   39.006900    4.128500   16.162500
   80   H   39.765600    3.753200   16.596800
   81   C   39.184000    5.024200   15.127900
   82   H   40.057400    5.278200   14.860200
   83   C   38.083300    5.552400   14.479300
   84   H   38.215300    6.139600   13.744600
   85   C   36.773000    5.241300   14.882500
   86   C   36.630400    4.368500   15.958900
   87   H   35.761600    4.175100   16.284100
   88   C   35.572300    5.802100   14.142200
   89   H   35.891000    6.491200   13.506900
   90   H   34.980100    6.249500   14.798100
   91   C   33.970000    3.879300   14.377800
   92   O   34.269700    2.687900   14.559800
   94   C   29.616600    7.352600   13.145100
   95   C   30.104800    6.998400   11.897800
   96   H   30.709700    6.271400   11.823900
   97   C   29.723500    7.684400   10.755400
   98   H   30.065200    7.431700    9.905400
   99   C   28.838700    8.747500   10.866800
  100   H   28.575800    9.229200   10.093800
  101   C   28.349500    9.096500   12.087300
  102   H   27.741000    9.822500   12.158000
  103   C   28.727800    8.406000   13.227300
  104   N   28.133000    8.721600   14.478400
  105   H   28.007400    8.060100   15.042200
  106   C   27.734900    9.968400   14.883800
  107   O   28.011500   10.974800   14.244600
  108   C   26.933600   10.016700   16.144900
  109   C   27.316000    9.367600   17.318300
  110   H   28.086100    8.811700   17.329100
  111   C   26.553000    9.538600   18.485300
  112   C   25.409900   10.299300   18.446800
  113   H   24.873800   10.376200   19.226200
  114   C   25.040700   10.943200   17.309800
  115   H   24.257200   11.479300   17.309800
  116   C   25.795400   10.831500   16.140700
  117   H   25.543700   11.299100   15.354800
  118   C   27.026500    9.067400   19.847200
  119   H   27.428900    9.835700   20.324700
  120   H   26.238900    8.767700   20.367500
  121   N   28.002600    7.980600   19.810800
  122   C   34.597700    8.223200   17.971200
  123   C   35.871500    8.041200   17.405900
  124   H   36.033100    7.273500   16.873000
  125   C   36.893000    8.943900   17.601800
  126   H   37.748400    8.794100   17.215600
  127   C   36.663700   10.070800   18.365400
  128   H   37.362700   10.701400   18.500300
  129   C   35.428200   10.287500   18.934300
  130   H   35.271900   11.070600   19.448900
  131   C   34.401100    9.353100   18.751700
  132   N   33.162900    9.475300   19.429400
  133   H   32.645700    8.763300   19.410300
  134   C   32.667100   10.555500   20.109000
  135   O   33.166400   11.667400   20.051900
  136   C   31.480300   10.249200   20.964500
  137   C   30.523500    9.296000   20.643100
  138   H   30.582900    8.855600   19.802200
  139   C   29.485200    8.957600   21.498000
  140   C   29.373600    9.676600   22.695000
  141   H   28.662100    9.484100   23.294500
  142   C   30.288000   10.666300   23.018300
  143   H   30.182000   11.167300   23.819200
  144   C   31.361300   10.927300   22.174300
  145   H   32.013900   11.571600   22.423100
  146   C   28.558300    7.767000   21.137500
  147   H   29.075700    6.921900   21.153300
  148   H   27.827300    7.695400   21.802100
  149   C   27.333800    6.737700   19.323200
  150   H   26.949400    6.895500   18.423200
  151   H   26.591600    6.495600   19.934900
  Write stp10.xyz
Combined output:
  QM atoms: 44
  MM atoms: 118
Testing Fe-0
Testing triad Fe0-O93-C91
Testing N-1
Testing N-2
Testing N-3
Testing N-4
Testing C-5
Testing triad C5-C6-C33
  ind1: 67, ind2 60
  C-5 Double C-6   Single C-33
  C5-C6-C33   -2
Testing C-6
Testing triad C6-C33-C34
Testing triad C6-C33-C42
Testing C-7
Testing triad C7-C6-C33
  ind1: 77, ind2 60
  C-7 Single C-6   Single C-33
Testing C-8
Testing H-9
Testing C-10
Testing H-11
Testing C-12
Testing triad C12-C13-C64
  ind1: 112, ind2 130
  C-12 Double C-13   Single C-64
  C12-C13-C64  -2
Testing C-13
Testing triad C13-C64-C65
Testing triad C13-C64-C73
Testing C-14
Testing triad C14-C13-C64
  ind1: 129, ind2 130
  C-14 Single C-13   Single C-64
Testing C-15
Testing H-16
Testing C-17
Testing H-18
Testing C-19
Testing triad C19-C20-C122
  ind1: 118, ind2 117
  C-19 Double C-20   Single C-122
  C19-C20-C122  -2
Testing C-20
Testing triad C20-C122-C123
Testing triad C20-C122-C131
Testing C-21
Testing triad C21-C20-C122
  ind1: 99, ind2 117
  C-21 Single C-20   Single C-122
Testing C-22
Testing H-23
Testing C-24
Testing H-25
Testing C-26
Testing triad C26-C27-C94
  ind1: 53, ind2 39
  C-26 Double C-27   Single C-94
  C26-C27-C94  -2
Testing C-27
Testing triad C27-C94-C95
Testing triad C27-C94-C103
Testing C-28
Testing triad C28-C27-C94
  ind1: 52, ind2 39
  C-28 Single C-27   Single C-94
Testing C-29
Testing H-30
Testing C-31
Testing H-32
Testing O-93
Testing triad O93-C91-C60
Testing triad O93-C91-O92
  ind1: 56, ind2 55
  O-93 Single C-91   Double O-92
  O93-C91-O92   2
Testing C-152
Testing triad C152-C149-N121
Testing C-153
Testing triad C153-C152-C149
Testing H-154
Testing C-155
Testing H-156
Testing C-157
Testing H-158
Testing N-159
Testing C-160
Testing triad C160-C152-C149
Testing H-161
Testing Fe-0
Testing N-1
Testing N-2
Testing N-3
Testing N-4
Testing C-5
Testing C-6
Testing triad C6-C33-C34
Testing triad C6-C33-C42
Testing C-7
Testing C-8
Testing H-9
Testing C-10
Testing H-11
Testing C-12
Testing C-13
Testing triad C13-C64-C65
Testing triad C13-C64-C73
Testing C-14
Testing C-15
Testing H-16
Testing C-17
Testing H-18
Testing C-19
Testing C-20
Testing triad C20-C122-C123
Testing triad C20-C122-C131
Testing C-21
Testing C-22
Testing H-23
Testing C-24
Testing H-25
Testing C-26
Testing C-27
Testing triad C27-C94-C95
Testing triad C27-C94-C103
Testing C-28
Testing C-29
Testing H-30
Testing C-31
Testing H-32
Testing C-33
Testing triad C33-C34-C36
Testing triad C33-C42-C40
Testing triad C33-C42-N43
Testing C-64
Testing triad C64-C65-C67
Testing triad C64-C73-C71
Testing triad C64-C73-N74
Testing C-91
Testing triad C91-C60-C57
Testing triad C91-C60-C61
Testing triad C91-C60-C88
Testing O-92
Testing triad O92-C91-C60
Testing O-93
Testing triad O93-C91-C60
Testing C-94
Testing triad C94-C95-C97
Testing triad C94-C103-C101
Testing triad C94-C103-N104
Testing C-122
Testing triad C122-C123-C125
Testing triad C122-C131-C129
Testing triad C122-C131-N132
Testing C-152
Testing triad C152-C149-N121
Testing C-153
Testing triad C153-C152-C149
Testing H-154
Testing C-155
Testing H-156
Testing C-157
Testing H-158
Testing N-159
Testing C-160
Testing triad C160-C152-C149
Testing H-161
Step 10 - conjugated chains
  6 new atoms found
   33   C   29.412100    0.577500   14.461500
   64   C   34.579200    1.385300   19.118700
   91   C   33.970000    3.879300   14.377800
   92   O   34.269700    2.687900   14.559800
   94   C   29.616600    7.352600   13.145100
  122   C   34.597700    8.223200   17.971200
  Write stp10.xyz
