Base directory  : /tmp/tlankau
Res directory   : /tmp/tlankau/Results
max reads       :   25000 (about 1.5 mio CCDC entries)
max hits        : 1500000

Directory for results does NOT exist -> Create
      1  ABAXIK        84  C35 H41 B1 Fe1 I1 N3 O2  
      2  ACAHUJ        89  C33 H33 Cl2 Fe1 N9 O11  
      3  ACAHUJ02      89  C33 H33 Cl2 Fe1 N9 O11  
      4  ACOMAG       138  C65 H47 Cl2 Fe1 N9 O14  
      5  ACORUG        78  C26 H38 Cl1 Fe1 N4 O8  
      6  ACOSAN        84  C28 H42 Cl1 Fe1 N4 O8  
      7  ACOSAN01      84  C28 H42 Cl1 Fe1 N4 O8  
      8  ACUMUH       208  C76 H86 B3 Cl12 F12 Fe1 N9 O9  
      9  ADEJOK       155  C58 H82 F6 Fe1 N6 O1 P1 1+  
     10  ADEQIL        87  C30 H34 F12 Fe1 N8 P2  
     11  ADEQOR        99  C34 H44 F12 Fe1 N6 P2  
     12  ADIGAV       122  C51 H60 Cl2 Fe1 N4 O4  
     13  ADUHEP        87  C34 H44 Fe1 N5 O1 S2  
     14  ADUHIT        83  C32 H44 Br2 Fe1 N3 O1  
     15  AFANIF01      76  C26 H28 B2 F8 Fe1 N10 O1  
     16  AFANIF02      76  C26 H28 B2 F8 Fe1 N10 O1  
     17  AFANIF03      76  C26 H28 B2 F8 Fe1 N10 O1  
     18  AFANIF04      76  C26 H28 B2 F8 Fe1 N10 O1  
     19  AFANIF05      76  C26 H28 B2 F8 Fe1 N10 O1  
     20  AFOLUG01      83  C33 H40 Cl2 Fe1 I1 N4 O2  
     21  AFOMAN        83  C33 H39 Cl3 Fe1 I1 N4 O2  
     22  AFOMAN02      83  C33 H39 Cl3 Fe1 I1 N4 O2  
     23  AFOMOB        88  C35 H44 Fe1 I1 N4 O3  
     24  AGASUX        75  (C32 H28 Cl4 Fe1 N4 O4)n  
     25  AGEDEV       101  C38 H55 B1 Cl1 Fe1 N1 P4  
     26  AGESOV       113  C38 H68 Fe1 N6  
     27  AGUYUW       127  C53 H34 Cl8 Fe1 N12 O19  
     28  AGUYUY        85  C27 H48 Fe1 N3 S6  
     29  AGUZAD       109  C47 H22 Cl8 Fe1 N12 O19  
     30  AHAREG        81  C32 H34 Br4 Cl2 Fe1 N3 O5  
     31  AHARIK        80  C32 H31 Br4 Cl2 Fe1 N4 O6  
     32  AHINOX        81  C24 H34 F12 Fe1 N8 P2  
     33  AJAXEP       101  C42 H36 Fe1 N10 O2 S10  
     34  AJEFIG       113  C46 H54 Fe1 N2 O4 P2 S4  
     35  AJEFOM       118  C48 H54 Fe1 O6 P3 S6  
     36  AJURII        95  C39 H45 Cl3 Fe1 Ga1 N2 O3 P1  
     37  AJUROO       149  C53 H82 Cl6 Fe1 Ga2 O3 P2  
     38  AKEQEM        91  C32 H40 B2 Fe1 N16  
     39  AKIHUA       141  C47 H70 F6 Fe1 N6 O7 S4  
     40  AKIWIC       142  C66 H58 Fe1 N7 O10  
     41  AKUSIL        96  C34 H36 F12 Fe1 N10 O1 P2  
     42  ALAREM       124  C55 H58 B2 Fe1 N6 Si2  
     43  ALIKUC       102  C36 H43 Cl1 Fe1 N13 O8 1+  
     44  ALILAJ       107  C36 H43 B2 F8 Fe1 N13 O4  
     45  ALILEN        87  C28 H34 Cl2 Fe1 N14 O8  
     46  ALOGUD       175  C99 H69 Fe1 N6  
     47  ALUBOB       111  C48 H41 B2 F8 Fe1 N7 O4  
     48  ALUCES       111  C47 H42 Cl2 Fe1 N6 O13  

Summary of the search
     25000 CCDC entries checked
     25000 organometallic entries
       643 skipped entries - no 3D struc
      4372 skipped entries - disorder
      4364 skipped entries - too small
      3937 skipped entries - no target TM ion
        46 skipped entries - 2nd transition metal
        81 skipped entries - wrong coordination
