Base directory  : /tmp/tlankau
Res directory   : /tmp/tlankau/Results
max reads       :   10000 (about 1.5 mio CCDC entries)
max hits        : 1500000

Directory for results does NOT exist -> Create
      1  ABAXIK        84  C35 H41 B1 Fe1 I1 N3 O2  
      2  ACAHUJ        89  C33 H33 Cl2 Fe1 N9 O11  
      3  ACAHUJ02      89  C33 H33 Cl2 Fe1 N9 O11  
      4  ACOMAG       138  C65 H47 Cl2 Fe1 N9 O14  
      5  ACORUG        78  C26 H38 Cl1 Fe1 N4 O8  
      6  ACOSAN        84  C28 H42 Cl1 Fe1 N4 O8  
      7  ACOSAN01      84  C28 H42 Cl1 Fe1 N4 O8  
      8  ACUMUH       208  C76 H86 B3 Cl12 F12 Fe1 N9 O9  
      9  ADEJOK       155  C58 H82 F6 Fe1 N6 O1 P1 1+  
     10  ADEQIL        87  C30 H34 F12 Fe1 N8 P2  
     11  ADEQOR        99  C34 H44 F12 Fe1 N6 P2  
     12  ADIGAV       122  C51 H60 Cl2 Fe1 N4 O4  
     13  ADUHEP        87  C34 H44 Fe1 N5 O1 S2  
     14  ADUHIT        83  C32 H44 Br2 Fe1 N3 O1  
     15  AFANIF01      76  C26 H28 B2 F8 Fe1 N10 O1  
     16  AFANIF02      76  C26 H28 B2 F8 Fe1 N10 O1  
     17  AFANIF03      76  C26 H28 B2 F8 Fe1 N10 O1  
     18  AFANIF04      76  C26 H28 B2 F8 Fe1 N10 O1  
     19  AFANIF05      76  C26 H28 B2 F8 Fe1 N10 O1  

Summary of the search
     10000 CCDC entries checked
     10000 organometallic entries
       274 skipped entries - no 3D struc
      1661 skipped entries - disorder
      1792 skipped entries - too small
      1482 skipped entries - no target TM ion
        11 skipped entries - 2nd transition metal
        28 skipped entries - wrong coordination
