Runnig query01.py on hp-teslaa01
  name base: query01
  startdir : /dicos_ui_home/tlankau/QMMM/Query01
  workdir  : /tmp/tlankau
  homedir  : /dicos_ui_home/tlankau/QMMM/Query01/QRes-134085
  pid      : 134085
  slurm out: slurm-134085.out

/tmp/tlankau NOT found -> create
Copy query01.py to /tmp/tlankau

20-09-2024 16:32:19 Job starts
QStandardPaths: XDG_RUNTIME_DIR points to non-existing path '/run/user/21209', please create it with 0700 permissions.
Base directory  : /tmp/tlankau
Res directory   : /tmp/tlankau/Results
max reads       : 5000
max hits        : 2

Directory for results does NOT exist -> Create
      1  ABAXIK        84  C35 H41 B1 Fe1 I1 N3 O2  
      2  ACAHUJ        89  C33 H33 Cl2 Fe1 N9 O11  

Summary of the search
      3141 CCDC entries checked
      3141 organometallic entries
        98 skipped entries - no 3D struc
       540 skipped entries - disorder
       643 skipped entries - too small
       469 skipped entries - no target TM ion
         3 skipped entries - 2nd transition metal
         5 skipped entries - wrong coordination
20-09-2024 16:32:50 Job ends

Move Results from /tmp/tlankau to /dicos_ui_home/tlankau/QMMM/Query01/QRes-134085
/tmp/tlankau NOT found -> create new
