Summarize command line parameter
  VerboseFlag = 2
  Input File  = ../TestStructures/pmo_pyr.mol2
Clean up old files
ext   .mol2
path  ../TestStructures/
base  pmo_pyr
Read input file ../TestStructures/pmo_pyr.mol2
  mol2 input file (preferred)
  read ../TestStructures/pmo_pyr.mol2 directly
  standarize bonds
Search for functional groups
  Found 1 C#N group(s) in the molecule.
     0  C-147   N-146 
  Found 2 ccccccC#N group(s) in the molecule.
     0  C-149   C-150   C-151   C-152   C-153   C-148   C-147   N-146 
     1  C-153   C-152   C-151   C-150   C-149   C-148   C-147   N-146 
  Found 2 cCl group(s) in the molecule.
     0  C-9     CL-1  
     1  C-81    CL-74 
  No N#N group(s) found.
  Found 1 [Fe][N] group(s) in the molecule.
     0  FE-0    N-146 
  No [Fe][O] group(s) found.
  6 functional group(s) found.
Start the actual QM/MM partioning process
Step 01 - metal center
  1 new atoms found
    0  Fe    9.170100    8.375100   14.021700
  Write stp01.xyz
Step 02 - direct neighbours
  6 new atoms found
    3   N   10.600200    8.466700   15.446500
    4   N   10.774400    8.418200   12.788000
    5   C    9.170100   10.188600   14.021700
   76   N    7.740100    8.466700   12.596900
   77   N    7.565900    8.418200   15.255500
  146   N    9.170100    6.417900   14.021700
  Write stp02.xyz
Step 03 - Distant neighbour search
  <= 3.0 A and <= 80% of the VdW radius
  Fe0-N2  2.8361  2.8400  Passed
  Fe0-C12  2.9337  2.9600  Passed
  Fe0-C18  2.9838  2.9600  too long
  Fe0-C20  2.9414  2.9600  Passed
  Fe0-C26  2.9803  2.9600  too long
  Fe0-N75  2.8361  2.8400  Passed
  Fe0-C84  2.9336  2.9600  Passed
  Fe0-C90  2.9837  2.9600  too long
  Fe0-C92  2.9414  2.9600  Passed
  Fe0-C98  2.9804  2.9600  too long
Step 03 - distance based neighbours
  6 new atoms found
    2   N   10.253600   10.995900   14.053100
   12   C   11.554000    9.433300   15.364800
   20   C   11.720500    9.378100   12.953300
   75   N    8.086600   10.995900   13.990300
   84   C    6.786300    9.433300   12.678600
   92   C    6.619800    9.378100   15.090200
  Write stp03.xyz
Step 04 - rings containing neighbours atoms
    atom  smallest ring
     N-2  3
     N-3  3
     N-4  3
     C-5  5
    C-12  3
    C-20  3
    N-75  3
    N-76  3
    N-77  3
    C-84  3
    C-92  3
   N-146  0
Step 04 - rings containing neighbours atoms
  4 new atoms found
    6   C    9.868700   12.336500   14.049000
   10   C   11.534900   10.297100   14.128500
   78   C    8.471500   12.336500   13.994400
   82   C    6.805300   10.297100   13.915000
  Write stp04.xyz
Step 05 - central aromatic rings
  20 new atoms found
    7   C   10.599700   13.511100   14.084400
    9   C    9.869900   14.678400   14.057300
   13   C   12.549500    9.564900   16.308600
   15   C   12.612100    8.678900   17.353300
   17   C   11.687800    7.662400   17.435000
   18   C   10.697100    7.604600   16.466600
   21   C   12.876400    9.403400   12.187700
   23   C   13.119300    8.407200   11.267900
   25   C   12.191400    7.396900   11.128200
   26   C   11.026900    7.455800   11.879400
   79   C    7.740500   13.511100   13.959100
   81   C    8.470300   14.678400   13.986200
   85   C    5.790800    9.564900   11.734900
   87   C    5.728100    8.678900   10.690200
   89   C    6.652400    7.662400   10.608500
   90   C    7.643100    7.604600   11.576900
   93   C    5.463800    9.403400   15.855800
   95   C    5.220900    8.407200   16.775600
   97   C    6.148800    7.396900   16.915300
   98   C    7.313300    7.455800   16.164100
  Write stp05.xyz
Step 06 - iterative search for aromatic rings
  0 atoms found in the previous step
  1 iterative search rounds needed
Step 06 - iterative search for aromatic rings
  20 new atoms found
    7   C   10.599700   13.511100   14.084400
    9   C    9.869900   14.678400   14.057300
   13   C   12.549500    9.564900   16.308600
   15   C   12.612100    8.678900   17.353300
   17   C   11.687800    7.662400   17.435000
   18   C   10.697100    7.604600   16.466600
   21   C   12.876400    9.403400   12.187700
   23   C   13.119300    8.407200   11.267900
   25   C   12.191400    7.396900   11.128200
   26   C   11.026900    7.455800   11.879400
   79   C    7.740500   13.511100   13.959100
   81   C    8.470300   14.678400   13.986200
   85   C    5.790800    9.564900   11.734900
   87   C    5.728100    8.678900   10.690200
   89   C    6.652400    7.662400   10.608500
   90   C    7.643100    7.604600   11.576900
   93   C    5.463800    9.403400   15.855800
   95   C    5.220900    8.407200   16.775600
   97   C    6.148800    7.396900   16.915300
   98   C    7.313300    7.455800   16.164100
  Write stp06.xyz
Step 06 - 1 atom links  list of all found links
Step 07 - 1 atom links
  0 new atoms found
  Write stp07.xyz
Step 07 - 2 atom links  list of all found links
  Fe0-N3-Fe0-N3  Del
  Fe0-N3-Fe0-N4  Del
  Fe0-N3-Fe0-C5  Del
  Fe0-N3-Fe0-N76  Del
  Fe0-N3-Fe0-N77  Del
  Fe0-N3-Fe0-N146  Del
  Fe0-N3-C12-N3  Del
  Fe0-N3-C12-C10  Del
  Fe0-N3-C12-C13  Del
  Fe0-N3-C18-N3  Del
  Fe0-N3-C18-C17  Del
  Fe0-N3-C18-H19  Del
  Fe0-N4-Fe0-N3  Del
  Fe0-N4-Fe0-N4  Del
  Fe0-N4-Fe0-C5  Del
  Fe0-N4-Fe0-N76  Del
  Fe0-N4-Fe0-N77  Del
  Fe0-N4-Fe0-N146  Del
  Fe0-N4-C20-N4  Del
  Fe0-N4-C20-C10  Del
  Fe0-N4-C20-C21  Del
  Fe0-N4-C26-N4  Del
  Fe0-N4-C26-C25  Del
  Fe0-N4-C26-H27  Del
  Fe0-C5-Fe0-N3  Del
  Fe0-C5-Fe0-N4  Del
  Fe0-C5-Fe0-C5  Del
  Fe0-C5-Fe0-N76  Del
  Fe0-C5-Fe0-N77  Del
  Fe0-C5-Fe0-N146  Del
  Fe0-C5-N2-C5  Del
  Fe0-C5-N2-C6  Del
  Fe0-C5-N2-C10  Del
  Fe0-C5-N75-C5  Del
  Fe0-C5-N75-C78  Del
  Fe0-C5-N75-C82  Del
  Fe0-N76-Fe0-N3  Del
  Fe0-N76-Fe0-N4  Del
  Fe0-N76-Fe0-C5  Del
  Fe0-N76-Fe0-N76  Del
  Fe0-N76-Fe0-N77  Del
  Fe0-N76-Fe0-N146  Del
  Fe0-N76-C84-N76  Del
  Fe0-N76-C84-C82  Del
  Fe0-N76-C84-C85  Del
  Fe0-N76-C90-N76  Del
  Fe0-N76-C90-C89  Del
  Fe0-N76-C90-H91  Del
  Fe0-N77-Fe0-N3  Del
  Fe0-N77-Fe0-N4  Del
  Fe0-N77-Fe0-C5  Del
  Fe0-N77-Fe0-N76  Del
  Fe0-N77-Fe0-N77  Del
  Fe0-N77-Fe0-N146  Del
  Fe0-N77-C92-N77  Del
  Fe0-N77-C92-C82  Del
  Fe0-N77-C92-C93  Del
  Fe0-N77-C98-N77  Del
  Fe0-N77-C98-C97  Del
  Fe0-N77-C98-H99  Del
  Fe0-N146-Fe0-N3  Del
  Fe0-N146-Fe0-N4  Del
  Fe0-N146-Fe0-C5  Del
  Fe0-N146-Fe0-N76  Del
  Fe0-N146-Fe0-N77  Del
  Fe0-N146-Fe0-N146  Del
  Fe0-N146-C147-N146  Del
  Fe0-N146-C147-C148  Del
  N2-C5-Fe0-N3  Del
  N2-C5-Fe0-N4  Del
  N2-C5-Fe0-C5  Del
  N2-C5-Fe0-N76  Del
  N2-C5-Fe0-N77  Del
  N2-C5-Fe0-N146  Del
  N2-C5-N2-C5  Del
  N2-C5-N2-C6  Del
  N2-C5-N2-C10  Del
  N2-C5-N75-C5  Del
  N2-C5-N75-C78  Del
  N2-C5-N75-C82  Del
  N2-C6-N2-C5  Del
  N2-C6-N2-C6  Del
  N2-C6-N2-C10  Del
  N2-C6-C7-C6  Del
  N2-C6-C7-H8  Del
  N2-C6-C7-C9  Del
  N2-C6-C78-C6  Del
  N2-C6-C78-N75  Del
  N2-C6-C78-C79  Del
  N2-C10-N2-C5  Del
  N2-C10-N2-C6  Del
  N2-C10-N2-C10  Del
  N2-C10-H11-C10  Del
  N2-C10-C12-N3  Del
  N2-C10-C12-C10  Del
  N2-C10-C12-C13  Del
  N2-C10-C20-N4  Del
  N2-C10-C20-C10  Del
  N2-C10-C20-C21  Del
  N3-Fe0-N3-Fe0  Del
  N3-Fe0-N3-C12  Del
  N3-Fe0-N3-C18  Del
  N3-Fe0-N4-Fe0  Del
  N3-Fe0-N4-C20  Del
  N3-Fe0-N4-C26  Del
  N3-Fe0-C5-Fe0  Del
  N3-Fe0-C5-N2  Del
  N3-Fe0-C5-N75  Del
  N3-Fe0-N76-Fe0  Del
  N3-Fe0-N76-C84  Del
  N3-Fe0-N76-C90  Del
  N3-Fe0-N77-Fe0  Del
  N3-Fe0-N77-C92  Del
  N3-Fe0-N77-C98  Del
  N3-Fe0-N146-Fe0  Del
  N3-Fe0-N146-C147  Del
  N3-C12-N3-Fe0  Del
  N3-C12-N3-C12  Del
  N3-C12-N3-C18  Del
  N3-C12-C10-N2  Del
  N3-C12-C10-H11  Del
  N3-C12-C10-C12  Del
  N3-C12-C10-C20  Del
  N3-C12-C13-C12  Del
  N3-C12-C13-H14  Del
  N3-C12-C13-C15  Del
  N3-C18-N3-Fe0  Del
  N3-C18-N3-C12  Del
  N3-C18-N3-C18  Del
  N3-C18-C17-C15  Del
  N3-C18-C17-C18  Del
  N3-C18-C17-C28  Del
  N3-C18-H19-C18  Del
  N4-Fe0-N3-Fe0  Del
  N4-Fe0-N3-C12  Del
  N4-Fe0-N3-C18  Del
  N4-Fe0-N4-Fe0  Del
  N4-Fe0-N4-C20  Del
  N4-Fe0-N4-C26  Del
  N4-Fe0-C5-Fe0  Del
  N4-Fe0-C5-N2  Del
  N4-Fe0-C5-N75  Del
  N4-Fe0-N76-Fe0  Del
  N4-Fe0-N76-C84  Del
  N4-Fe0-N76-C90  Del
  N4-Fe0-N77-Fe0  Del
  N4-Fe0-N77-C92  Del
  N4-Fe0-N77-C98  Del
  N4-Fe0-N146-Fe0  Del
  N4-Fe0-N146-C147  Del
  N4-C20-N4-Fe0  Del
  N4-C20-N4-C20  Del
  N4-C20-N4-C26  Del
  N4-C20-C10-N2  Del
  N4-C20-C10-H11  Del
  N4-C20-C10-C12  Del
  N4-C20-C10-C20  Del
  N4-C20-C21-C20  Del
  N4-C20-C21-H22  Del
  N4-C20-C21-C23  Del
  N4-C26-N4-Fe0  Del
  N4-C26-N4-C20  Del
  N4-C26-N4-C26  Del
  N4-C26-C25-C23  Del
  N4-C26-C25-C26  Del
  N4-C26-C25-C51  Del
  N4-C26-H27-C26  Del
  C5-Fe0-N3-Fe0  Del
  C5-Fe0-N3-C12  Del
  C5-Fe0-N3-C18  Del
  C5-Fe0-N4-Fe0  Del
  C5-Fe0-N4-C20  Del
  C5-Fe0-N4-C26  Del
  C5-Fe0-C5-Fe0  Del
  C5-Fe0-C5-N2  Del
  C5-Fe0-C5-N75  Del
  C5-Fe0-N76-Fe0  Del
  C5-Fe0-N76-C84  Del
  C5-Fe0-N76-C90  Del
  C5-Fe0-N77-Fe0  Del
  C5-Fe0-N77-C92  Del
  C5-Fe0-N77-C98  Del
  C5-Fe0-N146-Fe0  Del
  C5-Fe0-N146-C147  Del
  C5-N2-C5-Fe0  Del
  C5-N2-C5-N2  Del
  C5-N2-C5-N75  Del
  C5-N2-C6-N2  Del
  C5-N2-C6-C7  Del
  C5-N2-C6-C78  Del
  C5-N2-C10-N2  Del
  C5-N2-C10-H11  Del
  C5-N2-C10-C12  Del
  C5-N2-C10-C20  Del
  C5-N75-C5-Fe0  Del
  C5-N75-C5-N2  Del
  C5-N75-C5-N75  Del
  C5-N75-C78-C6  Del
  C5-N75-C78-N75  Del
  C5-N75-C78-C79  Del
  C5-N75-C82-N75  Del
  C5-N75-C82-H83  Del
  C5-N75-C82-C84  Del
  C5-N75-C82-C92  Del
  C6-N2-C5-Fe0  Del
  C6-N2-C5-N2  Del
  C6-N2-C5-N75  Del
  C6-N2-C6-N2  Del
  C6-N2-C6-C7  Del
  C6-N2-C6-C78  Del
  C6-N2-C10-N2  Del
  C6-N2-C10-H11  Del
  C6-N2-C10-C12  Del
  C6-N2-C10-C20  Del
  C6-C7-C6-N2  Del
  C6-C7-C6-C7  Del
  C6-C7-C6-C78  Del
  C6-C7-H8-C7  Del
  C6-C7-C9-Cl1  Del
  C6-C7-C9-C7  Del
  C6-C7-C9-C81  Del
  C6-C78-C6-N2  Del
  C6-C78-C6-C7  Del
  C6-C78-C6-C78  Del
  C6-C78-N75-C5  Del
  C6-C78-N75-C78  Del
  C6-C78-N75-C82  Del
  C6-C78-C79-C78  Del
  C6-C78-C79-H80  Del
  C6-C78-C79-C81  Del
  C7-C6-N2-C5  Del
  C7-C6-N2-C6  Del
  C7-C6-N2-C10  Del
  C7-C6-C7-C6  Del
  C7-C6-C7-H8  Del
  C7-C6-C7-C9  Del
  C7-C6-C78-C6  Del
  C7-C6-C78-N75  Del
  C7-C6-C78-C79  Del
  C7-H8-C7-C6  Del
  C7-H8-C7-H8  Del
  C7-H8-C7-C9  Del
  C7-C9-Cl1-C9  Del
  C7-C9-C7-C6  Del
  C7-C9-C7-H8  Del
  C7-C9-C7-C9  Del
  C7-C9-C81-C9  Del
  C7-C9-C81-Cl74  Del
  C7-C9-C81-C79  Del
  C9-Cl1-C9-Cl1  Del
  C9-Cl1-C9-C7  Del
  C9-Cl1-C9-C81  Del
  C9-C7-C6-N2  Del
  C9-C7-C6-C7  Del
  C9-C7-C6-C78  Del
  C9-C7-H8-C7  Del
  C9-C7-C9-Cl1  Del
  C9-C7-C9-C7  Del
  C9-C7-C9-C81  Del
  C9-C81-C9-Cl1  Del
  C9-C81-C9-C7  Del
  C9-C81-C9-C81  Del
  C9-C81-Cl74-C81  Del
  C9-C81-C79-C78  Del
  C9-C81-C79-H80  Del
  C9-C81-C79-C81  Del
  C10-N2-C5-Fe0  Del
  C10-N2-C5-N2  Del
  C10-N2-C5-N75  Del
  C10-N2-C6-N2  Del
  C10-N2-C6-C7  Del
  C10-N2-C6-C78  Del
  C10-N2-C10-N2  Del
  C10-N2-C10-H11  Del
  C10-N2-C10-C12  Del
  C10-N2-C10-C20  Del
  C10-H11-C10-N2  Del
  C10-H11-C10-H11  Del
  C10-H11-C10-C12  Del
  C10-H11-C10-C20  Del
  C10-C12-N3-Fe0  Del
  C10-C12-N3-C12  Del
  C10-C12-N3-C18  Del
  C10-C12-C10-N2  Del
  C10-C12-C10-H11  Del
  C10-C12-C10-C12  Del
  C10-C12-C10-C20  Del
  C10-C12-C13-C12  Del
  C10-C12-C13-H14  Del
  C10-C12-C13-C15  Del
  C10-C20-N4-Fe0  Del
  C10-C20-N4-C20  Del
  C10-C20-N4-C26  Del
  C10-C20-C10-N2  Del
  C10-C20-C10-H11  Del
  C10-C20-C10-C12  Del
  C10-C20-C10-C20  Del
  C10-C20-C21-C20  Del
  C10-C20-C21-H22  Del
  C10-C20-C21-C23  Del
  C12-N3-Fe0-N3  Del
  C12-N3-Fe0-N4  Del
  C12-N3-Fe0-C5  Del
  C12-N3-Fe0-N76  Del
  C12-N3-Fe0-N77  Del
  C12-N3-Fe0-N146  Del
  C12-N3-C12-N3  Del
  C12-N3-C12-C10  Del
  C12-N3-C12-C13  Del
  C12-N3-C18-N3  Del
  C12-N3-C18-C17  Del
  C12-N3-C18-H19  Del
  C12-C10-N2-C5  Del
  C12-C10-N2-C6  Del
  C12-C10-N2-C10  Del
  C12-C10-H11-C10  Del
  C12-C10-C12-N3  Del
  C12-C10-C12-C10  Del
  C12-C10-C12-C13  Del
  C12-C10-C20-N4  Del
  C12-C10-C20-C10  Del
  C12-C10-C20-C21  Del
  C12-C13-C12-N3  Del
  C12-C13-C12-C10  Del
  C12-C13-C12-C13  Del
  C12-C13-H14-C13  Del
  C12-C13-C15-C13  Del
  C12-C13-C15-H16  Del
  C12-C13-C15-C17  Del
  C13-C12-N3-Fe0  Del
  C13-C12-N3-C12  Del
  C13-C12-N3-C18  Del
  C13-C12-C10-N2  Del
  C13-C12-C10-H11  Del
  C13-C12-C10-C12  Del
  C13-C12-C10-C20  Del
  C13-C12-C13-C12  Del
  C13-C12-C13-H14  Del
  C13-C12-C13-C15  Del
  C13-H14-C13-C12  Del
  C13-H14-C13-H14  Del
  C13-H14-C13-C15  Del
  C13-C15-C13-C12  Del
  C13-C15-C13-H14  Del
  C13-C15-C13-C15  Del
  C13-C15-H16-C15  Del
  C13-C15-C17-C15  Del
  C13-C15-C17-C18  Del
  C13-C15-C17-C28  Del
  C15-C13-C12-N3  Del
  C15-C13-C12-C10  Del
  C15-C13-C12-C13  Del
  C15-C13-H14-C13  Del
  C15-C13-C15-C13  Del
  C15-C13-C15-H16  Del
  C15-C13-C15-C17  Del
  C15-H16-C15-C13  Del
  C15-H16-C15-H16  Del
  C15-H16-C15-C17  Del
  C15-C17-C15-C13  Del
  C15-C17-C15-H16  Del
  C15-C17-C15-C17  Del
  C15-C17-C18-N3  Del
  C15-C17-C18-C17  Del
  C15-C17-C18-H19  Del
  C15-C17-C28-C17  Del
  C15-C17-C28-C29  Del
  C15-C17-C28-C50  Del
  C17-C15-C13-C12  Del
  C17-C15-C13-H14  Del
  C17-C15-C13-C15  Del
  C17-C15-H16-C15  Del
  C17-C15-C17-C15  Del
  C17-C15-C17-C18  Del
  C17-C15-C17-C28  Del
  C17-C18-N3-Fe0  Del
  C17-C18-N3-C12  Del
  C17-C18-N3-C18  Del
  C17-C18-C17-C15  Del
  C17-C18-C17-C18  Del
  C17-C18-C17-C28  Del
  C17-C18-H19-C18  Del
  C17-C28-C17-C15  Del
  C17-C28-C17-C18  Del
  C17-C28-C17-C28  Del
  C17-C28-C29-C28  Del
  C17-C28-C29-C30  Del
  C17-C28-C29-C38  Del
  C17-C28-C50-C28  Del
  C17-C28-C50-C41  Del
  C17-C28-C50-C48  Del
  C18-N3-Fe0-N3  Del
  C18-N3-Fe0-N4  Del
  C18-N3-Fe0-C5  Del
  C18-N3-Fe0-N76  Del
  C18-N3-Fe0-N77  Del
  C18-N3-Fe0-N146  Del
  C18-N3-C12-N3  Del
  C18-N3-C12-C10  Del
  C18-N3-C12-C13  Del
  C18-N3-C18-N3  Del
  C18-N3-C18-C17  Del
  C18-N3-C18-H19  Del
  C18-C17-C15-C13  Del
  C18-C17-C15-H16  Del
  C18-C17-C15-C17  Del
  C18-C17-C18-N3  Del
  C18-C17-C18-C17  Del
  C18-C17-C18-H19  Del
  C18-C17-C28-C17  Del
  C18-C17-C28-C29  Del
  C18-C17-C28-C50  Del
  C18-H19-C18-N3  Del
  C18-H19-C18-C17  Del
  C18-H19-C18-H19  Del
  C20-N4-Fe0-N3  Del
  C20-N4-Fe0-N4  Del
  C20-N4-Fe0-C5  Del
  C20-N4-Fe0-N76  Del
  C20-N4-Fe0-N77  Del
  C20-N4-Fe0-N146  Del
  C20-N4-C20-N4  Del
  C20-N4-C20-C10  Del
  C20-N4-C20-C21  Del
  C20-N4-C26-N4  Del
  C20-N4-C26-C25  Del
  C20-N4-C26-H27  Del
  C20-C10-N2-C5  Del
  C20-C10-N2-C6  Del
  C20-C10-N2-C10  Del
  C20-C10-H11-C10  Del
  C20-C10-C12-N3  Del
  C20-C10-C12-C10  Del
  C20-C10-C12-C13  Del
  C20-C10-C20-N4  Del
  C20-C10-C20-C10  Del
  C20-C10-C20-C21  Del
  C20-C21-C20-N4  Del
  C20-C21-C20-C10  Del
  C20-C21-C20-C21  Del
  C20-C21-H22-C21  Del
  C20-C21-C23-C21  Del
  C20-C21-C23-H24  Del
  C20-C21-C23-C25  Del
  C21-C20-N4-Fe0  Del
  C21-C20-N4-C20  Del
  C21-C20-N4-C26  Del
  C21-C20-C10-N2  Del
  C21-C20-C10-H11  Del
  C21-C20-C10-C12  Del
  C21-C20-C10-C20  Del
  C21-C20-C21-C20  Del
  C21-C20-C21-H22  Del
  C21-C20-C21-C23  Del
  C21-H22-C21-C20  Del
  C21-H22-C21-H22  Del
  C21-H22-C21-C23  Del
  C21-C23-C21-C20  Del
  C21-C23-C21-H22  Del
  C21-C23-C21-C23  Del
  C21-C23-H24-C23  Del
  C21-C23-C25-C23  Del
  C21-C23-C25-C26  Del
  C21-C23-C25-C51  Del
  C23-C21-C20-N4  Del
  C23-C21-C20-C10  Del
  C23-C21-C20-C21  Del
  C23-C21-H22-C21  Del
  C23-C21-C23-C21  Del
  C23-C21-C23-H24  Del
  C23-C21-C23-C25  Del
  C23-H24-C23-C21  Del
  C23-H24-C23-H24  Del
  C23-H24-C23-C25  Del
  C23-C25-C23-C21  Del
  C23-C25-C23-H24  Del
  C23-C25-C23-C25  Del
  C23-C25-C26-N4  Del
  C23-C25-C26-C25  Del
  C23-C25-C26-H27  Del
  C23-C25-C51-C25  Del
  C23-C25-C51-C52  Del
  C23-C25-C51-C73  Del
  C25-C23-C21-C20  Del
  C25-C23-C21-H22  Del
  C25-C23-C21-C23  Del
  C25-C23-H24-C23  Del
  C25-C23-C25-C23  Del
  C25-C23-C25-C26  Del
  C25-C23-C25-C51  Del
  C25-C26-N4-Fe0  Del
  C25-C26-N4-C20  Del
  C25-C26-N4-C26  Del
  C25-C26-C25-C23  Del
  C25-C26-C25-C26  Del
  C25-C26-C25-C51  Del
  C25-C26-H27-C26  Del
  C25-C51-C25-C23  Del
  C25-C51-C25-C26  Del
  C25-C51-C25-C51  Del
  C25-C51-C52-C51  Del
  C25-C51-C52-C53  Del
  C25-C51-C52-C61  Del
  C25-C51-C73-C51  Del
  C25-C51-C73-C64  Del
  C25-C51-C73-C71  Del
  C26-N4-Fe0-N3  Del
  C26-N4-Fe0-N4  Del
  C26-N4-Fe0-C5  Del
  C26-N4-Fe0-N76  Del
  C26-N4-Fe0-N77  Del
  C26-N4-Fe0-N146  Del
  C26-N4-C20-N4  Del
  C26-N4-C20-C10  Del
  C26-N4-C20-C21  Del
  C26-N4-C26-N4  Del
  C26-N4-C26-C25  Del
  C26-N4-C26-H27  Del
  C26-C25-C23-C21  Del
  C26-C25-C23-H24  Del
  C26-C25-C23-C25  Del
  C26-C25-C26-N4  Del
  C26-C25-C26-C25  Del
  C26-C25-C26-H27  Del
  C26-C25-C51-C25  Del
  C26-C25-C51-C52  Del
  C26-C25-C51-C73  Del
  C26-H27-C26-N4  Del
  C26-H27-C26-C25  Del
  C26-H27-C26-H27  Del
  N75-C5-Fe0-N3  Del
  N75-C5-Fe0-N4  Del
  N75-C5-Fe0-C5  Del
  N75-C5-Fe0-N76  Del
  N75-C5-Fe0-N77  Del
  N75-C5-Fe0-N146  Del
  N75-C5-N2-C5  Del
  N75-C5-N2-C6  Del
  N75-C5-N2-C10  Del
  N75-C5-N75-C5  Del
  N75-C5-N75-C78  Del
  N75-C5-N75-C82  Del
  N75-C78-C6-N2  Del
  N75-C78-C6-C7  Del
  N75-C78-C6-C78  Del
  N75-C78-N75-C5  Del
  N75-C78-N75-C78  Del
  N75-C78-N75-C82  Del
  N75-C78-C79-C78  Del
  N75-C78-C79-H80  Del
  N75-C78-C79-C81  Del
  N75-C82-N75-C5  Del
  N75-C82-N75-C78  Del
  N75-C82-N75-C82  Del
  N75-C82-H83-C82  Del
  N75-C82-C84-N76  Del
  N75-C82-C84-C82  Del
  N75-C82-C84-C85  Del
  N75-C82-C92-N77  Del
  N75-C82-C92-C82  Del
  N75-C82-C92-C93  Del
  N76-Fe0-N3-Fe0  Del
  N76-Fe0-N3-C12  Del
  N76-Fe0-N3-C18  Del
  N76-Fe0-N4-Fe0  Del
  N76-Fe0-N4-C20  Del
  N76-Fe0-N4-C26  Del
  N76-Fe0-C5-Fe0  Del
  N76-Fe0-C5-N2  Del
  N76-Fe0-C5-N75  Del
  N76-Fe0-N76-Fe0  Del
  N76-Fe0-N76-C84  Del
  N76-Fe0-N76-C90  Del
  N76-Fe0-N77-Fe0  Del
  N76-Fe0-N77-C92  Del
  N76-Fe0-N77-C98  Del
  N76-Fe0-N146-Fe0  Del
  N76-Fe0-N146-C147  Del
  N76-C84-N76-Fe0  Del
  N76-C84-N76-C84  Del
  N76-C84-N76-C90  Del
  N76-C84-C82-N75  Del
  N76-C84-C82-H83  Del
  N76-C84-C82-C84  Del
  N76-C84-C82-C92  Del
  N76-C84-C85-C84  Del
  N76-C84-C85-H86  Del
  N76-C84-C85-C87  Del
  N76-C90-N76-Fe0  Del
  N76-C90-N76-C84  Del
  N76-C90-N76-C90  Del
  N76-C90-C89-C87  Del
  N76-C90-C89-C90  Del
  N76-C90-C89-C100  Del
  N76-C90-H91-C90  Del
  N77-Fe0-N3-Fe0  Del
  N77-Fe0-N3-C12  Del
  N77-Fe0-N3-C18  Del
  N77-Fe0-N4-Fe0  Del
  N77-Fe0-N4-C20  Del
  N77-Fe0-N4-C26  Del
  N77-Fe0-C5-Fe0  Del
  N77-Fe0-C5-N2  Del
  N77-Fe0-C5-N75  Del
  N77-Fe0-N76-Fe0  Del
  N77-Fe0-N76-C84  Del
  N77-Fe0-N76-C90  Del
  N77-Fe0-N77-Fe0  Del
  N77-Fe0-N77-C92  Del
  N77-Fe0-N77-C98  Del
  N77-Fe0-N146-Fe0  Del
  N77-Fe0-N146-C147  Del
  N77-C92-N77-Fe0  Del
  N77-C92-N77-C92  Del
  N77-C92-N77-C98  Del
  N77-C92-C82-N75  Del
  N77-C92-C82-H83  Del
  N77-C92-C82-C84  Del
  N77-C92-C82-C92  Del
  N77-C92-C93-C92  Del
  N77-C92-C93-H94  Del
  N77-C92-C93-C95  Del
  N77-C98-N77-Fe0  Del
  N77-C98-N77-C92  Del
  N77-C98-N77-C98  Del
  N77-C98-C97-C95  Del
  N77-C98-C97-C98  Del
  N77-C98-C97-C123  Del
  N77-C98-H99-C98  Del
  C78-C6-N2-C5  Del
  C78-C6-N2-C6  Del
  C78-C6-N2-C10  Del
  C78-C6-C7-C6  Del
  C78-C6-C7-H8  Del
  C78-C6-C7-C9  Del
  C78-C6-C78-C6  Del
  C78-C6-C78-N75  Del
  C78-C6-C78-C79  Del
  C78-N75-C5-Fe0  Del
  C78-N75-C5-N2  Del
  C78-N75-C5-N75  Del
  C78-N75-C78-C6  Del
  C78-N75-C78-N75  Del
  C78-N75-C78-C79  Del
  C78-N75-C82-N75  Del
  C78-N75-C82-H83  Del
  C78-N75-C82-C84  Del
  C78-N75-C82-C92  Del
  C78-C79-C78-C6  Del
  C78-C79-C78-N75  Del
  C78-C79-C78-C79  Del
  C78-C79-H80-C79  Del
  C78-C79-C81-C9  Del
  C78-C79-C81-Cl74  Del
  C78-C79-C81-C79  Del
  C79-C78-C6-N2  Del
  C79-C78-C6-C7  Del
  C79-C78-C6-C78  Del
  C79-C78-N75-C5  Del
  C79-C78-N75-C78  Del
  C79-C78-N75-C82  Del
  C79-C78-C79-C78  Del
  C79-C78-C79-H80  Del
  C79-C78-C79-C81  Del
  C79-H80-C79-C78  Del
  C79-H80-C79-H80  Del
  C79-H80-C79-C81  Del
  C79-C81-C9-Cl1  Del
  C79-C81-C9-C7  Del
  C79-C81-C9-C81  Del
  C79-C81-Cl74-C81  Del
  C79-C81-C79-C78  Del
  C79-C81-C79-H80  Del
  C79-C81-C79-C81  Del
  C81-C9-Cl1-C9  Del
  C81-C9-C7-C6  Del
  C81-C9-C7-H8  Del
  C81-C9-C7-C9  Del
  C81-C9-C81-C9  Del
  C81-C9-C81-Cl74  Del
  C81-C9-C81-C79  Del
  C81-Cl74-C81-C9  Del
  C81-Cl74-C81-Cl74  Del
  C81-Cl74-C81-C79  Del
  C81-C79-C78-C6  Del
  C81-C79-C78-N75  Del
  C81-C79-C78-C79  Del
  C81-C79-H80-C79  Del
  C81-C79-C81-C9  Del
  C81-C79-C81-Cl74  Del
  C81-C79-C81-C79  Del
  C82-N75-C5-Fe0  Del
  C82-N75-C5-N2  Del
  C82-N75-C5-N75  Del
  C82-N75-C78-C6  Del
  C82-N75-C78-N75  Del
  C82-N75-C78-C79  Del
  C82-N75-C82-N75  Del
  C82-N75-C82-H83  Del
  C82-N75-C82-C84  Del
  C82-N75-C82-C92  Del
  C82-H83-C82-N75  Del
  C82-H83-C82-H83  Del
  C82-H83-C82-C84  Del
  C82-H83-C82-C92  Del
  C82-C84-N76-Fe0  Del
  C82-C84-N76-C84  Del
  C82-C84-N76-C90  Del
  C82-C84-C82-N75  Del
  C82-C84-C82-H83  Del
  C82-C84-C82-C84  Del
  C82-C84-C82-C92  Del
  C82-C84-C85-C84  Del
  C82-C84-C85-H86  Del
  C82-C84-C85-C87  Del
  C82-C92-N77-Fe0  Del
  C82-C92-N77-C92  Del
  C82-C92-N77-C98  Del
  C82-C92-C82-N75  Del
  C82-C92-C82-H83  Del
  C82-C92-C82-C84  Del
  C82-C92-C82-C92  Del
  C82-C92-C93-C92  Del
  C82-C92-C93-H94  Del
  C82-C92-C93-C95  Del
  C84-N76-Fe0-N3  Del
  C84-N76-Fe0-N4  Del
  C84-N76-Fe0-C5  Del
  C84-N76-Fe0-N76  Del
  C84-N76-Fe0-N77  Del
  C84-N76-Fe0-N146  Del
  C84-N76-C84-N76  Del
  C84-N76-C84-C82  Del
  C84-N76-C84-C85  Del
  C84-N76-C90-N76  Del
  C84-N76-C90-C89  Del
  C84-N76-C90-H91  Del
  C84-C82-N75-C5  Del
  C84-C82-N75-C78  Del
  C84-C82-N75-C82  Del
  C84-C82-H83-C82  Del
  C84-C82-C84-N76  Del
  C84-C82-C84-C82  Del
  C84-C82-C84-C85  Del
  C84-C82-C92-N77  Del
  C84-C82-C92-C82  Del
  C84-C82-C92-C93  Del
  C84-C85-C84-N76  Del
  C84-C85-C84-C82  Del
  C84-C85-C84-C85  Del
  C84-C85-H86-C85  Del
  C84-C85-C87-C85  Del
  C84-C85-C87-H88  Del
  C84-C85-C87-C89  Del
  C85-C84-N76-Fe0  Del
  C85-C84-N76-C84  Del
  C85-C84-N76-C90  Del
  C85-C84-C82-N75  Del
  C85-C84-C82-H83  Del
  C85-C84-C82-C84  Del
  C85-C84-C82-C92  Del
  C85-C84-C85-C84  Del
  C85-C84-C85-H86  Del
  C85-C84-C85-C87  Del
  C85-H86-C85-C84  Del
  C85-H86-C85-H86  Del
  C85-H86-C85-C87  Del
  C85-C87-C85-C84  Del
  C85-C87-C85-H86  Del
  C85-C87-C85-C87  Del
  C85-C87-H88-C87  Del
  C85-C87-C89-C87  Del
  C85-C87-C89-C90  Del
  C85-C87-C89-C100  Del
  C87-C85-C84-N76  Del
  C87-C85-C84-C82  Del
  C87-C85-C84-C85  Del
  C87-C85-H86-C85  Del
  C87-C85-C87-C85  Del
  C87-C85-C87-H88  Del
  C87-C85-C87-C89  Del
  C87-H88-C87-C85  Del
  C87-H88-C87-H88  Del
  C87-H88-C87-C89  Del
  C87-C89-C87-C85  Del
  C87-C89-C87-H88  Del
  C87-C89-C87-C89  Del
  C87-C89-C90-N76  Del
  C87-C89-C90-C89  Del
  C87-C89-C90-H91  Del
  C87-C89-C100-C89  Del
  C87-C89-C100-C101  Del
  C87-C89-C100-C122  Del
  C89-C87-C85-C84  Del
  C89-C87-C85-H86  Del
  C89-C87-C85-C87  Del
  C89-C87-H88-C87  Del
  C89-C87-C89-C87  Del
  C89-C87-C89-C90  Del
  C89-C87-C89-C100  Del
  C89-C90-N76-Fe0  Del
  C89-C90-N76-C84  Del
  C89-C90-N76-C90  Del
  C89-C90-C89-C87  Del
  C89-C90-C89-C90  Del
  C89-C90-C89-C100  Del
  C89-C90-H91-C90  Del
  C89-C100-C89-C87  Del
  C89-C100-C89-C90  Del
  C89-C100-C89-C100  Del
  C89-C100-C101-C100  Del
  C89-C100-C101-C102  Del
  C89-C100-C101-C110  Del
  C89-C100-C122-C100  Del
  C89-C100-C122-C113  Del
  C89-C100-C122-C120  Del
  C90-N76-Fe0-N3  Del
  C90-N76-Fe0-N4  Del
  C90-N76-Fe0-C5  Del
  C90-N76-Fe0-N76  Del
  C90-N76-Fe0-N77  Del
  C90-N76-Fe0-N146  Del
  C90-N76-C84-N76  Del
  C90-N76-C84-C82  Del
  C90-N76-C84-C85  Del
  C90-N76-C90-N76  Del
  C90-N76-C90-C89  Del
  C90-N76-C90-H91  Del
  C90-C89-C87-C85  Del
  C90-C89-C87-H88  Del
  C90-C89-C87-C89  Del
  C90-C89-C90-N76  Del
  C90-C89-C90-C89  Del
  C90-C89-C90-H91  Del
  C90-C89-C100-C89  Del
  C90-C89-C100-C101  Del
  C90-C89-C100-C122  Del
  C90-H91-C90-N76  Del
  C90-H91-C90-C89  Del
  C90-H91-C90-H91  Del
  C92-N77-Fe0-N3  Del
  C92-N77-Fe0-N4  Del
  C92-N77-Fe0-C5  Del
  C92-N77-Fe0-N76  Del
  C92-N77-Fe0-N77  Del
  C92-N77-Fe0-N146  Del
  C92-N77-C92-N77  Del
  C92-N77-C92-C82  Del
  C92-N77-C92-C93  Del
  C92-N77-C98-N77  Del
  C92-N77-C98-C97  Del
  C92-N77-C98-H99  Del
  C92-C82-N75-C5  Del
  C92-C82-N75-C78  Del
  C92-C82-N75-C82  Del
  C92-C82-H83-C82  Del
  C92-C82-C84-N76  Del
  C92-C82-C84-C82  Del
  C92-C82-C84-C85  Del
  C92-C82-C92-N77  Del
  C92-C82-C92-C82  Del
  C92-C82-C92-C93  Del
  C92-C93-C92-N77  Del
  C92-C93-C92-C82  Del
  C92-C93-C92-C93  Del
  C92-C93-H94-C93  Del
  C92-C93-C95-C93  Del
  C92-C93-C95-H96  Del
  C92-C93-C95-C97  Del
  C93-C92-N77-Fe0  Del
  C93-C92-N77-C92  Del
  C93-C92-N77-C98  Del
  C93-C92-C82-N75  Del
  C93-C92-C82-H83  Del
  C93-C92-C82-C84  Del
  C93-C92-C82-C92  Del
  C93-C92-C93-C92  Del
  C93-C92-C93-H94  Del
  C93-C92-C93-C95  Del
  C93-H94-C93-C92  Del
  C93-H94-C93-H94  Del
  C93-H94-C93-C95  Del
  C93-C95-C93-C92  Del
  C93-C95-C93-H94  Del
  C93-C95-C93-C95  Del
  C93-C95-H96-C95  Del
  C93-C95-C97-C95  Del
  C93-C95-C97-C98  Del
  C93-C95-C97-C123  Del
  C95-C93-C92-N77  Del
  C95-C93-C92-C82  Del
  C95-C93-C92-C93  Del
  C95-C93-H94-C93  Del
  C95-C93-C95-C93  Del
  C95-C93-C95-H96  Del
  C95-C93-C95-C97  Del
  C95-H96-C95-C93  Del
  C95-H96-C95-H96  Del
  C95-H96-C95-C97  Del
  C95-C97-C95-C93  Del
  C95-C97-C95-H96  Del
  C95-C97-C95-C97  Del
  C95-C97-C98-N77  Del
  C95-C97-C98-C97  Del
  C95-C97-C98-H99  Del
  C95-C97-C123-C97  Del
  C95-C97-C123-C124  Del
  C95-C97-C123-C145  Del
  C97-C95-C93-C92  Del
  C97-C95-C93-H94  Del
  C97-C95-C93-C95  Del
  C97-C95-H96-C95  Del
  C97-C95-C97-C95  Del
  C97-C95-C97-C98  Del
  C97-C95-C97-C123  Del
  C97-C98-N77-Fe0  Del
  C97-C98-N77-C92  Del
  C97-C98-N77-C98  Del
  C97-C98-C97-C95  Del
  C97-C98-C97-C98  Del
  C97-C98-C97-C123  Del
  C97-C98-H99-C98  Del
  C97-C123-C97-C95  Del
  C97-C123-C97-C98  Del
  C97-C123-C97-C123  Del
  C97-C123-C124-C123  Del
  C97-C123-C124-C125  Del
  C97-C123-C124-C133  Del
  C97-C123-C145-C123  Del
  C97-C123-C145-C136  Del
  C97-C123-C145-C143  Del
  C98-N77-Fe0-N3  Del
  C98-N77-Fe0-N4  Del
  C98-N77-Fe0-C5  Del
  C98-N77-Fe0-N76  Del
  C98-N77-Fe0-N77  Del
  C98-N77-Fe0-N146  Del
  C98-N77-C92-N77  Del
  C98-N77-C92-C82  Del
  C98-N77-C92-C93  Del
  C98-N77-C98-N77  Del
  C98-N77-C98-C97  Del
  C98-N77-C98-H99  Del
  C98-C97-C95-C93  Del
  C98-C97-C95-H96  Del
  C98-C97-C95-C97  Del
  C98-C97-C98-N77  Del
  C98-C97-C98-C97  Del
  C98-C97-C98-H99  Del
  C98-C97-C123-C97  Del
  C98-C97-C123-C124  Del
  C98-C97-C123-C145  Del
  C98-H99-C98-N77  Del
  C98-H99-C98-C97  Del
  C98-H99-C98-H99  Del
  N146-Fe0-N3-Fe0  Del
  N146-Fe0-N3-C12  Del
  N146-Fe0-N3-C18  Del
  N146-Fe0-N4-Fe0  Del
  N146-Fe0-N4-C20  Del
  N146-Fe0-N4-C26  Del
  N146-Fe0-C5-Fe0  Del
  N146-Fe0-C5-N2  Del
  N146-Fe0-C5-N75  Del
  N146-Fe0-N76-Fe0  Del
  N146-Fe0-N76-C84  Del
  N146-Fe0-N76-C90  Del
  N146-Fe0-N77-Fe0  Del
  N146-Fe0-N77-C92  Del
  N146-Fe0-N77-C98  Del
  N146-Fe0-N146-Fe0  Del
  N146-Fe0-N146-C147  Del
  N146-C147-N146-Fe0  Del
  N146-C147-N146-C147  Del
  N146-C147-C148-C147  Del
  N146-C147-C148-C149  Del
  N146-C147-C148-C153  Del
Step 08 - 2 atom links
  0 new atoms found
  Write stp08.xyz
Step 09 - H atoms
  16 new atoms found
    8   H   11.549200   13.511700   14.124600
   11   H   12.283000   10.959800   14.164300
   14   H   13.188500   10.264100   16.235800
   16   H   13.286100    8.766600   18.016600
   19   H   10.049200    6.912600   16.530300
   22   H   13.502500   10.109300   12.298900
   24   H   13.909700    8.416400   10.740300
   27   H   10.371700    6.781100   11.745900
   80   H    6.791100   13.511700   13.918900
   83   H    6.057200   10.959800   13.879200
   86   H    5.151800   10.264100   11.807600
   88   H    5.054100    8.766600   10.026900
   91   H    8.291000    6.912600   11.513200
   94   H    4.837700   10.109300   15.744500
   96   H    4.430500    8.416400   17.303200
   99   H    7.968500    6.781100   16.297600
  Write stp09.xyz
Step 10 - only MM atoms
  106 new atoms found
    1  Cl   10.735000   16.180700   14.109600
   28   C   11.759900    6.617500   18.504900
   29   C   11.586600    6.988900   19.837900
   30   C   11.375100    8.310600   20.254900
   31   H   11.282200    8.992000   19.599700
   32   C   11.294200    8.645900   21.593500
   33   H   11.179900    9.551800   21.856500
   34   C   11.386900    7.631400   22.561900
   35   H   11.335200    7.859700   23.483200
   36   C   11.547700    6.346400   22.214200
   37   H   11.591100    5.683500   22.894800
   38   C   11.650600    5.951800   20.869900
   39   C   11.813700    4.647000   20.475500
   40   H   11.777900    3.970600   21.143100
   41   C   12.024700    4.261000   19.178000
   42   C   12.301000    2.930800   18.804100
   43   H   12.280600    2.253300   19.468200
   44   C   12.589000    2.595500   17.544000
   45   H   12.765200    1.687500   17.324900
   46   C   12.632000    3.581800   16.540000
   47   H   12.852700    3.339600   15.648800
   48   C   12.357000    4.884000   16.844800
   49   H   12.391700    5.534000   16.152700
   50   C   12.025700    5.295500   18.144100
   51   C   12.434400    6.205200   10.241300
   52   C   13.151500    5.131200   10.755600
   53   C   13.698500    5.116300   12.079300
   54   H   13.615800    5.888700   12.626100
   55   C   14.336800    4.021400   12.569100
   56   H   14.690100    4.037500   13.451200
   57   C   14.477700    2.851900   11.780100
   58   H   14.896600    2.081000   12.141100
   59   C   14.009700    2.842300   10.505100
   60   H   14.143300    2.069500    9.969300
   61   C   13.328900    3.951300    9.957300
   62   C   12.786100    3.908100    8.680400
   63   H   12.925400    3.136800    8.144300
   64   C   12.036800    4.969700    8.164400
   65   C   11.400100    4.878100    6.915500
   66   H   11.525400    4.107200    6.374600
   67   C   10.622900    5.870100    6.485500
   68   H   10.168900    5.774700    5.657100
   69   C   10.450800    7.065000    7.227700
   70   H    9.916300    7.768900    6.876400
   71   C   11.056900    7.211500    8.459800
   72   H   10.949200    8.013700    8.956400
   73   C   11.852400    6.140900    8.976900
   74  Cl    7.605200   16.180700   13.933900
  100   C    6.580400    6.617500    9.538500
  101   C    6.753600    6.988900    8.205500
  102   C    6.965100    8.310600    7.788600
  103   H    7.058100    8.992000    8.443700
  104   C    7.046100    8.645900    6.450000
  105   H    7.160300    9.551800    6.186900
  106   C    6.953300    7.631400    5.481600
  107   H    7.005000    7.859700    4.560200
  108   C    6.792500    6.346400    5.829300
  109   H    6.749100    5.683500    5.148600
  110   C    6.689600    5.951800    7.173500
  111   C    6.526500    4.647000    7.568000
  112   H    6.562300    3.970600    6.900300
  113   C    6.315600    4.261000    8.865500
  114   C    6.039200    2.930800    9.239400
  115   H    6.059600    2.253300    8.575300
  116   C    5.751200    2.595500   10.499500
  117   H    5.575000    1.687500   10.718500
  118   C    5.708300    3.581800   11.503400
  119   H    5.487500    3.339600   12.394700
  120   C    5.983200    4.884000   11.198700
  121   H    5.948600    5.534000   11.890700
  122   C    6.314500    5.295500    9.899300
  123   C    5.905800    6.205200   17.802200
  124   C    5.188700    5.131200   17.287900
  125   C    4.641700    5.116300   15.964200
  126   H    4.724400    5.888700   15.417400
  127   C    4.003400    4.021400   15.474400
  128   H    3.650100    4.037500   14.592200
  129   C    3.862500    2.851900   16.263300
  130   H    3.443700    2.081000   15.902300
  131   C    4.330500    2.842300   17.538400
  132   H    4.196900    2.069500   18.074100
  133   C    5.011300    3.951300   18.086200
  134   C    5.554100    3.908100   19.363100
  135   H    5.414800    3.136800   19.899200
  136   C    6.303400    4.969700   19.879100
  137   C    6.940200    4.878100   21.127900
  138   H    6.814800    4.107200   21.668900
  139   C    7.717300    5.870100   21.557900
  140   H    8.171300    5.774700   22.386400
  141   C    7.889400    7.065000   20.815700
  142   H    8.424000    7.768900   21.167100
  143   C    7.283400    7.211500   19.583700
  144   H    7.391000    8.013700   19.087100
  145   C    6.487800    6.140900   19.066600
  147   C    9.170100    5.272700   14.021700
  148   C    8.894800    3.758400   14.074200
  149   C    9.923100    2.853000   13.810700
  150   C    9.673900    1.481500   13.857700
  151   C    8.396300    1.014900   14.169500
  152   C    7.368500    1.920200   14.433400
  153   C    7.617600    3.292000   14.385400
  154   H   10.929700    3.221000   13.564700
  155   H   10.484100    0.767800   13.649400
  156   H    8.200100   -0.066500   14.206500
  157   H    6.361500    1.552700   14.679100
  158   H    6.807200    4.005500   14.593300
  Write stp10.xyz
Combined output:
  QM atoms: 53
  MM atoms: 106
  ind1: 90, ind2 91
  N-146 Triple C-147   Single C-148
N-146 C-147 C-148 -3
