Summarize command line parameter
  VerboseFlag = 1 (default or cmd line)
  Input File  = ../TestStructures/chain04.xyz
Clean up old files
Process input file ../TestStructures/chain04.xyz
  process xyz input file (depreciated)
  ../TestStructures/chain04.mol2 (easier to use file format) found
  process mol2 input file (preferred)
  read input file directly into a CSD object
  standarize bonds
  build supplementary OpenBabel object from mol2 file
  compare the molecular geometries of both objects
    the number of atoms 54 in both objects match
    compare geometries line by line ...
    the geometries of both objects match
Search for functional groups
  Found 1 [CX2]#N group(s) in the molecule.
     0  C-15    N-16  
  Found 2 [CX3](=O)[O] group(s) in the molecule.
     0  C-12    O-9     O-10  
     1  C-17    O-18    O-19  
  No [CX3](=O)[H] group(s) found.
  No [cX3][F,Cl,Br,I] group(s) found.
  No [#6X3](=O)-[#7X3](-H)~[cX3] group(s) found.
  No [#6X3](~O)~[#6X3]~[#6X3](~O) group(s) found.
  No [#6X3](=O)[#7X3](~H) group(s) found.
  No [#7X2]~[#7X2]~[#7X1] group(s) found.
  3 functional group(s) found.
Start the actual QM/MM partioning process
Step 01 - metal center
  1 new atoms found
  Write stp01.xyz
Step 02 - direct neighbours
  2 new atoms found
  Write stp02.xyz
Step 03 - distance based neighbours
  0 new atoms found
  Write stp03.xyz
Step 04 - rings containing neighbours atoms
  0 new atoms found
  Write stp04.xyz
Step 05 - inner aromatic rings
  0 new atoms found
  Write stp05.xyz

Entering search loop
Step 06 - conjugated chains
  0 new atoms found
  Write stp06.xyz
Step 07 - iterative search for aromatic rings
  0 new atoms found
  Write stp07.xyz
Step 08 - iterative search for aromatic rings
  0 new atoms found
  Write stp08.xyz
Round 1:  no new atoms
Leaving search loop

Step 09 - 1 atom links
  0 new atoms found
  Write stp09.xyz
Step 10 - 2 atom links
  0 new atoms found
  Write stp10.xyz
Step 11 - H atoms
  0 new atoms found
  Write stp11.xyz
Step 12 - only MM atoms
  51 new atoms found
  Write stp12.xyz
Combined output:
  QM atoms: 3
  MM atoms: 51
